[0.265s] Invoking command in '/home/odyssey/Desktop/final-project/crazyflie_mapping_demo/ros2_ws/build/crazyflie': AMENT_PREFIX_PATH=/home/odyssey/Desktop/final-project/crazyflie_mapping_demo/ros2_ws/install/crazyflie_interfaces:${AMENT_PREFIX_PATH} CMAKE_PREFIX_PATH=/home/odyssey/Desktop/final-project/crazyflie_mapping_demo/ros2_ws/install/crazyflie_interfaces:/opt/ros/humble LD_LIBRARY_PATH=/home/odyssey/Desktop/final-project/crazyflie_mapping_demo/ros2_ws/install/crazyflie_interfaces/lib:${LD_LIBRARY_PATH} PYTHONPATH=/home/odyssey/Desktop/final-project/crazyflie_mapping_demo/ros2_ws/install/crazyflie_interfaces/local/lib/python3.10/dist-packages:${PYTHONPATH} /usr/bin/cmake /home/odyssey/Desktop/final-project/crazyflie_mapping_demo/ros2_ws/src/crazyswarm2/crazyflie -DBUILD_TESTING=ON -DCMAKE_INSTALL_PREFIX=/home/odyssey/Desktop/final-project/crazyflie_mapping_demo/ros2_ws/install/crazyflie
[0.336s] -- The C compiler identification is GNU 11.4.0
[0.401s] -- The CXX compiler identification is GNU 11.4.0
[0.409s] -- Detecting C compiler ABI info
[0.495s] -- Detecting C compiler ABI info - done
[0.506s] -- Check for working C compiler: /usr/bin/cc - skipped
[0.506s] -- Detecting C compile features
[0.506s] -- Detecting C compile features - done
[0.508s] -- Detecting CXX compiler ABI info
[0.618s] -- Detecting CXX compiler ABI info - done
[0.638s] -- Check for working CXX compiler: /usr/bin/c++ - skipped
[0.638s] -- Detecting CXX compile features
[0.638s] -- Detecting CXX compile features - done
[0.639s] -- Found ament_cmake: 1.3.12 (/opt/ros/humble/share/ament_cmake/cmake)
[0.838s] -- Found Python3: /usr/bin/python3 (found version "3.10.12") found components: Interpreter 
[0.935s] -- Found rclcpp: 16.0.17 (/opt/ros/humble/share/rclcpp/cmake)
[0.980s] -- Found rosidl_generator_c: 3.1.8 (/opt/ros/humble/share/rosidl_generator_c/cmake)
[0.986s] -- Found rosidl_adapter: 3.1.8 (/opt/ros/humble/share/rosidl_adapter/cmake)
[0.997s] -- Found rosidl_generator_cpp: 3.1.8 (/opt/ros/humble/share/rosidl_generator_cpp/cmake)
[1.010s] -- Using all available rosidl_typesupport_c: rosidl_typesupport_fastrtps_c;rosidl_typesupport_introspection_c
[1.026s] -- Using all available rosidl_typesupport_cpp: rosidl_typesupport_fastrtps_cpp;rosidl_typesupport_introspection_cpp
[1.101s] -- Found rmw_implementation_cmake: 6.1.2 (/opt/ros/humble/share/rmw_implementation_cmake/cmake)
[1.104s] -- Found rmw_fastrtps_cpp: 6.2.9 (/opt/ros/humble/share/rmw_fastrtps_cpp/cmake)
[1.276s] -- Found OpenSSL: /usr/lib/x86_64-linux-gnu/libcrypto.so (found version "3.0.2")  
[1.311s] -- Found FastRTPS: /opt/ros/humble/include  
[1.350s] -- Using RMW implementation 'rmw_fastrtps_cpp' as default
[1.383s] -- Looking for pthread.h
[1.479s] -- Looking for pthread.h - found
[1.481s] -- Performing Test CMAKE_HAVE_LIBC_PTHREAD
[1.569s] -- Performing Test CMAKE_HAVE_LIBC_PTHREAD - Success
[1.571s] -- Found Threads: TRUE  
[1.656s] -- Found tf2_ros: 0.25.18 (/opt/ros/humble/share/tf2_ros/cmake)
[1.824s] -- Found rclpy: 3.3.19 (/opt/ros/humble/share/rclpy/cmake)
[1.824s] -- Found std_srvs: 4.9.0 (/opt/ros/humble/share/std_srvs/cmake)
[1.843s] -- Found nav_msgs: 4.9.0 (/opt/ros/humble/share/nav_msgs/cmake)
[1.864s] -- Found sensor_msgs: 4.9.0 (/opt/ros/humble/share/sensor_msgs/cmake)
[1.891s] -- Found crazyflie_interfaces: 1.0.3 (/home/odyssey/Desktop/final-project/crazyflie_mapping_demo/ros2_ws/install/crazyflie_interfaces/share/crazyflie_interfaces/cmake)
[1.910s] -- Found motion_capture_tracking_interfaces: 1.0.6 (/opt/ros/humble/share/motion_capture_tracking_interfaces/cmake)
[1.948s] -- Found ros_environment: 3.2.2 (/opt/ros/humble/share/ros_environment/cmake)
[1.965s] -- Found Boost: /usr/lib/x86_64-linux-gnu/cmake/Boost-1.74.0/BoostConfig.cmake (found version "1.74.0") found components: program_options 
[1.971s] -- Found libusb: /usr/lib/x86_64-linux-gnu/libusb-1.0.so  
[2.057s] -- Configuring done
[2.115s] -- Generating done
[2.129s] -- Build files have been written to: /home/odyssey/Desktop/final-project/crazyflie_mapping_demo/ros2_ws/build/crazyflie
[2.146s] Invoked command in '/home/odyssey/Desktop/final-project/crazyflie_mapping_demo/ros2_ws/build/crazyflie' returned '0': AMENT_PREFIX_PATH=/home/odyssey/Desktop/final-project/crazyflie_mapping_demo/ros2_ws/install/crazyflie_interfaces:${AMENT_PREFIX_PATH} CMAKE_PREFIX_PATH=/home/odyssey/Desktop/final-project/crazyflie_mapping_demo/ros2_ws/install/crazyflie_interfaces:/opt/ros/humble LD_LIBRARY_PATH=/home/odyssey/Desktop/final-project/crazyflie_mapping_demo/ros2_ws/install/crazyflie_interfaces/lib:${LD_LIBRARY_PATH} PYTHONPATH=/home/odyssey/Desktop/final-project/crazyflie_mapping_demo/ros2_ws/install/crazyflie_interfaces/local/lib/python3.10/dist-packages:${PYTHONPATH} /usr/bin/cmake /home/odyssey/Desktop/final-project/crazyflie_mapping_demo/ros2_ws/src/crazyswarm2/crazyflie -DBUILD_TESTING=ON -DCMAKE_INSTALL_PREFIX=/home/odyssey/Desktop/final-project/crazyflie_mapping_demo/ros2_ws/install/crazyflie
[2.150s] Invoking command in '/home/odyssey/Desktop/final-project/crazyflie_mapping_demo/ros2_ws/build/crazyflie': AMENT_PREFIX_PATH=/home/odyssey/Desktop/final-project/crazyflie_mapping_demo/ros2_ws/install/crazyflie_interfaces:${AMENT_PREFIX_PATH} CMAKE_PREFIX_PATH=/home/odyssey/Desktop/final-project/crazyflie_mapping_demo/ros2_ws/install/crazyflie_interfaces:/opt/ros/humble LD_LIBRARY_PATH=/home/odyssey/Desktop/final-project/crazyflie_mapping_demo/ros2_ws/install/crazyflie_interfaces/lib:${LD_LIBRARY_PATH} PYTHONPATH=/home/odyssey/Desktop/final-project/crazyflie_mapping_demo/ros2_ws/install/crazyflie_interfaces/local/lib/python3.10/dist-packages:${PYTHONPATH} /usr/bin/cmake --build /home/odyssey/Desktop/final-project/crazyflie_mapping_demo/ros2_ws/build/crazyflie -- -j2 -l2
[2.232s] [  2%] [32mBuilding CXX object CMakeFiles/teleop.dir/src/teleop.cpp.o[0m
[2.255s] [  5%] [32mBuilding CXX object deps/crazyflie_tools/crazyflie_cpp/crazyflie-link-cpp/CMakeFiles/crazyflieLinkCpp.dir/src/USBManager.cpp.o[0m
[4.019s] [  7%] [32mBuilding CXX object deps/crazyflie_tools/crazyflie_cpp/crazyflie-link-cpp/CMakeFiles/crazyflieLinkCpp.dir/src/Connection.cpp.o[0m
[8.757s] [ 10%] [32mBuilding CXX object deps/crazyflie_tools/crazyflie_cpp/crazyflie-link-cpp/CMakeFiles/crazyflieLinkCpp.dir/src/USBDevice.cpp.o[0m
[8.984s] [ 12%] [32mBuilding CXX object deps/crazyflie_tools/crazyflie_cpp/crazyflie-link-cpp/CMakeFiles/crazyflieLinkCpp.dir/src/Crazyradio.cpp.o[0m
[9.303s] [ 15%] [32mBuilding CXX object deps/crazyflie_tools/crazyflie_cpp/crazyflie-link-cpp/CMakeFiles/crazyflieLinkCpp.dir/src/CrazyradioThread.cpp.o[0m
[10.108s] [ 17%] [32mBuilding CXX object deps/crazyflie_tools/crazyflie_cpp/crazyflie-link-cpp/CMakeFiles/crazyflieLinkCpp.dir/src/CrazyflieUSB.cpp.o[0m
[10.385s] [ 20%] [32mBuilding CXX object deps/crazyflie_tools/crazyflie_cpp/crazyflie-link-cpp/CMakeFiles/crazyflieLinkCpp.dir/src/CrazyflieUSBThread.cpp.o[0m
[11.014s] [ 22%] [32mBuilding CXX object deps/crazyflie_tools/crazyflie_cpp/crazyflie-link-cpp/CMakeFiles/crazyflieLinkCpp.dir/src/Version.cpp.o[0m
[11.044s] [ 25%] [32m[1mLinking CXX static library libcrazyflieLinkCpp.a[0m
[11.151s] [ 25%] Built target crazyflieLinkCpp
[11.181s] [ 27%] [32mBuilding CXX object deps/crazyflie_tools/crazyflie_cpp/CMakeFiles/crazyflie_cpp.dir/src/Crazyflie.cpp.o[0m
[14.107s] [ 30%] [32mBuilding CXX object deps/crazyflie_tools/crazyflie_cpp/CMakeFiles/crazyflie_cpp.dir/src/crtp.cpp.o[0m
[14.504s] [ 32%] [32m[1mLinking CXX static library libcrazyflie_cpp.a[0m
[14.588s] [ 32%] Built target crazyflie_cpp
[14.620s] [ 35%] [32mBuilding CXX object CMakeFiles/crazyflie_server.dir/src/crazyflie_server.cpp.o[0m
[22.914s] [ 37%] [32m[1mLinking CXX executable teleop[0m
[23.904s] [ 37%] Built target teleop
[23.929s] [ 40%] [32mBuilding CXX object deps/crazyflie_tools/CMakeFiles/scan.dir/src/scan.cpp.o[0m
[25.782s] [ 42%] [32m[1mLinking CXX executable scan[0m
[26.037s] [ 42%] Built target scan
[26.062s] [ 45%] [32mBuilding CXX object deps/crazyflie_tools/CMakeFiles/listParams.dir/src/listParams.cpp.o[0m
[27.625s] [ 47%] [32m[1mLinking CXX executable listParams[0m
[27.871s] [ 47%] Built target listParams
[27.895s] [ 50%] [32mBuilding CXX object deps/crazyflie_tools/CMakeFiles/listLogVariables.dir/src/listLogVariables.cpp.o[0m
[29.388s] [ 52%] [32m[1mLinking CXX executable listLogVariables[0m
[29.640s] [ 52%] Built target listLogVariables
[29.666s] [ 55%] [32mBuilding CXX object deps/crazyflie_tools/CMakeFiles/listMemories.dir/src/listMemories.cpp.o[0m
[31.690s] [ 57%] [32m[1mLinking CXX executable listMemories[0m
[32.019s] [ 57%] Built target listMemories
[32.045s] [ 60%] [32mBuilding CXX object deps/crazyflie_tools/CMakeFiles/reboot.dir/src/reboot.cpp.o[0m
[34.096s] [ 62%] [32m[1mLinking CXX executable reboot[0m
[34.392s] [ 62%] Built target reboot
[34.418s] [ 65%] [32mBuilding CXX object deps/crazyflie_tools/CMakeFiles/battery.dir/src/battery.cpp.o[0m
[36.375s] [ 67%] [32m[1mLinking CXX executable battery[0m
[36.720s] [ 67%] Built target battery
[36.747s] [ 70%] [32mBuilding CXX object deps/crazyflie_tools/CMakeFiles/version.dir/src/version.cpp.o[0m
[38.344s] [ 72%] [32m[1mLinking CXX executable version[0m
[38.605s] [ 72%] Built target version
[38.630s] [ 75%] [32mBuilding CXX object deps/crazyflie_tools/CMakeFiles/console.dir/src/console.cpp.o[0m
[40.178s] [ 77%] [32m[1mLinking CXX executable console[0m
[40.434s] [ 77%] Built target console
[40.464s] [ 80%] [32mBuilding CXX object deps/crazyflie_tools/CMakeFiles/comCheck.dir/src/comCheck.cpp.o[0m
[42.198s] [ 82%] [32m[1mLinking CXX executable comCheck[0m
[42.454s] [ 82%] Built target comCheck
[42.483s] [ 85%] [32mBuilding CXX object deps/crazyflie_tools/CMakeFiles/log.dir/src/log.cpp.o[0m
[44.510s] [ 87%] [32m[1mLinking CXX executable log[0m
[44.788s] [ 87%] Built target log
[44.811s] [ 90%] [32mBuilding CXX object deps/crazyflie_tools/CMakeFiles/downloadUSDLogfile.dir/src/downloadUSDLogfile.cpp.o[0m
[46.372s] [ 92%] [32m[1mLinking CXX executable downloadUSDLogfile[0m
[46.615s] [ 92%] Built target downloadUSDLogfile
[46.639s] [ 95%] [32mBuilding CXX object deps/crazyflie_tools/CMakeFiles/setParam.dir/src/setParam.cpp.o[0m
[48.701s] [ 97%] [32m[1mLinking CXX executable setParam[0m
[48.964s] [ 97%] Built target setParam
[53.683s] [100%] [32m[1mLinking CXX executable crazyflie_server[0m
[57.458s] [100%] Built target crazyflie_server
[57.479s] Invoked command in '/home/odyssey/Desktop/final-project/crazyflie_mapping_demo/ros2_ws/build/crazyflie' returned '0': AMENT_PREFIX_PATH=/home/odyssey/Desktop/final-project/crazyflie_mapping_demo/ros2_ws/install/crazyflie_interfaces:${AMENT_PREFIX_PATH} CMAKE_PREFIX_PATH=/home/odyssey/Desktop/final-project/crazyflie_mapping_demo/ros2_ws/install/crazyflie_interfaces:/opt/ros/humble LD_LIBRARY_PATH=/home/odyssey/Desktop/final-project/crazyflie_mapping_demo/ros2_ws/install/crazyflie_interfaces/lib:${LD_LIBRARY_PATH} PYTHONPATH=/home/odyssey/Desktop/final-project/crazyflie_mapping_demo/ros2_ws/install/crazyflie_interfaces/local/lib/python3.10/dist-packages:${PYTHONPATH} /usr/bin/cmake --build /home/odyssey/Desktop/final-project/crazyflie_mapping_demo/ros2_ws/build/crazyflie -- -j2 -l2
[57.482s] Invoking command in '/home/odyssey/Desktop/final-project/crazyflie_mapping_demo/ros2_ws/build/crazyflie': AMENT_PREFIX_PATH=/home/odyssey/Desktop/final-project/crazyflie_mapping_demo/ros2_ws/install/crazyflie_interfaces:${AMENT_PREFIX_PATH} CMAKE_PREFIX_PATH=/home/odyssey/Desktop/final-project/crazyflie_mapping_demo/ros2_ws/install/crazyflie_interfaces:/opt/ros/humble LD_LIBRARY_PATH=/home/odyssey/Desktop/final-project/crazyflie_mapping_demo/ros2_ws/install/crazyflie_interfaces/lib:${LD_LIBRARY_PATH} PYTHONPATH=/home/odyssey/Desktop/final-project/crazyflie_mapping_demo/ros2_ws/install/crazyflie_interfaces/local/lib/python3.10/dist-packages:${PYTHONPATH} /usr/bin/cmake --install /home/odyssey/Desktop/final-project/crazyflie_mapping_demo/ros2_ws/build/crazyflie
[57.491s] -- Install configuration: ""
[57.492s] -- Installing: /home/odyssey/Desktop/final-project/crazyflie_mapping_demo/ros2_ws/install/crazyflie/lib/crazyflie/comCheck
[57.494s] -- Installing: /home/odyssey/Desktop/final-project/crazyflie_mapping_demo/ros2_ws/install/crazyflie/lib/crazyflie/scan
[57.495s] -- Installing: /home/odyssey/Desktop/final-project/crazyflie_mapping_demo/ros2_ws/install/crazyflie/lib/crazyflie/listParams
[57.497s] -- Installing: /home/odyssey/Desktop/final-project/crazyflie_mapping_demo/ros2_ws/install/crazyflie/lib/crazyflie/listLogVariables
[57.499s] -- Installing: /home/odyssey/Desktop/final-project/crazyflie_mapping_demo/ros2_ws/install/crazyflie/lib/crazyflie/listMemories
[57.501s] -- Installing: /home/odyssey/Desktop/final-project/crazyflie_mapping_demo/ros2_ws/install/crazyflie/lib/crazyflie/reboot
[57.503s] -- Installing: /home/odyssey/Desktop/final-project/crazyflie_mapping_demo/ros2_ws/install/crazyflie/lib/crazyflie/battery
[57.505s] -- Installing: /home/odyssey/Desktop/final-project/crazyflie_mapping_demo/ros2_ws/install/crazyflie/lib/crazyflie/version
[57.506s] -- Installing: /home/odyssey/Desktop/final-project/crazyflie_mapping_demo/ros2_ws/install/crazyflie/lib/crazyflie/console
[57.508s] -- Installing: /home/odyssey/Desktop/final-project/crazyflie_mapping_demo/ros2_ws/install/crazyflie/lib/crazyflie/log
[57.510s] -- Installing: /home/odyssey/Desktop/final-project/crazyflie_mapping_demo/ros2_ws/install/crazyflie/lib/crazyflie/setParam
[57.512s] -- Installing: /home/odyssey/Desktop/final-project/crazyflie_mapping_demo/ros2_ws/install/crazyflie/lib/crazyflie/downloadUSDLogfile
[57.514s] -- Installing: /home/odyssey/Desktop/final-project/crazyflie_mapping_demo/ros2_ws/install/crazyflie/lib/crazyflie/teleop
[57.521s] -- Set runtime path of "/home/odyssey/Desktop/final-project/crazyflie_mapping_demo/ros2_ws/install/crazyflie/lib/crazyflie/teleop" to ""
[57.521s] -- Installing: /home/odyssey/Desktop/final-project/crazyflie_mapping_demo/ros2_ws/install/crazyflie/lib/crazyflie/crazyflie_server
[57.542s] -- Set runtime path of "/home/odyssey/Desktop/final-project/crazyflie_mapping_demo/ros2_ws/install/crazyflie/lib/crazyflie/crazyflie_server" to ""
[57.542s] -- Installing: /home/odyssey/Desktop/final-project/crazyflie_mapping_demo/ros2_ws/install/crazyflie/lib/crazyflie/crazyflie_server.py
[57.543s] -- Installing: /home/odyssey/Desktop/final-project/crazyflie_mapping_demo/ros2_ws/install/crazyflie/lib/crazyflie/chooser.py
[57.544s] -- Installing: /home/odyssey/Desktop/final-project/crazyflie_mapping_demo/ros2_ws/install/crazyflie/lib/crazyflie/vel_mux.py
[57.544s] -- Installing: /home/odyssey/Desktop/final-project/crazyflie_mapping_demo/ros2_ws/install/crazyflie/lib/crazyflie/cfmult.py
[57.544s] -- Installing: /home/odyssey/Desktop/final-project/crazyflie_mapping_demo/ros2_ws/install/crazyflie/lib/crazyflie/simple_mapper_multiranger.py
[57.545s] -- Installing: /home/odyssey/Desktop/final-project/crazyflie_mapping_demo/ros2_ws/install/crazyflie/lib/crazyflie/aideck_streamer.py
[57.545s] -- Installing: /home/odyssey/Desktop/final-project/crazyflie_mapping_demo/ros2_ws/install/crazyflie/lib/crazyflie/gui.py
[57.546s] -- Installing: /home/odyssey/Desktop/final-project/crazyflie_mapping_demo/ros2_ws/install/crazyflie/lib/crazyflie/flash.py
[57.546s] -- Installing: /home/odyssey/Desktop/final-project/crazyflie_mapping_demo/ros2_ws/install/crazyflie/share/crazyflie//launch
[57.546s] -- Installing: /home/odyssey/Desktop/final-project/crazyflie_mapping_demo/ros2_ws/install/crazyflie/share/crazyflie//launch/launch.py
[57.547s] -- Installing: /home/odyssey/Desktop/final-project/crazyflie_mapping_demo/ros2_ws/install/crazyflie/share/crazyflie//launch/teleop_launch.py
[57.547s] -- Installing: /home/odyssey/Desktop/final-project/crazyflie_mapping_demo/ros2_ws/install/crazyflie/share/crazyflie//launch/launch_teleop2.py
[57.547s] -- Installing: /home/odyssey/Desktop/final-project/crazyflie_mapping_demo/ros2_ws/install/crazyflie/share/crazyflie//config
[57.547s] -- Installing: /home/odyssey/Desktop/final-project/crazyflie_mapping_demo/ros2_ws/install/crazyflie/share/crazyflie//config/motion_capture.yaml
[57.548s] -- Installing: /home/odyssey/Desktop/final-project/crazyflie_mapping_demo/ros2_ws/install/crazyflie/share/crazyflie//config/aideck_streamer.yaml
[57.548s] -- Installing: /home/odyssey/Desktop/final-project/crazyflie_mapping_demo/ros2_ws/install/crazyflie/share/crazyflie//config/config.rviz
[57.549s] -- Installing: /home/odyssey/Desktop/final-project/crazyflie_mapping_demo/ros2_ws/install/crazyflie/share/crazyflie//config/server.yaml
[57.549s] -- Installing: /home/odyssey/Desktop/final-project/crazyflie_mapping_demo/ros2_ws/install/crazyflie/share/crazyflie//config/crazyflies.yaml
[57.550s] -- Installing: /home/odyssey/Desktop/final-project/crazyflie_mapping_demo/ros2_ws/install/crazyflie/share/crazyflie//config/teleop.yaml
[57.550s] -- Installing: /home/odyssey/Desktop/final-project/crazyflie_mapping_demo/ros2_ws/install/crazyflie/share/crazyflie//urdf
[57.550s] -- Installing: /home/odyssey/Desktop/final-project/crazyflie_mapping_demo/ros2_ws/install/crazyflie/share/crazyflie//urdf/cf2_assembly_with_props.dae
[57.551s] -- Installing: /home/odyssey/Desktop/final-project/crazyflie_mapping_demo/ros2_ws/install/crazyflie/share/crazyflie//urdf/cf2_assembly.stl
[57.552s] -- Installing: /home/odyssey/Desktop/final-project/crazyflie_mapping_demo/ros2_ws/install/crazyflie/share/crazyflie//urdf/crazyflie_description.urdf
[57.553s] -- Installing: /home/odyssey/Desktop/final-project/crazyflie_mapping_demo/ros2_ws/install/crazyflie/share/ament_index/resource_index/package_run_dependencies/crazyflie
[57.553s] -- Installing: /home/odyssey/Desktop/final-project/crazyflie_mapping_demo/ros2_ws/install/crazyflie/share/ament_index/resource_index/parent_prefix_path/crazyflie
[57.553s] -- Installing: /home/odyssey/Desktop/final-project/crazyflie_mapping_demo/ros2_ws/install/crazyflie/share/crazyflie/environment/ament_prefix_path.sh
[57.553s] -- Installing: /home/odyssey/Desktop/final-project/crazyflie_mapping_demo/ros2_ws/install/crazyflie/share/crazyflie/environment/ament_prefix_path.dsv
[57.554s] -- Installing: /home/odyssey/Desktop/final-project/crazyflie_mapping_demo/ros2_ws/install/crazyflie/share/crazyflie/environment/path.sh
[57.554s] -- Installing: /home/odyssey/Desktop/final-project/crazyflie_mapping_demo/ros2_ws/install/crazyflie/share/crazyflie/environment/path.dsv
[57.554s] -- Installing: /home/odyssey/Desktop/final-project/crazyflie_mapping_demo/ros2_ws/install/crazyflie/share/crazyflie/local_setup.bash
[57.554s] -- Installing: /home/odyssey/Desktop/final-project/crazyflie_mapping_demo/ros2_ws/install/crazyflie/share/crazyflie/local_setup.sh
[57.554s] -- Installing: /home/odyssey/Desktop/final-project/crazyflie_mapping_demo/ros2_ws/install/crazyflie/share/crazyflie/local_setup.zsh
[57.554s] -- Installing: /home/odyssey/Desktop/final-project/crazyflie_mapping_demo/ros2_ws/install/crazyflie/share/crazyflie/local_setup.dsv
[57.555s] -- Installing: /home/odyssey/Desktop/final-project/crazyflie_mapping_demo/ros2_ws/install/crazyflie/share/crazyflie/package.dsv
[57.555s] -- Installing: /home/odyssey/Desktop/final-project/crazyflie_mapping_demo/ros2_ws/install/crazyflie/share/ament_index/resource_index/packages/crazyflie
[57.555s] -- Installing: /home/odyssey/Desktop/final-project/crazyflie_mapping_demo/ros2_ws/install/crazyflie/share/crazyflie/cmake/crazyflieConfig.cmake
[57.555s] -- Installing: /home/odyssey/Desktop/final-project/crazyflie_mapping_demo/ros2_ws/install/crazyflie/share/crazyflie/cmake/crazyflieConfig-version.cmake
[57.556s] -- Installing: /home/odyssey/Desktop/final-project/crazyflie_mapping_demo/ros2_ws/install/crazyflie/share/crazyflie/package.xml
[57.559s] Invoked command in '/home/odyssey/Desktop/final-project/crazyflie_mapping_demo/ros2_ws/build/crazyflie' returned '0': AMENT_PREFIX_PATH=/home/odyssey/Desktop/final-project/crazyflie_mapping_demo/ros2_ws/install/crazyflie_interfaces:${AMENT_PREFIX_PATH} CMAKE_PREFIX_PATH=/home/odyssey/Desktop/final-project/crazyflie_mapping_demo/ros2_ws/install/crazyflie_interfaces:/opt/ros/humble LD_LIBRARY_PATH=/home/odyssey/Desktop/final-project/crazyflie_mapping_demo/ros2_ws/install/crazyflie_interfaces/lib:${LD_LIBRARY_PATH} PYTHONPATH=/home/odyssey/Desktop/final-project/crazyflie_mapping_demo/ros2_ws/install/crazyflie_interfaces/local/lib/python3.10/dist-packages:${PYTHONPATH} /usr/bin/cmake --install /home/odyssey/Desktop/final-project/crazyflie_mapping_demo/ros2_ws/build/crazyflie
