[0.029s] Invoking command in '/home/odyssey/Desktop/final-project/crazyflie_mapping_demo/ros2_ws/build/crazyflie_examples': AMENT_PREFIX_PATH=/home/odyssey/Desktop/final-project/crazyflie_mapping_demo/ros2_ws/install/crazyflie_py:/home/odyssey/Desktop/final-project/crazyflie_mapping_demo/ros2_ws/install/crazyflie_interfaces:${AMENT_PREFIX_PATH} CMAKE_PREFIX_PATH=/home/odyssey/Desktop/final-project/crazyflie_mapping_demo/ros2_ws/install/crazyflie_interfaces:/opt/ros/humble LD_LIBRARY_PATH=/home/odyssey/Desktop/final-project/crazyflie_mapping_demo/ros2_ws/install/crazyflie_interfaces/lib:${LD_LIBRARY_PATH} PYTHONPATH=/home/odyssey/Desktop/final-project/crazyflie_mapping_demo/ros2_ws/install/crazyflie_py/lib/python3.10/site-packages:/home/odyssey/Desktop/final-project/crazyflie_mapping_demo/ros2_ws/install/crazyflie_interfaces/local/lib/python3.10/dist-packages:${PYTHONPATH} /usr/bin/cmake /home/odyssey/Desktop/final-project/crazyflie_mapping_demo/ros2_ws/src/crazyswarm2/crazyflie_examples -DBUILD_TESTING=ON -DCMAKE_INSTALL_PREFIX=/home/odyssey/Desktop/final-project/crazyflie_mapping_demo/ros2_ws/install/crazyflie_examples
[0.144s] -- The C compiler identification is GNU 11.4.0
[0.277s] -- The CXX compiler identification is GNU 11.4.0
[0.290s] -- Detecting C compiler ABI info
[0.465s] -- Detecting C compiler ABI info - done
[0.478s] -- Check for working C compiler: /usr/bin/cc - skipped
[0.480s] -- Detecting C compile features
[0.481s] -- Detecting C compile features - done
[0.487s] -- Detecting CXX compiler ABI info
[0.649s] -- Detecting CXX compiler ABI info - done
[0.656s] -- Check for working CXX compiler: /usr/bin/c++ - skipped
[0.656s] -- Detecting CXX compile features
[0.656s] -- Detecting CXX compile features - done
[0.660s] -- Found ament_cmake: 1.3.12 (/opt/ros/humble/share/ament_cmake/cmake)
[0.959s] -- Found Python3: /usr/bin/python3 (found version "3.10.12") found components: Interpreter 
[1.347s] -- Found ament_cmake_pytest: 1.3.12 (/opt/ros/humble/share/ament_cmake_pytest/cmake)
[2.848s] -- Configuring done
[2.856s] -- Generating done
[2.856s] -- Build files have been written to: /home/odyssey/Desktop/final-project/crazyflie_mapping_demo/ros2_ws/build/crazyflie_examples
[2.864s] Invoked command in '/home/odyssey/Desktop/final-project/crazyflie_mapping_demo/ros2_ws/build/crazyflie_examples' returned '0': AMENT_PREFIX_PATH=/home/odyssey/Desktop/final-project/crazyflie_mapping_demo/ros2_ws/install/crazyflie_py:/home/odyssey/Desktop/final-project/crazyflie_mapping_demo/ros2_ws/install/crazyflie_interfaces:${AMENT_PREFIX_PATH} CMAKE_PREFIX_PATH=/home/odyssey/Desktop/final-project/crazyflie_mapping_demo/ros2_ws/install/crazyflie_interfaces:/opt/ros/humble LD_LIBRARY_PATH=/home/odyssey/Desktop/final-project/crazyflie_mapping_demo/ros2_ws/install/crazyflie_interfaces/lib:${LD_LIBRARY_PATH} PYTHONPATH=/home/odyssey/Desktop/final-project/crazyflie_mapping_demo/ros2_ws/install/crazyflie_py/lib/python3.10/site-packages:/home/odyssey/Desktop/final-project/crazyflie_mapping_demo/ros2_ws/install/crazyflie_interfaces/local/lib/python3.10/dist-packages:${PYTHONPATH} /usr/bin/cmake /home/odyssey/Desktop/final-project/crazyflie_mapping_demo/ros2_ws/src/crazyswarm2/crazyflie_examples -DBUILD_TESTING=ON -DCMAKE_INSTALL_PREFIX=/home/odyssey/Desktop/final-project/crazyflie_mapping_demo/ros2_ws/install/crazyflie_examples
[2.870s] Invoking command in '/home/odyssey/Desktop/final-project/crazyflie_mapping_demo/ros2_ws/build/crazyflie_examples': AMENT_PREFIX_PATH=/home/odyssey/Desktop/final-project/crazyflie_mapping_demo/ros2_ws/install/crazyflie_py:/home/odyssey/Desktop/final-project/crazyflie_mapping_demo/ros2_ws/install/crazyflie_interfaces:${AMENT_PREFIX_PATH} CMAKE_PREFIX_PATH=/home/odyssey/Desktop/final-project/crazyflie_mapping_demo/ros2_ws/install/crazyflie_interfaces:/opt/ros/humble LD_LIBRARY_PATH=/home/odyssey/Desktop/final-project/crazyflie_mapping_demo/ros2_ws/install/crazyflie_interfaces/lib:${LD_LIBRARY_PATH} PYTHONPATH=/home/odyssey/Desktop/final-project/crazyflie_mapping_demo/ros2_ws/install/crazyflie_py/lib/python3.10/site-packages:/home/odyssey/Desktop/final-project/crazyflie_mapping_demo/ros2_ws/install/crazyflie_interfaces/local/lib/python3.10/dist-packages:${PYTHONPATH} /usr/bin/cmake --build /home/odyssey/Desktop/final-project/crazyflie_mapping_demo/ros2_ws/build/crazyflie_examples -- -j2 -l2
[2.991s] Built target ament_cmake_python_copy_crazyflie_examples_setup
[3.036s] Built target ament_cmake_python_copy_crazyflie_examples
[3.561s] running install_scripts
[3.564s] running egg_info
[3.564s] creating crazyflie_examples.egg-info
[3.565s] writing crazyflie_examples.egg-info/PKG-INFO
[3.568s] writing dependency_links to crazyflie_examples.egg-info/dependency_links.txt
[3.568s] writing entry points to crazyflie_examples.egg-info/entry_points.txt
[3.568s] writing top-level names to crazyflie_examples.egg-info/top_level.txt
[3.568s] /usr/lib/python3/dist-packages/setuptools/command/install.py:34: SetuptoolsDeprecationWarning: setup.py install is deprecated. Use build and pip and other standards-based tools.
[3.568s]   warnings.warn(
[3.572s] writing manifest file 'crazyflie_examples.egg-info/SOURCES.txt'
[3.574s] reading manifest file 'crazyflie_examples.egg-info/SOURCES.txt'
[3.574s] writing manifest file 'crazyflie_examples.egg-info/SOURCES.txt'
[3.626s] running egg_info
[3.630s] writing crazyflie_examples.egg-info/PKG-INFO
[3.630s] writing dependency_links to crazyflie_examples.egg-info/dependency_links.txt
[3.631s] writing entry points to crazyflie_examples.egg-info/entry_points.txt
[3.634s] writing top-level names to crazyflie_examples.egg-info/top_level.txt
[3.639s] reading manifest file 'crazyflie_examples.egg-info/SOURCES.txt'
[3.643s] writing manifest file 'crazyflie_examples.egg-info/SOURCES.txt'
[3.644s] Installing arming script to scripts
[3.646s] Built target ament_cmake_python_build_crazyflie_examples_egg
[3.646s] Installing cmd_full_state script to scripts
[3.646s] Installing figure8 script to scripts
[3.646s] Installing goto_unicast script to scripts
[3.646s] Installing group_mask script to scripts
[3.646s] Installing hello_world script to scripts
[3.646s] Installing infinite_flight script to scripts
[3.646s] Installing multi_trajectory script to scripts
[3.647s] Installing nice_hover script to scripts
[3.650s] Installing set_param script to scripts
[3.650s] Installing swap script to scripts
[3.716s] Built target ament_cmake_python_build_crazyflie_examples_scripts
[3.731s] Invoked command in '/home/odyssey/Desktop/final-project/crazyflie_mapping_demo/ros2_ws/build/crazyflie_examples' returned '0': AMENT_PREFIX_PATH=/home/odyssey/Desktop/final-project/crazyflie_mapping_demo/ros2_ws/install/crazyflie_py:/home/odyssey/Desktop/final-project/crazyflie_mapping_demo/ros2_ws/install/crazyflie_interfaces:${AMENT_PREFIX_PATH} CMAKE_PREFIX_PATH=/home/odyssey/Desktop/final-project/crazyflie_mapping_demo/ros2_ws/install/crazyflie_interfaces:/opt/ros/humble LD_LIBRARY_PATH=/home/odyssey/Desktop/final-project/crazyflie_mapping_demo/ros2_ws/install/crazyflie_interfaces/lib:${LD_LIBRARY_PATH} PYTHONPATH=/home/odyssey/Desktop/final-project/crazyflie_mapping_demo/ros2_ws/install/crazyflie_py/lib/python3.10/site-packages:/home/odyssey/Desktop/final-project/crazyflie_mapping_demo/ros2_ws/install/crazyflie_interfaces/local/lib/python3.10/dist-packages:${PYTHONPATH} /usr/bin/cmake --build /home/odyssey/Desktop/final-project/crazyflie_mapping_demo/ros2_ws/build/crazyflie_examples -- -j2 -l2
[3.733s] Invoking command in '/home/odyssey/Desktop/final-project/crazyflie_mapping_demo/ros2_ws/build/crazyflie_examples': AMENT_PREFIX_PATH=/home/odyssey/Desktop/final-project/crazyflie_mapping_demo/ros2_ws/install/crazyflie_py:/home/odyssey/Desktop/final-project/crazyflie_mapping_demo/ros2_ws/install/crazyflie_interfaces:${AMENT_PREFIX_PATH} CMAKE_PREFIX_PATH=/home/odyssey/Desktop/final-project/crazyflie_mapping_demo/ros2_ws/install/crazyflie_interfaces:/opt/ros/humble LD_LIBRARY_PATH=/home/odyssey/Desktop/final-project/crazyflie_mapping_demo/ros2_ws/install/crazyflie_interfaces/lib:${LD_LIBRARY_PATH} PYTHONPATH=/home/odyssey/Desktop/final-project/crazyflie_mapping_demo/ros2_ws/install/crazyflie_py/lib/python3.10/site-packages:/home/odyssey/Desktop/final-project/crazyflie_mapping_demo/ros2_ws/install/crazyflie_interfaces/local/lib/python3.10/dist-packages:${PYTHONPATH} /usr/bin/cmake --install /home/odyssey/Desktop/final-project/crazyflie_mapping_demo/ros2_ws/build/crazyflie_examples
[3.754s] -- Install configuration: ""
[3.754s] -- Installing: /home/odyssey/Desktop/final-project/crazyflie_mapping_demo/ros2_ws/install/crazyflie_examples/share/crazyflie_examples/environment/pythonpath.sh
[3.755s] -- Installing: /home/odyssey/Desktop/final-project/crazyflie_mapping_demo/ros2_ws/install/crazyflie_examples/share/crazyflie_examples/environment/pythonpath.dsv
[3.755s] -- Installing: /home/odyssey/Desktop/final-project/crazyflie_mapping_demo/ros2_ws/install/crazyflie_examples/local/lib/python3.10/dist-packages/crazyflie_examples-1.0.3-py3.10.egg-info
[3.755s] -- Installing: /home/odyssey/Desktop/final-project/crazyflie_mapping_demo/ros2_ws/install/crazyflie_examples/local/lib/python3.10/dist-packages/crazyflie_examples-1.0.3-py3.10.egg-info/top_level.txt
[3.755s] -- Installing: /home/odyssey/Desktop/final-project/crazyflie_mapping_demo/ros2_ws/install/crazyflie_examples/local/lib/python3.10/dist-packages/crazyflie_examples-1.0.3-py3.10.egg-info/SOURCES.txt
[3.755s] -- Installing: /home/odyssey/Desktop/final-project/crazyflie_mapping_demo/ros2_ws/install/crazyflie_examples/local/lib/python3.10/dist-packages/crazyflie_examples-1.0.3-py3.10.egg-info/entry_points.txt
[3.755s] -- Installing: /home/odyssey/Desktop/final-project/crazyflie_mapping_demo/ros2_ws/install/crazyflie_examples/local/lib/python3.10/dist-packages/crazyflie_examples-1.0.3-py3.10.egg-info/PKG-INFO
[3.756s] -- Installing: /home/odyssey/Desktop/final-project/crazyflie_mapping_demo/ros2_ws/install/crazyflie_examples/local/lib/python3.10/dist-packages/crazyflie_examples-1.0.3-py3.10.egg-info/dependency_links.txt
[3.756s] -- Installing: /home/odyssey/Desktop/final-project/crazyflie_mapping_demo/ros2_ws/install/crazyflie_examples/lib/crazyflie_examples/
[3.756s] -- Installing: /home/odyssey/Desktop/final-project/crazyflie_mapping_demo/ros2_ws/install/crazyflie_examples/lib/crazyflie_examples//goto_unicast
[3.756s] -- Installing: /home/odyssey/Desktop/final-project/crazyflie_mapping_demo/ros2_ws/install/crazyflie_examples/lib/crazyflie_examples//multi_trajectory
[3.756s] -- Installing: /home/odyssey/Desktop/final-project/crazyflie_mapping_demo/ros2_ws/install/crazyflie_examples/lib/crazyflie_examples//set_param
[3.756s] -- Installing: /home/odyssey/Desktop/final-project/crazyflie_mapping_demo/ros2_ws/install/crazyflie_examples/lib/crazyflie_examples//figure8
[3.756s] -- Installing: /home/odyssey/Desktop/final-project/crazyflie_mapping_demo/ros2_ws/install/crazyflie_examples/lib/crazyflie_examples//group_mask
[3.756s] -- Installing: /home/odyssey/Desktop/final-project/crazyflie_mapping_demo/ros2_ws/install/crazyflie_examples/lib/crazyflie_examples//infinite_flight
[3.756s] -- Installing: /home/odyssey/Desktop/final-project/crazyflie_mapping_demo/ros2_ws/install/crazyflie_examples/lib/crazyflie_examples//swap
[3.760s] -- Installing: /home/odyssey/Desktop/final-project/crazyflie_mapping_demo/ros2_ws/install/crazyflie_examples/lib/crazyflie_examples//arming
[3.760s] -- Installing: /home/odyssey/Desktop/final-project/crazyflie_mapping_demo/ros2_ws/install/crazyflie_examples/lib/crazyflie_examples//cmd_full_state
[3.760s] -- Installing: /home/odyssey/Desktop/final-project/crazyflie_mapping_demo/ros2_ws/install/crazyflie_examples/lib/crazyflie_examples//nice_hover
[3.760s] -- Installing: /home/odyssey/Desktop/final-project/crazyflie_mapping_demo/ros2_ws/install/crazyflie_examples/lib/crazyflie_examples//hello_world
[3.760s] -- Installing: /home/odyssey/Desktop/final-project/crazyflie_mapping_demo/ros2_ws/install/crazyflie_examples/local/lib/python3.10/dist-packages/crazyflie_examples
[3.760s] -- Installing: /home/odyssey/Desktop/final-project/crazyflie_mapping_demo/ros2_ws/install/crazyflie_examples/local/lib/python3.10/dist-packages/crazyflie_examples/figure8.py
[3.760s] -- Installing: /home/odyssey/Desktop/final-project/crazyflie_mapping_demo/ros2_ws/install/crazyflie_examples/local/lib/python3.10/dist-packages/crazyflie_examples/nice_hover.py
[3.760s] -- Installing: /home/odyssey/Desktop/final-project/crazyflie_mapping_demo/ros2_ws/install/crazyflie_examples/local/lib/python3.10/dist-packages/crazyflie_examples/goto_unicast.py
[3.760s] -- Installing: /home/odyssey/Desktop/final-project/crazyflie_mapping_demo/ros2_ws/install/crazyflie_examples/local/lib/python3.10/dist-packages/crazyflie_examples/hello_world.py
[3.760s] -- Installing: /home/odyssey/Desktop/final-project/crazyflie_mapping_demo/ros2_ws/install/crazyflie_examples/local/lib/python3.10/dist-packages/crazyflie_examples/arming.py
[3.760s] -- Installing: /home/odyssey/Desktop/final-project/crazyflie_mapping_demo/ros2_ws/install/crazyflie_examples/local/lib/python3.10/dist-packages/crazyflie_examples/data
[3.760s] -- Installing: /home/odyssey/Desktop/final-project/crazyflie_mapping_demo/ros2_ws/install/crazyflie_examples/local/lib/python3.10/dist-packages/crazyflie_examples/data/multi_trajectory
[3.760s] -- Installing: /home/odyssey/Desktop/final-project/crazyflie_mapping_demo/ros2_ws/install/crazyflie_examples/local/lib/python3.10/dist-packages/crazyflie_examples/data/multi_trajectory/traj1.csv
[3.760s] -- Installing: /home/odyssey/Desktop/final-project/crazyflie_mapping_demo/ros2_ws/install/crazyflie_examples/local/lib/python3.10/dist-packages/crazyflie_examples/data/multi_trajectory/traj0.csv
[3.764s] -- Installing: /home/odyssey/Desktop/final-project/crazyflie_mapping_demo/ros2_ws/install/crazyflie_examples/local/lib/python3.10/dist-packages/crazyflie_examples/data/figure8.csv
[3.764s] -- Installing: /home/odyssey/Desktop/final-project/crazyflie_mapping_demo/ros2_ws/install/crazyflie_examples/local/lib/python3.10/dist-packages/crazyflie_examples/group_mask.py
[3.764s] -- Installing: /home/odyssey/Desktop/final-project/crazyflie_mapping_demo/ros2_ws/install/crazyflie_examples/local/lib/python3.10/dist-packages/crazyflie_examples/__init__.py
[3.764s] -- Installing: /home/odyssey/Desktop/final-project/crazyflie_mapping_demo/ros2_ws/install/crazyflie_examples/local/lib/python3.10/dist-packages/crazyflie_examples/cmd_full_state.py
[3.764s] -- Installing: /home/odyssey/Desktop/final-project/crazyflie_mapping_demo/ros2_ws/install/crazyflie_examples/local/lib/python3.10/dist-packages/crazyflie_examples/set_param.py
[3.764s] -- Installing: /home/odyssey/Desktop/final-project/crazyflie_mapping_demo/ros2_ws/install/crazyflie_examples/local/lib/python3.10/dist-packages/crazyflie_examples/swap.py
[3.764s] -- Installing: /home/odyssey/Desktop/final-project/crazyflie_mapping_demo/ros2_ws/install/crazyflie_examples/local/lib/python3.10/dist-packages/crazyflie_examples/infinite_flight.py
[3.765s] -- Installing: /home/odyssey/Desktop/final-project/crazyflie_mapping_demo/ros2_ws/install/crazyflie_examples/local/lib/python3.10/dist-packages/crazyflie_examples/multi_trajectory.py
[3.863s] Listing '/home/odyssey/Desktop/final-project/crazyflie_mapping_demo/ros2_ws/install/crazyflie_examples/local/lib/python3.10/dist-packages/crazyflie_examples'...
[3.863s] Compiling '/home/odyssey/Desktop/final-project/crazyflie_mapping_demo/ros2_ws/install/crazyflie_examples/local/lib/python3.10/dist-packages/crazyflie_examples/__init__.py'...
[3.863s] Compiling '/home/odyssey/Desktop/final-project/crazyflie_mapping_demo/ros2_ws/install/crazyflie_examples/local/lib/python3.10/dist-packages/crazyflie_examples/arming.py'...
[3.863s] Compiling '/home/odyssey/Desktop/final-project/crazyflie_mapping_demo/ros2_ws/install/crazyflie_examples/local/lib/python3.10/dist-packages/crazyflie_examples/cmd_full_state.py'...
[3.863s] Listing '/home/odyssey/Desktop/final-project/crazyflie_mapping_demo/ros2_ws/install/crazyflie_examples/local/lib/python3.10/dist-packages/crazyflie_examples/data'...
[3.863s] Listing '/home/odyssey/Desktop/final-project/crazyflie_mapping_demo/ros2_ws/install/crazyflie_examples/local/lib/python3.10/dist-packages/crazyflie_examples/data/multi_trajectory'...
[3.863s] Compiling '/home/odyssey/Desktop/final-project/crazyflie_mapping_demo/ros2_ws/install/crazyflie_examples/local/lib/python3.10/dist-packages/crazyflie_examples/figure8.py'...
[3.863s] Compiling '/home/odyssey/Desktop/final-project/crazyflie_mapping_demo/ros2_ws/install/crazyflie_examples/local/lib/python3.10/dist-packages/crazyflie_examples/goto_unicast.py'...
[3.863s] Compiling '/home/odyssey/Desktop/final-project/crazyflie_mapping_demo/ros2_ws/install/crazyflie_examples/local/lib/python3.10/dist-packages/crazyflie_examples/group_mask.py'...
[3.863s] Compiling '/home/odyssey/Desktop/final-project/crazyflie_mapping_demo/ros2_ws/install/crazyflie_examples/local/lib/python3.10/dist-packages/crazyflie_examples/hello_world.py'...
[3.863s] Compiling '/home/odyssey/Desktop/final-project/crazyflie_mapping_demo/ros2_ws/install/crazyflie_examples/local/lib/python3.10/dist-packages/crazyflie_examples/infinite_flight.py'...
[3.864s] Compiling '/home/odyssey/Desktop/final-project/crazyflie_mapping_demo/ros2_ws/install/crazyflie_examples/local/lib/python3.10/dist-packages/crazyflie_examples/multi_trajectory.py'...
[3.864s] Compiling '/home/odyssey/Desktop/final-project/crazyflie_mapping_demo/ros2_ws/install/crazyflie_examples/local/lib/python3.10/dist-packages/crazyflie_examples/nice_hover.py'...
[3.864s] Compiling '/home/odyssey/Desktop/final-project/crazyflie_mapping_demo/ros2_ws/install/crazyflie_examples/local/lib/python3.10/dist-packages/crazyflie_examples/set_param.py'...
[3.864s] Compiling '/home/odyssey/Desktop/final-project/crazyflie_mapping_demo/ros2_ws/install/crazyflie_examples/local/lib/python3.10/dist-packages/crazyflie_examples/swap.py'...
[3.877s] -- Installing: /home/odyssey/Desktop/final-project/crazyflie_mapping_demo/ros2_ws/install/crazyflie_examples/share/crazyflie_examples//config
[3.877s] -- Installing: /home/odyssey/Desktop/final-project/crazyflie_mapping_demo/ros2_ws/install/crazyflie_examples/share/crazyflie_examples//config/nav2_view.rviz
[3.878s] -- Installing: /home/odyssey/Desktop/final-project/crazyflie_mapping_demo/ros2_ws/install/crazyflie_examples/share/crazyflie_examples//config/slam_params.yaml
[3.879s] -- Installing: /home/odyssey/Desktop/final-project/crazyflie_mapping_demo/ros2_ws/install/crazyflie_examples/share/crazyflie_examples//config/nav2_params.yaml
[3.880s] -- Installing: /home/odyssey/Desktop/final-project/crazyflie_mapping_demo/ros2_ws/install/crazyflie_examples/share/crazyflie_examples//data
[3.880s] -- Installing: /home/odyssey/Desktop/final-project/crazyflie_mapping_demo/ros2_ws/install/crazyflie_examples/share/crazyflie_examples//data/map.posegraph
[3.886s] -- Installing: /home/odyssey/Desktop/final-project/crazyflie_mapping_demo/ros2_ws/install/crazyflie_examples/share/crazyflie_examples//data/map.data
[3.891s] -- Installing: /home/odyssey/Desktop/final-project/crazyflie_mapping_demo/ros2_ws/install/crazyflie_examples/share/crazyflie_examples//data/map.pgm
[3.891s] -- Installing: /home/odyssey/Desktop/final-project/crazyflie_mapping_demo/ros2_ws/install/crazyflie_examples/share/crazyflie_examples//data/map.yaml
[3.891s] -- Installing: /home/odyssey/Desktop/final-project/crazyflie_mapping_demo/ros2_ws/install/crazyflie_examples/share/crazyflie_examples//launch
[3.891s] -- Installing: /home/odyssey/Desktop/final-project/crazyflie_mapping_demo/ros2_ws/install/crazyflie_examples/share/crazyflie_examples//launch/multiranger_nav2_launch.py
[3.891s] -- Installing: /home/odyssey/Desktop/final-project/crazyflie_mapping_demo/ros2_ws/install/crazyflie_examples/share/crazyflie_examples//launch/multiranger_simple_mapper_launch.py
[3.896s] -- Installing: /home/odyssey/Desktop/final-project/crazyflie_mapping_demo/ros2_ws/install/crazyflie_examples/share/crazyflie_examples//launch/launch.py
[3.896s] -- Installing: /home/odyssey/Desktop/final-project/crazyflie_mapping_demo/ros2_ws/install/crazyflie_examples/share/crazyflie_examples//launch/multiranger_mapping_launch.py
[3.896s] -- Installing: /home/odyssey/Desktop/final-project/crazyflie_mapping_demo/ros2_ws/install/crazyflie_examples/share/crazyflie_examples//launch/keyboard_velmux_launch.py
[3.896s] -- Installing: /home/odyssey/Desktop/final-project/crazyflie_mapping_demo/ros2_ws/install/crazyflie_examples/share/ament_index/resource_index/package_run_dependencies/crazyflie_examples
[3.896s] -- Installing: /home/odyssey/Desktop/final-project/crazyflie_mapping_demo/ros2_ws/install/crazyflie_examples/share/ament_index/resource_index/parent_prefix_path/crazyflie_examples
[3.896s] -- Installing: /home/odyssey/Desktop/final-project/crazyflie_mapping_demo/ros2_ws/install/crazyflie_examples/share/crazyflie_examples/environment/ament_prefix_path.sh
[3.896s] -- Installing: /home/odyssey/Desktop/final-project/crazyflie_mapping_demo/ros2_ws/install/crazyflie_examples/share/crazyflie_examples/environment/ament_prefix_path.dsv
[3.896s] -- Installing: /home/odyssey/Desktop/final-project/crazyflie_mapping_demo/ros2_ws/install/crazyflie_examples/share/crazyflie_examples/environment/path.sh
[3.897s] -- Installing: /home/odyssey/Desktop/final-project/crazyflie_mapping_demo/ros2_ws/install/crazyflie_examples/share/crazyflie_examples/environment/path.dsv
[3.897s] -- Installing: /home/odyssey/Desktop/final-project/crazyflie_mapping_demo/ros2_ws/install/crazyflie_examples/share/crazyflie_examples/local_setup.bash
[3.897s] -- Installing: /home/odyssey/Desktop/final-project/crazyflie_mapping_demo/ros2_ws/install/crazyflie_examples/share/crazyflie_examples/local_setup.sh
[3.897s] -- Installing: /home/odyssey/Desktop/final-project/crazyflie_mapping_demo/ros2_ws/install/crazyflie_examples/share/crazyflie_examples/local_setup.zsh
[3.897s] -- Installing: /home/odyssey/Desktop/final-project/crazyflie_mapping_demo/ros2_ws/install/crazyflie_examples/share/crazyflie_examples/local_setup.dsv
[3.901s] -- Installing: /home/odyssey/Desktop/final-project/crazyflie_mapping_demo/ros2_ws/install/crazyflie_examples/share/crazyflie_examples/package.dsv
[3.901s] -- Installing: /home/odyssey/Desktop/final-project/crazyflie_mapping_demo/ros2_ws/install/crazyflie_examples/share/ament_index/resource_index/packages/crazyflie_examples
[3.901s] -- Installing: /home/odyssey/Desktop/final-project/crazyflie_mapping_demo/ros2_ws/install/crazyflie_examples/share/crazyflie_examples/cmake/crazyflie_examplesConfig.cmake
[3.902s] -- Installing: /home/odyssey/Desktop/final-project/crazyflie_mapping_demo/ros2_ws/install/crazyflie_examples/share/crazyflie_examples/cmake/crazyflie_examplesConfig-version.cmake
[3.902s] -- Installing: /home/odyssey/Desktop/final-project/crazyflie_mapping_demo/ros2_ws/install/crazyflie_examples/share/crazyflie_examples/package.xml
[3.905s] Invoked command in '/home/odyssey/Desktop/final-project/crazyflie_mapping_demo/ros2_ws/build/crazyflie_examples' returned '0': AMENT_PREFIX_PATH=/home/odyssey/Desktop/final-project/crazyflie_mapping_demo/ros2_ws/install/crazyflie_py:/home/odyssey/Desktop/final-project/crazyflie_mapping_demo/ros2_ws/install/crazyflie_interfaces:${AMENT_PREFIX_PATH} CMAKE_PREFIX_PATH=/home/odyssey/Desktop/final-project/crazyflie_mapping_demo/ros2_ws/install/crazyflie_interfaces:/opt/ros/humble LD_LIBRARY_PATH=/home/odyssey/Desktop/final-project/crazyflie_mapping_demo/ros2_ws/install/crazyflie_interfaces/lib:${LD_LIBRARY_PATH} PYTHONPATH=/home/odyssey/Desktop/final-project/crazyflie_mapping_demo/ros2_ws/install/crazyflie_py/lib/python3.10/site-packages:/home/odyssey/Desktop/final-project/crazyflie_mapping_demo/ros2_ws/install/crazyflie_interfaces/local/lib/python3.10/dist-packages:${PYTHONPATH} /usr/bin/cmake --install /home/odyssey/Desktop/final-project/crazyflie_mapping_demo/ros2_ws/build/crazyflie_examples
