[0.011s] Invoking command in '/home/odyssey/final-project/crazyflie_mapping_demo/ros2_ws/build/crazyflie': AMENT_PREFIX_PATH=/home/odyssey/final-project/crazyflie_mapping_demo/ros2_ws/install/crazyflie_interfaces CMAKE_PREFIX_PATH=/home/odyssey/final-project/crazyflie_mapping_demo/ros2_ws/install/crazyflie_interfaces LD_LIBRARY_PATH=/home/odyssey/final-project/crazyflie_mapping_demo/ros2_ws/install/crazyflie_interfaces/lib PYTHONPATH=/home/odyssey/final-project/crazyflie_mapping_demo/ros2_ws/install/crazyflie_interfaces/local/lib/python3.10/dist-packages /usr/bin/cmake --build /home/odyssey/final-project/crazyflie_mapping_demo/ros2_ws/build/crazyflie -- -j2 -l2
[0.074s] [  5%] Built target teleop
[0.083s] [ 27%] Built target crazyflieLinkCpp
[0.105s] [ 35%] Built target crazyflie_cpp
[0.135s] [ 40%] Built target crazyflie_server
[0.144s] [ 45%] Built target scan
[0.180s] [ 50%] Built target listParams
[0.192s] [ 55%] Built target listLogVariables
[0.229s] [ 60%] Built target listMemories
[0.247s] [ 65%] Built target reboot
[0.302s] [ 70%] Built target battery
[0.330s] [ 75%] Built target version
[0.383s] [ 80%] Built target console
[0.416s] [ 85%] Built target comCheck
[0.469s] [ 90%] Built target log
[0.489s] [ 95%] Built target downloadUSDLogfile
[0.548s] [100%] Built target setParam
[0.574s] Invoked command in '/home/odyssey/final-project/crazyflie_mapping_demo/ros2_ws/build/crazyflie' returned '0': AMENT_PREFIX_PATH=/home/odyssey/final-project/crazyflie_mapping_demo/ros2_ws/install/crazyflie_interfaces CMAKE_PREFIX_PATH=/home/odyssey/final-project/crazyflie_mapping_demo/ros2_ws/install/crazyflie_interfaces LD_LIBRARY_PATH=/home/odyssey/final-project/crazyflie_mapping_demo/ros2_ws/install/crazyflie_interfaces/lib PYTHONPATH=/home/odyssey/final-project/crazyflie_mapping_demo/ros2_ws/install/crazyflie_interfaces/local/lib/python3.10/dist-packages /usr/bin/cmake --build /home/odyssey/final-project/crazyflie_mapping_demo/ros2_ws/build/crazyflie -- -j2 -l2
[0.588s] Invoking command in '/home/odyssey/final-project/crazyflie_mapping_demo/ros2_ws/build/crazyflie': AMENT_PREFIX_PATH=/home/odyssey/final-project/crazyflie_mapping_demo/ros2_ws/install/crazyflie_interfaces CMAKE_PREFIX_PATH=/home/odyssey/final-project/crazyflie_mapping_demo/ros2_ws/install/crazyflie_interfaces LD_LIBRARY_PATH=/home/odyssey/final-project/crazyflie_mapping_demo/ros2_ws/install/crazyflie_interfaces/lib PYTHONPATH=/home/odyssey/final-project/crazyflie_mapping_demo/ros2_ws/install/crazyflie_interfaces/local/lib/python3.10/dist-packages /usr/bin/cmake --install /home/odyssey/final-project/crazyflie_mapping_demo/ros2_ws/build/crazyflie
[0.600s] -- Install configuration: ""
[0.601s] -- Up-to-date: /home/odyssey/final-project/crazyflie_mapping_demo/ros2_ws/install/crazyflie/lib/crazyflie/comCheck
[0.605s] -- Up-to-date: /home/odyssey/final-project/crazyflie_mapping_demo/ros2_ws/install/crazyflie/lib/crazyflie/scan
[0.605s] -- Up-to-date: /home/odyssey/final-project/crazyflie_mapping_demo/ros2_ws/install/crazyflie/lib/crazyflie/listParams
[0.605s] -- Up-to-date: /home/odyssey/final-project/crazyflie_mapping_demo/ros2_ws/install/crazyflie/lib/crazyflie/listLogVariables
[0.605s] -- Up-to-date: /home/odyssey/final-project/crazyflie_mapping_demo/ros2_ws/install/crazyflie/lib/crazyflie/listMemories
[0.605s] -- Up-to-date: /home/odyssey/final-project/crazyflie_mapping_demo/ros2_ws/install/crazyflie/lib/crazyflie/reboot
[0.605s] -- Up-to-date: /home/odyssey/final-project/crazyflie_mapping_demo/ros2_ws/install/crazyflie/lib/crazyflie/battery
[0.605s] -- Up-to-date: /home/odyssey/final-project/crazyflie_mapping_demo/ros2_ws/install/crazyflie/lib/crazyflie/version
[0.605s] -- Up-to-date: /home/odyssey/final-project/crazyflie_mapping_demo/ros2_ws/install/crazyflie/lib/crazyflie/console
[0.605s] -- Up-to-date: /home/odyssey/final-project/crazyflie_mapping_demo/ros2_ws/install/crazyflie/lib/crazyflie/log
[0.605s] -- Up-to-date: /home/odyssey/final-project/crazyflie_mapping_demo/ros2_ws/install/crazyflie/lib/crazyflie/setParam
[0.608s] -- Up-to-date: /home/odyssey/final-project/crazyflie_mapping_demo/ros2_ws/install/crazyflie/lib/crazyflie/downloadUSDLogfile
[0.608s] -- Up-to-date: /home/odyssey/final-project/crazyflie_mapping_demo/ros2_ws/install/crazyflie/lib/crazyflie/teleop
[0.608s] -- Up-to-date: /home/odyssey/final-project/crazyflie_mapping_demo/ros2_ws/install/crazyflie/lib/crazyflie/crazyflie_server
[0.613s] -- Up-to-date: /home/odyssey/final-project/crazyflie_mapping_demo/ros2_ws/install/crazyflie/lib/crazyflie/crazyflie_server.py
[0.613s] -- Up-to-date: /home/odyssey/final-project/crazyflie_mapping_demo/ros2_ws/install/crazyflie/lib/crazyflie/chooser.py
[0.613s] -- Up-to-date: /home/odyssey/final-project/crazyflie_mapping_demo/ros2_ws/install/crazyflie/lib/crazyflie/vel_mux.py
[0.613s] -- Up-to-date: /home/odyssey/final-project/crazyflie_mapping_demo/ros2_ws/install/crazyflie/lib/crazyflie/cfmult.py
[0.613s] -- Up-to-date: /home/odyssey/final-project/crazyflie_mapping_demo/ros2_ws/install/crazyflie/lib/crazyflie/simple_mapper_multiranger.py
[0.613s] -- Up-to-date: /home/odyssey/final-project/crazyflie_mapping_demo/ros2_ws/install/crazyflie/lib/crazyflie/aideck_streamer.py
[0.613s] -- Up-to-date: /home/odyssey/final-project/crazyflie_mapping_demo/ros2_ws/install/crazyflie/lib/crazyflie/gui.py
[0.613s] -- Up-to-date: /home/odyssey/final-project/crazyflie_mapping_demo/ros2_ws/install/crazyflie/lib/crazyflie/flash.py
[0.613s] -- Up-to-date: /home/odyssey/final-project/crazyflie_mapping_demo/ros2_ws/install/crazyflie/share/crazyflie//launch
[0.613s] -- Up-to-date: /home/odyssey/final-project/crazyflie_mapping_demo/ros2_ws/install/crazyflie/share/crazyflie//launch/launch.py
[0.613s] -- Up-to-date: /home/odyssey/final-project/crazyflie_mapping_demo/ros2_ws/install/crazyflie/share/crazyflie//launch/teleop_launch.py
[0.613s] -- Up-to-date: /home/odyssey/final-project/crazyflie_mapping_demo/ros2_ws/install/crazyflie/share/crazyflie//launch/launch_teleop2.py
[0.613s] -- Up-to-date: /home/odyssey/final-project/crazyflie_mapping_demo/ros2_ws/install/crazyflie/share/crazyflie//config
[0.613s] -- Up-to-date: /home/odyssey/final-project/crazyflie_mapping_demo/ros2_ws/install/crazyflie/share/crazyflie//config/motion_capture.yaml
[0.613s] -- Up-to-date: /home/odyssey/final-project/crazyflie_mapping_demo/ros2_ws/install/crazyflie/share/crazyflie//config/aideck_streamer.yaml
[0.613s] -- Up-to-date: /home/odyssey/final-project/crazyflie_mapping_demo/ros2_ws/install/crazyflie/share/crazyflie//config/config.rviz
[0.613s] -- Up-to-date: /home/odyssey/final-project/crazyflie_mapping_demo/ros2_ws/install/crazyflie/share/crazyflie//config/server.yaml
[0.613s] -- Up-to-date: /home/odyssey/final-project/crazyflie_mapping_demo/ros2_ws/install/crazyflie/share/crazyflie//config/crazyflies.yaml
[0.613s] -- Up-to-date: /home/odyssey/final-project/crazyflie_mapping_demo/ros2_ws/install/crazyflie/share/crazyflie//config/teleop.yaml
[0.613s] -- Up-to-date: /home/odyssey/final-project/crazyflie_mapping_demo/ros2_ws/install/crazyflie/share/crazyflie//urdf
[0.613s] -- Up-to-date: /home/odyssey/final-project/crazyflie_mapping_demo/ros2_ws/install/crazyflie/share/crazyflie//urdf/cf2_assembly_with_props.dae
[0.613s] -- Up-to-date: /home/odyssey/final-project/crazyflie_mapping_demo/ros2_ws/install/crazyflie/share/crazyflie//urdf/cf2_assembly.stl
[0.613s] -- Up-to-date: /home/odyssey/final-project/crazyflie_mapping_demo/ros2_ws/install/crazyflie/share/crazyflie//urdf/crazyflie_description.urdf
[0.613s] -- Up-to-date: /home/odyssey/final-project/crazyflie_mapping_demo/ros2_ws/install/crazyflie/share/ament_index/resource_index/package_run_dependencies/crazyflie
[0.613s] -- Up-to-date: /home/odyssey/final-project/crazyflie_mapping_demo/ros2_ws/install/crazyflie/share/ament_index/resource_index/parent_prefix_path/crazyflie
[0.614s] -- Up-to-date: /home/odyssey/final-project/crazyflie_mapping_demo/ros2_ws/install/crazyflie/share/crazyflie/environment/ament_prefix_path.sh
[0.617s] -- Up-to-date: /home/odyssey/final-project/crazyflie_mapping_demo/ros2_ws/install/crazyflie/share/crazyflie/environment/ament_prefix_path.dsv
[0.617s] -- Up-to-date: /home/odyssey/final-project/crazyflie_mapping_demo/ros2_ws/install/crazyflie/share/crazyflie/environment/path.sh
[0.617s] -- Up-to-date: /home/odyssey/final-project/crazyflie_mapping_demo/ros2_ws/install/crazyflie/share/crazyflie/environment/path.dsv
[0.617s] -- Up-to-date: /home/odyssey/final-project/crazyflie_mapping_demo/ros2_ws/install/crazyflie/share/crazyflie/local_setup.bash
[0.617s] -- Up-to-date: /home/odyssey/final-project/crazyflie_mapping_demo/ros2_ws/install/crazyflie/share/crazyflie/local_setup.sh
[0.617s] -- Up-to-date: /home/odyssey/final-project/crazyflie_mapping_demo/ros2_ws/install/crazyflie/share/crazyflie/local_setup.zsh
[0.617s] -- Up-to-date: /home/odyssey/final-project/crazyflie_mapping_demo/ros2_ws/install/crazyflie/share/crazyflie/local_setup.dsv
[0.617s] -- Installing: /home/odyssey/final-project/crazyflie_mapping_demo/ros2_ws/install/crazyflie/share/crazyflie/package.dsv
[0.617s] -- Up-to-date: /home/odyssey/final-project/crazyflie_mapping_demo/ros2_ws/install/crazyflie/share/ament_index/resource_index/packages/crazyflie
[0.617s] -- Up-to-date: /home/odyssey/final-project/crazyflie_mapping_demo/ros2_ws/install/crazyflie/share/crazyflie/cmake/crazyflieConfig.cmake
[0.617s] -- Up-to-date: /home/odyssey/final-project/crazyflie_mapping_demo/ros2_ws/install/crazyflie/share/crazyflie/cmake/crazyflieConfig-version.cmake
[0.617s] -- Up-to-date: /home/odyssey/final-project/crazyflie_mapping_demo/ros2_ws/install/crazyflie/share/crazyflie/package.xml
[0.625s] Invoked command in '/home/odyssey/final-project/crazyflie_mapping_demo/ros2_ws/build/crazyflie' returned '0': AMENT_PREFIX_PATH=/home/odyssey/final-project/crazyflie_mapping_demo/ros2_ws/install/crazyflie_interfaces CMAKE_PREFIX_PATH=/home/odyssey/final-project/crazyflie_mapping_demo/ros2_ws/install/crazyflie_interfaces LD_LIBRARY_PATH=/home/odyssey/final-project/crazyflie_mapping_demo/ros2_ws/install/crazyflie_interfaces/lib PYTHONPATH=/home/odyssey/final-project/crazyflie_mapping_demo/ros2_ws/install/crazyflie_interfaces/local/lib/python3.10/dist-packages /usr/bin/cmake --install /home/odyssey/final-project/crazyflie_mapping_demo/ros2_ws/build/crazyflie
