[0.017s] Invoking command in '/home/odyssey/final-project/crazyflie_mapping_demo/ros2_ws/build/ros_gz_crazyflie_gazebo': /usr/bin/cmake /home/odyssey/final-project/crazyflie_mapping_demo/ros2_ws/src/ros_gz_crazyflie/ros_gz_crazyflie_gazebo -DCMAKE_INSTALL_PREFIX=/home/odyssey/final-project/crazyflie_mapping_demo/ros2_ws/install/ros_gz_crazyflie_gazebo
[0.070s] -- The C compiler identification is GNU 11.4.0
[0.124s] -- The CXX compiler identification is GNU 11.4.0
[0.136s] -- Detecting C compiler ABI info
[0.202s] -- Detecting C compiler ABI info - done
[0.204s] -- Check for working C compiler: /usr/bin/cc - skipped
[0.206s] -- Detecting C compile features
[0.207s] -- Detecting C compile features - done
[0.212s] -- Detecting CXX compiler ABI info
[0.297s] -- Detecting CXX compiler ABI info - done
[0.307s] -- Check for working CXX compiler: /usr/bin/c++ - skipped
[0.308s] -- Detecting CXX compile features
[0.309s] -- Detecting CXX compile features - done
[0.336s] [31mCMake Error at CMakeLists.txt:5 (find_package):
[0.336s]   By not providing "Findament_cmake.cmake" in CMAKE_MODULE_PATH this project
[0.336s]   has asked CMake to find a package configuration file provided by
[0.336s]   "ament_cmake", but CMake did not find one.
[0.336s] 
[0.338s]   Could not find a package configuration file provided by "ament_cmake" with
[0.338s]   any of the following names:
[0.338s] 
[0.338s]     ament_cmakeConfig.cmake
[0.338s]     ament_cmake-config.cmake
[0.338s] 
[0.338s]   Add the installation prefix of "ament_cmake" to CMAKE_PREFIX_PATH or set
[0.338s]   "ament_cmake_DIR" to a directory containing one of the above files.  If
[0.338s]   "ament_cmake" provides a separate development package or SDK, be sure it
[0.338s]   has been installed.
[0.338s] 
[0.338s] [0m
[0.338s] -- Configuring incomplete, errors occurred!
[0.338s] See also "/home/odyssey/final-project/crazyflie_mapping_demo/ros2_ws/build/ros_gz_crazyflie_gazebo/CMakeFiles/CMakeOutput.log".
[0.339s] Invoked command in '/home/odyssey/final-project/crazyflie_mapping_demo/ros2_ws/build/ros_gz_crazyflie_gazebo' returned '1': /usr/bin/cmake /home/odyssey/final-project/crazyflie_mapping_demo/ros2_ws/src/ros_gz_crazyflie/ros_gz_crazyflie_gazebo -DCMAKE_INSTALL_PREFIX=/home/odyssey/final-project/crazyflie_mapping_demo/ros2_ws/install/ros_gz_crazyflie_gazebo
