[0.021s] Invoking command in '/home/odyssey/final-project/crazyflie_mapping_demo/ros2_ws/build/crazyflie_interfaces': /usr/bin/cmake /home/odyssey/final-project/crazyflie_mapping_demo/ros2_ws/src/crazyswarm2/crazyflie_interfaces -DCMAKE_INSTALL_PREFIX=/home/odyssey/final-project/crazyflie_mapping_demo/ros2_ws/install/crazyflie_interfaces
[0.089s] -- The C compiler identification is GNU 11.4.0
[0.161s] -- The CXX compiler identification is GNU 11.4.0
[0.169s] -- Detecting C compiler ABI info
[0.245s] -- Detecting C compiler ABI info - done
[0.250s] -- Check for working C compiler: /usr/bin/cc - skipped
[0.250s] -- Detecting C compile features
[0.251s] -- Detecting C compile features - done
[0.253s] -- Detecting CXX compiler ABI info
[0.319s] -- Detecting CXX compiler ABI info - done
[0.323s] -- Check for working CXX compiler: /usr/bin/c++ - skipped
[0.324s] -- Detecting CXX compile features
[0.324s] -- Detecting CXX compile features - done
[0.350s] -- Configuring incomplete, errors occurred!
[0.350s] See also "/home/odyssey/final-project/crazyflie_mapping_demo/ros2_ws/build/crazyflie_interfaces/CMakeFiles/CMakeOutput.log".
[0.351s] [31mCMake Error at CMakeLists.txt:13 (find_package):
[0.351s]   By not providing "Findament_cmake.cmake" in CMAKE_MODULE_PATH this project
[0.351s]   has asked CMake to find a package configuration file provided by
[0.351s]   "ament_cmake", but CMake did not find one.
[0.351s] 
[0.351s]   Could not find a package configuration file provided by "ament_cmake" with
[0.351s]   any of the following names:
[0.351s] 
[0.351s]     ament_cmakeConfig.cmake
[0.351s]     ament_cmake-config.cmake
[0.351s] 
[0.353s]   Add the installation prefix of "ament_cmake" to CMAKE_PREFIX_PATH or set
[0.353s]   "ament_cmake_DIR" to a directory containing one of the above files.  If
[0.353s]   "ament_cmake" provides a separate development package or SDK, be sure it
[0.353s]   has been installed.
[0.353s] 
[0.353s] [0m
[0.365s] Invoked command in '/home/odyssey/final-project/crazyflie_mapping_demo/ros2_ws/build/crazyflie_interfaces' returned '1': /usr/bin/cmake /home/odyssey/final-project/crazyflie_mapping_demo/ros2_ws/src/crazyswarm2/crazyflie_interfaces -DCMAKE_INSTALL_PREFIX=/home/odyssey/final-project/crazyflie_mapping_demo/ros2_ws/install/crazyflie_interfaces
