[0.030s] Invoking command in '/home/odyssey/final-project/crazyflie_mapping_demo/ros2_ws/build/crazyflie_ros2_multiranger_bringup': CMAKE_PREFIX_PATH=/home/odyssey/final-project/crazyflie_mapping_demo/ros2_ws/install/ros_gz_crazyflie_bringup:/home/odyssey/final-project/crazyflie_mapping_demo/ros2_ws/install/ros_gz_crazyflie_gazebo:/home/odyssey/final-project/crazyflie_mapping_demo/ros2_ws/install/crazyflie_ros2_multiranger_bringup:/home/odyssey/final-project/crazyflie_mapping_demo/ros2_ws/install/crazyflie_sim:/home/odyssey/final-project/crazyflie_mapping_demo/ros2_ws/install/crazyflie_examples:/home/odyssey/final-project/crazyflie_mapping_demo/ros2_ws/install/crazyflie:/home/odyssey/final-project/crazyflie_mapping_demo/ros2_ws/install/crazyflie_interfaces:/home/odyssey/final-project/crazyflie_mapping_demo/ros2_ws/install/ros_gz_crazyflie_control:/home/odyssey/final-project/crazyflie_mapping_demo/ros2_ws/install/crazyflie_ros2_multiranger_wall_following:/home/odyssey/final-project/crazyflie_mapping_demo/ros2_ws/install/crazyflie_ros2_multiranger_simple_mapper:/home/odyssey/final-project/crazyflie_mapping_demo/ros2_ws/install/crazyflie_py:/opt/ros/humble /usr/bin/cmake /home/odyssey/final-project/crazyflie_mapping_demo/ros2_ws/src/cf-multiranger/crazyflie_ros2_multiranger_bringup -DBUILD_TESTING=ON -DCMAKE_INSTALL_PREFIX=/home/odyssey/final-project/crazyflie_mapping_demo/ros2_ws/install/crazyflie_ros2_multiranger_bringup
[0.157s] -- The C compiler identification is GNU 11.4.0
[0.293s] -- The CXX compiler identification is GNU 11.4.0
[0.319s] -- Detecting C compiler ABI info
[0.499s] -- Detecting C compiler ABI info - done
[0.505s] -- Check for working C compiler: /usr/bin/cc - skipped
[0.506s] -- Detecting C compile features
[0.511s] -- Detecting C compile features - done
[0.520s] -- Detecting CXX compiler ABI info
[0.629s] -- Detecting CXX compiler ABI info - done
[0.639s] -- Check for working CXX compiler: /usr/bin/c++ - skipped
[0.639s] -- Detecting CXX compile features
[0.641s] -- Detecting CXX compile features - done
[0.644s] -- Found ament_cmake: 1.3.13 (/opt/ros/humble/share/ament_cmake/cmake)
[0.834s] -- Found Python3: /usr/bin/python3 (found version "3.10.12") found components: Interpreter 
[0.946s] -- Found ros_gz_crazyflie_bringup: 0.0.0 (/home/odyssey/final-project/crazyflie_mapping_demo/ros2_ws/install/ros_gz_crazyflie_bringup/share/ros_gz_crazyflie_bringup/cmake)
[0.949s] -- Found ament_lint_auto: 0.12.15 (/opt/ros/humble/share/ament_lint_auto/cmake)
[1.016s] -- Configuring done
[1.016s] -- Generating done
[1.021s] -- Build files have been written to: /home/odyssey/final-project/crazyflie_mapping_demo/ros2_ws/build/crazyflie_ros2_multiranger_bringup
[1.023s] Invoked command in '/home/odyssey/final-project/crazyflie_mapping_demo/ros2_ws/build/crazyflie_ros2_multiranger_bringup' returned '0': CMAKE_PREFIX_PATH=/home/odyssey/final-project/crazyflie_mapping_demo/ros2_ws/install/ros_gz_crazyflie_bringup:/home/odyssey/final-project/crazyflie_mapping_demo/ros2_ws/install/ros_gz_crazyflie_gazebo:/home/odyssey/final-project/crazyflie_mapping_demo/ros2_ws/install/crazyflie_ros2_multiranger_bringup:/home/odyssey/final-project/crazyflie_mapping_demo/ros2_ws/install/crazyflie_sim:/home/odyssey/final-project/crazyflie_mapping_demo/ros2_ws/install/crazyflie_examples:/home/odyssey/final-project/crazyflie_mapping_demo/ros2_ws/install/crazyflie:/home/odyssey/final-project/crazyflie_mapping_demo/ros2_ws/install/crazyflie_interfaces:/home/odyssey/final-project/crazyflie_mapping_demo/ros2_ws/install/ros_gz_crazyflie_control:/home/odyssey/final-project/crazyflie_mapping_demo/ros2_ws/install/crazyflie_ros2_multiranger_wall_following:/home/odyssey/final-project/crazyflie_mapping_demo/ros2_ws/install/crazyflie_ros2_multiranger_simple_mapper:/home/odyssey/final-project/crazyflie_mapping_demo/ros2_ws/install/crazyflie_py:/opt/ros/humble /usr/bin/cmake /home/odyssey/final-project/crazyflie_mapping_demo/ros2_ws/src/cf-multiranger/crazyflie_ros2_multiranger_bringup -DBUILD_TESTING=ON -DCMAKE_INSTALL_PREFIX=/home/odyssey/final-project/crazyflie_mapping_demo/ros2_ws/install/crazyflie_ros2_multiranger_bringup
[1.025s] Invoking command in '/home/odyssey/final-project/crazyflie_mapping_demo/ros2_ws/build/crazyflie_ros2_multiranger_bringup': CMAKE_PREFIX_PATH=/home/odyssey/final-project/crazyflie_mapping_demo/ros2_ws/install/ros_gz_crazyflie_bringup:/home/odyssey/final-project/crazyflie_mapping_demo/ros2_ws/install/ros_gz_crazyflie_gazebo:/home/odyssey/final-project/crazyflie_mapping_demo/ros2_ws/install/crazyflie_ros2_multiranger_bringup:/home/odyssey/final-project/crazyflie_mapping_demo/ros2_ws/install/crazyflie_sim:/home/odyssey/final-project/crazyflie_mapping_demo/ros2_ws/install/crazyflie_examples:/home/odyssey/final-project/crazyflie_mapping_demo/ros2_ws/install/crazyflie:/home/odyssey/final-project/crazyflie_mapping_demo/ros2_ws/install/crazyflie_interfaces:/home/odyssey/final-project/crazyflie_mapping_demo/ros2_ws/install/ros_gz_crazyflie_control:/home/odyssey/final-project/crazyflie_mapping_demo/ros2_ws/install/crazyflie_ros2_multiranger_wall_following:/home/odyssey/final-project/crazyflie_mapping_demo/ros2_ws/install/crazyflie_ros2_multiranger_simple_mapper:/home/odyssey/final-project/crazyflie_mapping_demo/ros2_ws/install/crazyflie_py:/opt/ros/humble /usr/bin/cmake --build /home/odyssey/final-project/crazyflie_mapping_demo/ros2_ws/build/crazyflie_ros2_multiranger_bringup -- -j2 -l2
[1.075s] Invoked command in '/home/odyssey/final-project/crazyflie_mapping_demo/ros2_ws/build/crazyflie_ros2_multiranger_bringup' returned '0': CMAKE_PREFIX_PATH=/home/odyssey/final-project/crazyflie_mapping_demo/ros2_ws/install/ros_gz_crazyflie_bringup:/home/odyssey/final-project/crazyflie_mapping_demo/ros2_ws/install/ros_gz_crazyflie_gazebo:/home/odyssey/final-project/crazyflie_mapping_demo/ros2_ws/install/crazyflie_ros2_multiranger_bringup:/home/odyssey/final-project/crazyflie_mapping_demo/ros2_ws/install/crazyflie_sim:/home/odyssey/final-project/crazyflie_mapping_demo/ros2_ws/install/crazyflie_examples:/home/odyssey/final-project/crazyflie_mapping_demo/ros2_ws/install/crazyflie:/home/odyssey/final-project/crazyflie_mapping_demo/ros2_ws/install/crazyflie_interfaces:/home/odyssey/final-project/crazyflie_mapping_demo/ros2_ws/install/ros_gz_crazyflie_control:/home/odyssey/final-project/crazyflie_mapping_demo/ros2_ws/install/crazyflie_ros2_multiranger_wall_following:/home/odyssey/final-project/crazyflie_mapping_demo/ros2_ws/install/crazyflie_ros2_multiranger_simple_mapper:/home/odyssey/final-project/crazyflie_mapping_demo/ros2_ws/install/crazyflie_py:/opt/ros/humble /usr/bin/cmake --build /home/odyssey/final-project/crazyflie_mapping_demo/ros2_ws/build/crazyflie_ros2_multiranger_bringup -- -j2 -l2
[1.076s] Invoking command in '/home/odyssey/final-project/crazyflie_mapping_demo/ros2_ws/build/crazyflie_ros2_multiranger_bringup': CMAKE_PREFIX_PATH=/home/odyssey/final-project/crazyflie_mapping_demo/ros2_ws/install/ros_gz_crazyflie_bringup:/home/odyssey/final-project/crazyflie_mapping_demo/ros2_ws/install/ros_gz_crazyflie_gazebo:/home/odyssey/final-project/crazyflie_mapping_demo/ros2_ws/install/crazyflie_ros2_multiranger_bringup:/home/odyssey/final-project/crazyflie_mapping_demo/ros2_ws/install/crazyflie_sim:/home/odyssey/final-project/crazyflie_mapping_demo/ros2_ws/install/crazyflie_examples:/home/odyssey/final-project/crazyflie_mapping_demo/ros2_ws/install/crazyflie:/home/odyssey/final-project/crazyflie_mapping_demo/ros2_ws/install/crazyflie_interfaces:/home/odyssey/final-project/crazyflie_mapping_demo/ros2_ws/install/ros_gz_crazyflie_control:/home/odyssey/final-project/crazyflie_mapping_demo/ros2_ws/install/crazyflie_ros2_multiranger_wall_following:/home/odyssey/final-project/crazyflie_mapping_demo/ros2_ws/install/crazyflie_ros2_multiranger_simple_mapper:/home/odyssey/final-project/crazyflie_mapping_demo/ros2_ws/install/crazyflie_py:/opt/ros/humble /usr/bin/cmake --install /home/odyssey/final-project/crazyflie_mapping_demo/ros2_ws/build/crazyflie_ros2_multiranger_bringup
[1.088s] -- Install configuration: ""
[1.088s] -- Installing: /home/odyssey/final-project/crazyflie_mapping_demo/ros2_ws/install/crazyflie_ros2_multiranger_bringup/share/crazyflie_ros2_multiranger_bringup//launch
[1.089s] -- Installing: /home/odyssey/final-project/crazyflie_mapping_demo/ros2_ws/install/crazyflie_ros2_multiranger_bringup/share/crazyflie_ros2_multiranger_bringup//launch/wall_follower_mapper_real.launch.py
[1.089s] -- Installing: /home/odyssey/final-project/crazyflie_mapping_demo/ros2_ws/install/crazyflie_ros2_multiranger_bringup/share/crazyflie_ros2_multiranger_bringup//launch/simple_mapper_real.launch.py
[1.090s] -- Installing: /home/odyssey/final-project/crazyflie_mapping_demo/ros2_ws/install/crazyflie_ros2_multiranger_bringup/share/crazyflie_ros2_multiranger_bringup//launch/simple_mapper_simulation.launch.py
[1.090s] -- Installing: /home/odyssey/final-project/crazyflie_mapping_demo/ros2_ws/install/crazyflie_ros2_multiranger_bringup/share/crazyflie_ros2_multiranger_bringup//launch/wall_follower_mapper_simulation.launch.py
[1.091s] -- Installing: /home/odyssey/final-project/crazyflie_mapping_demo/ros2_ws/install/crazyflie_ros2_multiranger_bringup/share/crazyflie_ros2_multiranger_bringup//config
[1.091s] -- Installing: /home/odyssey/final-project/crazyflie_mapping_demo/ros2_ws/install/crazyflie_ros2_multiranger_bringup/share/crazyflie_ros2_multiranger_bringup//config/real_mapping.rviz
[1.091s] -- Installing: /home/odyssey/final-project/crazyflie_mapping_demo/ros2_ws/install/crazyflie_ros2_multiranger_bringup/share/crazyflie_ros2_multiranger_bringup//config/crazyflie_real_crazyswarm2.yaml
[1.092s] -- Installing: /home/odyssey/final-project/crazyflie_mapping_demo/ros2_ws/install/crazyflie_ros2_multiranger_bringup/share/crazyflie_ros2_multiranger_bringup//config/sim_mapping.rviz
[1.093s] -- Installing: /home/odyssey/final-project/crazyflie_mapping_demo/ros2_ws/install/crazyflie_ros2_multiranger_bringup/share/ament_index/resource_index/package_run_dependencies/crazyflie_ros2_multiranger_bringup
[1.093s] -- Installing: /home/odyssey/final-project/crazyflie_mapping_demo/ros2_ws/install/crazyflie_ros2_multiranger_bringup/share/ament_index/resource_index/parent_prefix_path/crazyflie_ros2_multiranger_bringup
[1.093s] -- Installing: /home/odyssey/final-project/crazyflie_mapping_demo/ros2_ws/install/crazyflie_ros2_multiranger_bringup/share/crazyflie_ros2_multiranger_bringup/environment/ament_prefix_path.sh
[1.093s] -- Installing: /home/odyssey/final-project/crazyflie_mapping_demo/ros2_ws/install/crazyflie_ros2_multiranger_bringup/share/crazyflie_ros2_multiranger_bringup/environment/ament_prefix_path.dsv
[1.093s] -- Installing: /home/odyssey/final-project/crazyflie_mapping_demo/ros2_ws/install/crazyflie_ros2_multiranger_bringup/share/crazyflie_ros2_multiranger_bringup/environment/path.sh
[1.104s] -- Installing: /home/odyssey/final-project/crazyflie_mapping_demo/ros2_ws/install/crazyflie_ros2_multiranger_bringup/share/crazyflie_ros2_multiranger_bringup/environment/path.dsv
[1.105s] -- Installing: /home/odyssey/final-project/crazyflie_mapping_demo/ros2_ws/install/crazyflie_ros2_multiranger_bringup/share/crazyflie_ros2_multiranger_bringup/local_setup.bash
[1.105s] -- Installing: /home/odyssey/final-project/crazyflie_mapping_demo/ros2_ws/install/crazyflie_ros2_multiranger_bringup/share/crazyflie_ros2_multiranger_bringup/local_setup.sh
[1.105s] -- Installing: /home/odyssey/final-project/crazyflie_mapping_demo/ros2_ws/install/crazyflie_ros2_multiranger_bringup/share/crazyflie_ros2_multiranger_bringup/local_setup.zsh
[1.105s] -- Installing: /home/odyssey/final-project/crazyflie_mapping_demo/ros2_ws/install/crazyflie_ros2_multiranger_bringup/share/crazyflie_ros2_multiranger_bringup/local_setup.dsv
[1.105s] -- Installing: /home/odyssey/final-project/crazyflie_mapping_demo/ros2_ws/install/crazyflie_ros2_multiranger_bringup/share/crazyflie_ros2_multiranger_bringup/package.dsv
[1.105s] -- Installing: /home/odyssey/final-project/crazyflie_mapping_demo/ros2_ws/install/crazyflie_ros2_multiranger_bringup/share/ament_index/resource_index/packages/crazyflie_ros2_multiranger_bringup
[1.105s] -- Installing: /home/odyssey/final-project/crazyflie_mapping_demo/ros2_ws/install/crazyflie_ros2_multiranger_bringup/share/crazyflie_ros2_multiranger_bringup/cmake/crazyflie_ros2_multiranger_bringupConfig.cmake
[1.105s] -- Installing: /home/odyssey/final-project/crazyflie_mapping_demo/ros2_ws/install/crazyflie_ros2_multiranger_bringup/share/crazyflie_ros2_multiranger_bringup/cmake/crazyflie_ros2_multiranger_bringupConfig-version.cmake
[1.105s] -- Installing: /home/odyssey/final-project/crazyflie_mapping_demo/ros2_ws/install/crazyflie_ros2_multiranger_bringup/share/crazyflie_ros2_multiranger_bringup/package.xml
[1.105s] Invoked command in '/home/odyssey/final-project/crazyflie_mapping_demo/ros2_ws/build/crazyflie_ros2_multiranger_bringup' returned '0': CMAKE_PREFIX_PATH=/home/odyssey/final-project/crazyflie_mapping_demo/ros2_ws/install/ros_gz_crazyflie_bringup:/home/odyssey/final-project/crazyflie_mapping_demo/ros2_ws/install/ros_gz_crazyflie_gazebo:/home/odyssey/final-project/crazyflie_mapping_demo/ros2_ws/install/crazyflie_ros2_multiranger_bringup:/home/odyssey/final-project/crazyflie_mapping_demo/ros2_ws/install/crazyflie_sim:/home/odyssey/final-project/crazyflie_mapping_demo/ros2_ws/install/crazyflie_examples:/home/odyssey/final-project/crazyflie_mapping_demo/ros2_ws/install/crazyflie:/home/odyssey/final-project/crazyflie_mapping_demo/ros2_ws/install/crazyflie_interfaces:/home/odyssey/final-project/crazyflie_mapping_demo/ros2_ws/install/ros_gz_crazyflie_control:/home/odyssey/final-project/crazyflie_mapping_demo/ros2_ws/install/crazyflie_ros2_multiranger_wall_following:/home/odyssey/final-project/crazyflie_mapping_demo/ros2_ws/install/crazyflie_ros2_multiranger_simple_mapper:/home/odyssey/final-project/crazyflie_mapping_demo/ros2_ws/install/crazyflie_py:/opt/ros/humble /usr/bin/cmake --install /home/odyssey/final-project/crazyflie_mapping_demo/ros2_ws/build/crazyflie_ros2_multiranger_bringup
