[0.011s] Invoking command in '/home/odyssey/final-project/crazyflie_mapping_demo/ros2_ws/build/crazyflie': CMAKE_PREFIX_PATH=/home/odyssey/final-project/crazyflie_mapping_demo/ros2_ws/install/crazyflie_interfaces:/home/odyssey/final-project/crazyflie_mapping_demo/ros2_ws/install/crazyflie_ros2_multiranger_bringup:/home/odyssey/final-project/crazyflie_mapping_demo/ros2_ws/install/ros_gz_crazyflie_bringup:/home/odyssey/final-project/crazyflie_mapping_demo/ros2_ws/install/ros_gz_crazyflie_gazebo:/home/odyssey/final-project/crazyflie_mapping_demo/ros2_ws/install/crazyflie_sim:/home/odyssey/final-project/crazyflie_mapping_demo/ros2_ws/install/crazyflie_examples:/home/odyssey/final-project/crazyflie_mapping_demo/ros2_ws/install/crazyflie:/home/odyssey/final-project/crazyflie_mapping_demo/ros2_ws/install/ros_gz_crazyflie_control:/home/odyssey/final-project/crazyflie_mapping_demo/ros2_ws/install/crazyflie_ros2_multiranger_wall_following:/home/odyssey/final-project/crazyflie_mapping_demo/ros2_ws/install/crazyflie_ros2_multiranger_simple_mapper:/home/odyssey/final-project/crazyflie_mapping_demo/ros2_ws/install/crazyflie_py:/opt/ros/humble /usr/bin/cmake --build /home/odyssey/final-project/crazyflie_mapping_demo/ros2_ws/build/crazyflie -- -j2 -l2
[0.101s] [35m[1mConsolidate compiler generated dependencies of target teleop[0m
[0.136s] [  5%] Built target teleop
[0.161s] [35m[1mConsolidate compiler generated dependencies of target crazyflieLinkCpp[0m
[0.193s] [ 27%] Built target crazyflieLinkCpp
[0.216s] [35m[1mConsolidate compiler generated dependencies of target crazyflie_cpp[0m
[0.241s] [ 35%] Built target crazyflie_cpp
[0.259s] [35m[1mConsolidate compiler generated dependencies of target crazyflie_server[0m
[0.293s] [ 40%] Built target crazyflie_server
[0.319s] [35m[1mConsolidate compiler generated dependencies of target scan[0m
[0.359s] [ 45%] Built target scan
[0.369s] [35m[1mConsolidate compiler generated dependencies of target listParams[0m
[0.387s] [ 50%] Built target listParams
[0.402s] [35m[1mConsolidate compiler generated dependencies of target listLogVariables[0m
[0.417s] [ 55%] Built target listLogVariables
[0.427s] [35m[1mConsolidate compiler generated dependencies of target listMemories[0m
[0.449s] [ 60%] Built target listMemories
[0.460s] [35m[1mConsolidate compiler generated dependencies of target reboot[0m
[0.487s] [ 65%] Built target reboot
[0.499s] [35m[1mConsolidate compiler generated dependencies of target battery[0m
[0.517s] [ 70%] Built target battery
[0.531s] [35m[1mConsolidate compiler generated dependencies of target version[0m
[0.544s] [ 75%] Built target version
[0.557s] [35m[1mConsolidate compiler generated dependencies of target console[0m
[0.574s] [ 80%] Built target console
[0.585s] [35m[1mConsolidate compiler generated dependencies of target comCheck[0m
[0.608s] [ 85%] Built target comCheck
[0.617s] [35m[1mConsolidate compiler generated dependencies of target log[0m
[0.641s] [ 90%] Built target log
[0.650s] [35m[1mConsolidate compiler generated dependencies of target downloadUSDLogfile[0m
[0.672s] [ 95%] Built target downloadUSDLogfile
[0.691s] [35m[1mConsolidate compiler generated dependencies of target setParam[0m
[0.729s] [100%] Built target setParam
[0.758s] Invoked command in '/home/odyssey/final-project/crazyflie_mapping_demo/ros2_ws/build/crazyflie' returned '0': CMAKE_PREFIX_PATH=/home/odyssey/final-project/crazyflie_mapping_demo/ros2_ws/install/crazyflie_interfaces:/home/odyssey/final-project/crazyflie_mapping_demo/ros2_ws/install/crazyflie_ros2_multiranger_bringup:/home/odyssey/final-project/crazyflie_mapping_demo/ros2_ws/install/ros_gz_crazyflie_bringup:/home/odyssey/final-project/crazyflie_mapping_demo/ros2_ws/install/ros_gz_crazyflie_gazebo:/home/odyssey/final-project/crazyflie_mapping_demo/ros2_ws/install/crazyflie_sim:/home/odyssey/final-project/crazyflie_mapping_demo/ros2_ws/install/crazyflie_examples:/home/odyssey/final-project/crazyflie_mapping_demo/ros2_ws/install/crazyflie:/home/odyssey/final-project/crazyflie_mapping_demo/ros2_ws/install/ros_gz_crazyflie_control:/home/odyssey/final-project/crazyflie_mapping_demo/ros2_ws/install/crazyflie_ros2_multiranger_wall_following:/home/odyssey/final-project/crazyflie_mapping_demo/ros2_ws/install/crazyflie_ros2_multiranger_simple_mapper:/home/odyssey/final-project/crazyflie_mapping_demo/ros2_ws/install/crazyflie_py:/opt/ros/humble /usr/bin/cmake --build /home/odyssey/final-project/crazyflie_mapping_demo/ros2_ws/build/crazyflie -- -j2 -l2
[0.758s] Invoking command in '/home/odyssey/final-project/crazyflie_mapping_demo/ros2_ws/build/crazyflie': CMAKE_PREFIX_PATH=/home/odyssey/final-project/crazyflie_mapping_demo/ros2_ws/install/crazyflie_interfaces:/home/odyssey/final-project/crazyflie_mapping_demo/ros2_ws/install/crazyflie_ros2_multiranger_bringup:/home/odyssey/final-project/crazyflie_mapping_demo/ros2_ws/install/ros_gz_crazyflie_bringup:/home/odyssey/final-project/crazyflie_mapping_demo/ros2_ws/install/ros_gz_crazyflie_gazebo:/home/odyssey/final-project/crazyflie_mapping_demo/ros2_ws/install/crazyflie_sim:/home/odyssey/final-project/crazyflie_mapping_demo/ros2_ws/install/crazyflie_examples:/home/odyssey/final-project/crazyflie_mapping_demo/ros2_ws/install/crazyflie:/home/odyssey/final-project/crazyflie_mapping_demo/ros2_ws/install/ros_gz_crazyflie_control:/home/odyssey/final-project/crazyflie_mapping_demo/ros2_ws/install/crazyflie_ros2_multiranger_wall_following:/home/odyssey/final-project/crazyflie_mapping_demo/ros2_ws/install/crazyflie_ros2_multiranger_simple_mapper:/home/odyssey/final-project/crazyflie_mapping_demo/ros2_ws/install/crazyflie_py:/opt/ros/humble /usr/bin/cmake --install /home/odyssey/final-project/crazyflie_mapping_demo/ros2_ws/build/crazyflie
[0.774s] -- Install configuration: ""
[0.778s] -- Up-to-date: /home/odyssey/final-project/crazyflie_mapping_demo/ros2_ws/install/crazyflie/lib/crazyflie/comCheck
[0.778s] -- Up-to-date: /home/odyssey/final-project/crazyflie_mapping_demo/ros2_ws/install/crazyflie/lib/crazyflie/scan
[0.778s] -- Up-to-date: /home/odyssey/final-project/crazyflie_mapping_demo/ros2_ws/install/crazyflie/lib/crazyflie/listParams
[0.778s] -- Up-to-date: /home/odyssey/final-project/crazyflie_mapping_demo/ros2_ws/install/crazyflie/lib/crazyflie/listLogVariables
[0.778s] -- Up-to-date: /home/odyssey/final-project/crazyflie_mapping_demo/ros2_ws/install/crazyflie/lib/crazyflie/listMemories
[0.778s] -- Up-to-date: /home/odyssey/final-project/crazyflie_mapping_demo/ros2_ws/install/crazyflie/lib/crazyflie/reboot
[0.778s] -- Up-to-date: /home/odyssey/final-project/crazyflie_mapping_demo/ros2_ws/install/crazyflie/lib/crazyflie/battery
[0.778s] -- Up-to-date: /home/odyssey/final-project/crazyflie_mapping_demo/ros2_ws/install/crazyflie/lib/crazyflie/version
[0.778s] -- Up-to-date: /home/odyssey/final-project/crazyflie_mapping_demo/ros2_ws/install/crazyflie/lib/crazyflie/console
[0.778s] -- Up-to-date: /home/odyssey/final-project/crazyflie_mapping_demo/ros2_ws/install/crazyflie/lib/crazyflie/log
[0.778s] -- Up-to-date: /home/odyssey/final-project/crazyflie_mapping_demo/ros2_ws/install/crazyflie/lib/crazyflie/setParam
[0.778s] -- Up-to-date: /home/odyssey/final-project/crazyflie_mapping_demo/ros2_ws/install/crazyflie/lib/crazyflie/downloadUSDLogfile
[0.778s] -- Up-to-date: /home/odyssey/final-project/crazyflie_mapping_demo/ros2_ws/install/crazyflie/lib/crazyflie/teleop
[0.778s] -- Up-to-date: /home/odyssey/final-project/crazyflie_mapping_demo/ros2_ws/install/crazyflie/lib/crazyflie/crazyflie_server
[0.778s] -- Up-to-date: /home/odyssey/final-project/crazyflie_mapping_demo/ros2_ws/install/crazyflie/lib/crazyflie/crazyflie_server.py
[0.779s] -- Up-to-date: /home/odyssey/final-project/crazyflie_mapping_demo/ros2_ws/install/crazyflie/lib/crazyflie/chooser.py
[0.779s] -- Up-to-date: /home/odyssey/final-project/crazyflie_mapping_demo/ros2_ws/install/crazyflie/lib/crazyflie/vel_mux.py
[0.781s] -- Up-to-date: /home/odyssey/final-project/crazyflie_mapping_demo/ros2_ws/install/crazyflie/lib/crazyflie/cfmult.py
[0.781s] -- Up-to-date: /home/odyssey/final-project/crazyflie_mapping_demo/ros2_ws/install/crazyflie/lib/crazyflie/simple_mapper_multiranger.py
[0.781s] -- Up-to-date: /home/odyssey/final-project/crazyflie_mapping_demo/ros2_ws/install/crazyflie/lib/crazyflie/aideck_streamer.py
[0.781s] -- Up-to-date: /home/odyssey/final-project/crazyflie_mapping_demo/ros2_ws/install/crazyflie/lib/crazyflie/gui.py
[0.781s] -- Up-to-date: /home/odyssey/final-project/crazyflie_mapping_demo/ros2_ws/install/crazyflie/lib/crazyflie/flash.py
[0.781s] -- Up-to-date: /home/odyssey/final-project/crazyflie_mapping_demo/ros2_ws/install/crazyflie/share/crazyflie//launch
[0.781s] -- Up-to-date: /home/odyssey/final-project/crazyflie_mapping_demo/ros2_ws/install/crazyflie/share/crazyflie//launch/launch.py
[0.781s] -- Up-to-date: /home/odyssey/final-project/crazyflie_mapping_demo/ros2_ws/install/crazyflie/share/crazyflie//launch/teleop_launch.py
[0.781s] -- Up-to-date: /home/odyssey/final-project/crazyflie_mapping_demo/ros2_ws/install/crazyflie/share/crazyflie//launch/launch_teleop2.py
[0.785s] -- Up-to-date: /home/odyssey/final-project/crazyflie_mapping_demo/ros2_ws/install/crazyflie/share/crazyflie//config
[0.788s] -- Up-to-date: /home/odyssey/final-project/crazyflie_mapping_demo/ros2_ws/install/crazyflie/share/crazyflie//config/motion_capture.yaml
[0.788s] -- Up-to-date: /home/odyssey/final-project/crazyflie_mapping_demo/ros2_ws/install/crazyflie/share/crazyflie//config/aideck_streamer.yaml
[0.788s] -- Up-to-date: /home/odyssey/final-project/crazyflie_mapping_demo/ros2_ws/install/crazyflie/share/crazyflie//config/config.rviz
[0.788s] -- Up-to-date: /home/odyssey/final-project/crazyflie_mapping_demo/ros2_ws/install/crazyflie/share/crazyflie//config/server.yaml
[0.788s] -- Up-to-date: /home/odyssey/final-project/crazyflie_mapping_demo/ros2_ws/install/crazyflie/share/crazyflie//config/crazyflies.yaml
[0.788s] -- Up-to-date: /home/odyssey/final-project/crazyflie_mapping_demo/ros2_ws/install/crazyflie/share/crazyflie//config/teleop.yaml
[0.788s] -- Up-to-date: /home/odyssey/final-project/crazyflie_mapping_demo/ros2_ws/install/crazyflie/share/crazyflie//urdf
[0.788s] -- Up-to-date: /home/odyssey/final-project/crazyflie_mapping_demo/ros2_ws/install/crazyflie/share/crazyflie//urdf/cf2_assembly_with_props.dae
[0.788s] -- Up-to-date: /home/odyssey/final-project/crazyflie_mapping_demo/ros2_ws/install/crazyflie/share/crazyflie//urdf/cf2_assembly.stl
[0.788s] -- Up-to-date: /home/odyssey/final-project/crazyflie_mapping_demo/ros2_ws/install/crazyflie/share/crazyflie//urdf/crazyflie_description.urdf
[0.788s] -- Up-to-date: /home/odyssey/final-project/crazyflie_mapping_demo/ros2_ws/install/crazyflie/share/ament_index/resource_index/package_run_dependencies/crazyflie
[0.788s] -- Up-to-date: /home/odyssey/final-project/crazyflie_mapping_demo/ros2_ws/install/crazyflie/share/ament_index/resource_index/parent_prefix_path/crazyflie
[0.788s] -- Up-to-date: /home/odyssey/final-project/crazyflie_mapping_demo/ros2_ws/install/crazyflie/share/crazyflie/environment/ament_prefix_path.sh
[0.788s] -- Up-to-date: /home/odyssey/final-project/crazyflie_mapping_demo/ros2_ws/install/crazyflie/share/crazyflie/environment/ament_prefix_path.dsv
[0.788s] -- Up-to-date: /home/odyssey/final-project/crazyflie_mapping_demo/ros2_ws/install/crazyflie/share/crazyflie/environment/path.sh
[0.788s] -- Up-to-date: /home/odyssey/final-project/crazyflie_mapping_demo/ros2_ws/install/crazyflie/share/crazyflie/environment/path.dsv
[0.788s] -- Up-to-date: /home/odyssey/final-project/crazyflie_mapping_demo/ros2_ws/install/crazyflie/share/crazyflie/local_setup.bash
[0.788s] -- Up-to-date: /home/odyssey/final-project/crazyflie_mapping_demo/ros2_ws/install/crazyflie/share/crazyflie/local_setup.sh
[0.788s] -- Up-to-date: /home/odyssey/final-project/crazyflie_mapping_demo/ros2_ws/install/crazyflie/share/crazyflie/local_setup.zsh
[0.788s] -- Up-to-date: /home/odyssey/final-project/crazyflie_mapping_demo/ros2_ws/install/crazyflie/share/crazyflie/local_setup.dsv
[0.791s] -- Installing: /home/odyssey/final-project/crazyflie_mapping_demo/ros2_ws/install/crazyflie/share/crazyflie/package.dsv
[0.796s] -- Up-to-date: /home/odyssey/final-project/crazyflie_mapping_demo/ros2_ws/install/crazyflie/share/ament_index/resource_index/packages/crazyflie
[0.796s] -- Up-to-date: /home/odyssey/final-project/crazyflie_mapping_demo/ros2_ws/install/crazyflie/share/crazyflie/cmake/crazyflieConfig.cmake
[0.796s] -- Up-to-date: /home/odyssey/final-project/crazyflie_mapping_demo/ros2_ws/install/crazyflie/share/crazyflie/cmake/crazyflieConfig-version.cmake
[0.796s] -- Up-to-date: /home/odyssey/final-project/crazyflie_mapping_demo/ros2_ws/install/crazyflie/share/crazyflie/package.xml
[0.797s] Invoked command in '/home/odyssey/final-project/crazyflie_mapping_demo/ros2_ws/build/crazyflie' returned '0': CMAKE_PREFIX_PATH=/home/odyssey/final-project/crazyflie_mapping_demo/ros2_ws/install/crazyflie_interfaces:/home/odyssey/final-project/crazyflie_mapping_demo/ros2_ws/install/crazyflie_ros2_multiranger_bringup:/home/odyssey/final-project/crazyflie_mapping_demo/ros2_ws/install/ros_gz_crazyflie_bringup:/home/odyssey/final-project/crazyflie_mapping_demo/ros2_ws/install/ros_gz_crazyflie_gazebo:/home/odyssey/final-project/crazyflie_mapping_demo/ros2_ws/install/crazyflie_sim:/home/odyssey/final-project/crazyflie_mapping_demo/ros2_ws/install/crazyflie_examples:/home/odyssey/final-project/crazyflie_mapping_demo/ros2_ws/install/crazyflie:/home/odyssey/final-project/crazyflie_mapping_demo/ros2_ws/install/ros_gz_crazyflie_control:/home/odyssey/final-project/crazyflie_mapping_demo/ros2_ws/install/crazyflie_ros2_multiranger_wall_following:/home/odyssey/final-project/crazyflie_mapping_demo/ros2_ws/install/crazyflie_ros2_multiranger_simple_mapper:/home/odyssey/final-project/crazyflie_mapping_demo/ros2_ws/install/crazyflie_py:/opt/ros/humble /usr/bin/cmake --install /home/odyssey/final-project/crazyflie_mapping_demo/ros2_ws/build/crazyflie
