[1.449s] Invoking command in '/home/odyssey/final-project/crazyflie_mapping_demo/ros2_ws/src/cf-gz/ros_gz_crazyflie_control': PYTHONPATH=/home/odyssey/final-project/crazyflie_mapping_demo/ros2_ws/build/ros_gz_crazyflie_control/prefix_override:/usr/lib/python3/dist-packages/colcon_core/task/python/colcon_distutils_commands:/home/odyssey/final-project/crazyflie_mapping_demo/ros2_ws/install/ros_gz_crazyflie_control/lib/python3.10/site-packages:${PYTHONPATH} /usr/bin/python3 -W ignore:setup.py install is deprecated -W ignore:easy_install command is deprecated setup.py egg_info --egg-base ../../../build/ros_gz_crazyflie_control build --build-base /home/odyssey/final-project/crazyflie_mapping_demo/ros2_ws/build/ros_gz_crazyflie_control/build install --record /home/odyssey/final-project/crazyflie_mapping_demo/ros2_ws/build/ros_gz_crazyflie_control/install.log --single-version-externally-managed install_data
[1.969s] running egg_info
[1.969s] creating ../../../build/ros_gz_crazyflie_control/ros_gz_crazyflie_control.egg-info
[1.969s] writing ../../../build/ros_gz_crazyflie_control/ros_gz_crazyflie_control.egg-info/PKG-INFO
[1.969s] writing dependency_links to ../../../build/ros_gz_crazyflie_control/ros_gz_crazyflie_control.egg-info/dependency_links.txt
[1.973s] writing entry points to ../../../build/ros_gz_crazyflie_control/ros_gz_crazyflie_control.egg-info/entry_points.txt
[1.973s] writing requirements to ../../../build/ros_gz_crazyflie_control/ros_gz_crazyflie_control.egg-info/requires.txt
[1.973s] writing top-level names to ../../../build/ros_gz_crazyflie_control/ros_gz_crazyflie_control.egg-info/top_level.txt
[1.973s] writing manifest file '../../../build/ros_gz_crazyflie_control/ros_gz_crazyflie_control.egg-info/SOURCES.txt'
[1.974s] reading manifest file '../../../build/ros_gz_crazyflie_control/ros_gz_crazyflie_control.egg-info/SOURCES.txt'
[1.977s] writing manifest file '../../../build/ros_gz_crazyflie_control/ros_gz_crazyflie_control.egg-info/SOURCES.txt'
[1.977s] running build
[1.977s] running build_py
[1.981s] creating /home/odyssey/final-project/crazyflie_mapping_demo/ros2_ws/build/ros_gz_crazyflie_control/build
[1.981s] creating /home/odyssey/final-project/crazyflie_mapping_demo/ros2_ws/build/ros_gz_crazyflie_control/build/lib
[1.981s] creating /home/odyssey/final-project/crazyflie_mapping_demo/ros2_ws/build/ros_gz_crazyflie_control/build/lib/ros_gz_crazyflie_control
[1.981s] copying ros_gz_crazyflie_control/__init__.py -> /home/odyssey/final-project/crazyflie_mapping_demo/ros2_ws/build/ros_gz_crazyflie_control/build/lib/ros_gz_crazyflie_control
[1.981s] copying ros_gz_crazyflie_control/control_services.py -> /home/odyssey/final-project/crazyflie_mapping_demo/ros2_ws/build/ros_gz_crazyflie_control/build/lib/ros_gz_crazyflie_control
[1.981s] running install
[1.984s] running install_lib
[1.984s] creating /home/odyssey/final-project/crazyflie_mapping_demo/ros2_ws/install/ros_gz_crazyflie_control/lib/python3.10/site-packages/ros_gz_crazyflie_control
[1.984s] copying /home/odyssey/final-project/crazyflie_mapping_demo/ros2_ws/build/ros_gz_crazyflie_control/build/lib/ros_gz_crazyflie_control/__init__.py -> /home/odyssey/final-project/crazyflie_mapping_demo/ros2_ws/install/ros_gz_crazyflie_control/lib/python3.10/site-packages/ros_gz_crazyflie_control
[1.984s] copying /home/odyssey/final-project/crazyflie_mapping_demo/ros2_ws/build/ros_gz_crazyflie_control/build/lib/ros_gz_crazyflie_control/control_services.py -> /home/odyssey/final-project/crazyflie_mapping_demo/ros2_ws/install/ros_gz_crazyflie_control/lib/python3.10/site-packages/ros_gz_crazyflie_control
[1.984s] byte-compiling /home/odyssey/final-project/crazyflie_mapping_demo/ros2_ws/install/ros_gz_crazyflie_control/lib/python3.10/site-packages/ros_gz_crazyflie_control/__init__.py to __init__.cpython-310.pyc
[1.984s] byte-compiling /home/odyssey/final-project/crazyflie_mapping_demo/ros2_ws/install/ros_gz_crazyflie_control/lib/python3.10/site-packages/ros_gz_crazyflie_control/control_services.py to control_services.cpython-310.pyc
[1.986s] running install_data
[1.986s] creating /home/odyssey/final-project/crazyflie_mapping_demo/ros2_ws/install/ros_gz_crazyflie_control/share/ament_index
[1.989s] creating /home/odyssey/final-project/crazyflie_mapping_demo/ros2_ws/install/ros_gz_crazyflie_control/share/ament_index/resource_index
[1.989s] creating /home/odyssey/final-project/crazyflie_mapping_demo/ros2_ws/install/ros_gz_crazyflie_control/share/ament_index/resource_index/packages
[1.989s] copying resource/ros_gz_crazyflie_control -> /home/odyssey/final-project/crazyflie_mapping_demo/ros2_ws/install/ros_gz_crazyflie_control/share/ament_index/resource_index/packages
[1.989s] copying package.xml -> /home/odyssey/final-project/crazyflie_mapping_demo/ros2_ws/install/ros_gz_crazyflie_control/share/ros_gz_crazyflie_control
[1.991s] running install_egg_info
[1.998s] Copying ../../../build/ros_gz_crazyflie_control/ros_gz_crazyflie_control.egg-info to /home/odyssey/final-project/crazyflie_mapping_demo/ros2_ws/install/ros_gz_crazyflie_control/lib/python3.10/site-packages/ros_gz_crazyflie_control-0.0.0-py3.10.egg-info
[1.998s] running install_scripts
[2.034s] Installing control_services script to /home/odyssey/final-project/crazyflie_mapping_demo/ros2_ws/install/ros_gz_crazyflie_control/lib/ros_gz_crazyflie_control
[2.036s] writing list of installed files to '/home/odyssey/final-project/crazyflie_mapping_demo/ros2_ws/build/ros_gz_crazyflie_control/install.log'
[2.084s] Invoked command in '/home/odyssey/final-project/crazyflie_mapping_demo/ros2_ws/src/cf-gz/ros_gz_crazyflie_control' returned '0': PYTHONPATH=/home/odyssey/final-project/crazyflie_mapping_demo/ros2_ws/build/ros_gz_crazyflie_control/prefix_override:/usr/lib/python3/dist-packages/colcon_core/task/python/colcon_distutils_commands:/home/odyssey/final-project/crazyflie_mapping_demo/ros2_ws/install/ros_gz_crazyflie_control/lib/python3.10/site-packages:${PYTHONPATH} /usr/bin/python3 -W ignore:setup.py install is deprecated -W ignore:easy_install command is deprecated setup.py egg_info --egg-base ../../../build/ros_gz_crazyflie_control build --build-base /home/odyssey/final-project/crazyflie_mapping_demo/ros2_ws/build/ros_gz_crazyflie_control/build install --record /home/odyssey/final-project/crazyflie_mapping_demo/ros2_ws/build/ros_gz_crazyflie_control/install.log --single-version-externally-managed install_data
