[0.042s] Invoking command in '/home/odyssey/final-project/crazyflie_mapping_demo/ros2_ws/build/crazyflie': CMAKE_PREFIX_PATH=/home/odyssey/final-project/crazyflie_mapping_demo/ros2_ws/install/crazyflie_interfaces:/home/odyssey/final-project/crazyflie_mapping_demo/ros2_ws/install/crazyflie_ros2_multiranger_bringup:/home/odyssey/final-project/crazyflie_mapping_demo/ros2_ws/install/ros_gz_crazyflie_bringup:/home/odyssey/final-project/crazyflie_mapping_demo/ros2_ws/install/ros_gz_crazyflie_gazebo:/home/odyssey/final-project/crazyflie_mapping_demo/ros2_ws/install/crazyflie_sim:/home/odyssey/final-project/crazyflie_mapping_demo/ros2_ws/install/crazyflie_examples:/home/odyssey/final-project/crazyflie_mapping_demo/ros2_ws/install/crazyflie:/home/odyssey/final-project/crazyflie_mapping_demo/ros2_ws/install/ros_gz_crazyflie_control:/home/odyssey/final-project/crazyflie_mapping_demo/ros2_ws/install/crazyflie_ros2_multiranger_wall_following:/home/odyssey/final-project/crazyflie_mapping_demo/ros2_ws/install/crazyflie_ros2_multiranger_simple_mapper:/home/odyssey/final-project/crazyflie_mapping_demo/ros2_ws/install/crazyflie_py:/opt/ros/humble /usr/bin/cmake --build /home/odyssey/final-project/crazyflie_mapping_demo/ros2_ws/build/crazyflie -- -j2 -l2
[0.218s] [  5%] Built target teleop
[0.268s] [ 27%] Built target crazyflieLinkCpp
[0.318s] [ 35%] Built target crazyflie_cpp
[0.380s] [ 40%] Built target crazyflie_server
[0.461s] [ 45%] Built target scan
[0.528s] [ 50%] Built target listParams
[0.599s] [ 55%] Built target listLogVariables
[0.660s] [ 60%] Built target listMemories
[0.717s] [ 65%] Built target reboot
[0.791s] [ 70%] Built target battery
[0.843s] [ 75%] Built target version
[0.927s] [ 80%] Built target console
[0.996s] [ 85%] Built target comCheck
[1.078s] [ 90%] Built target log
[1.148s] [ 95%] Built target downloadUSDLogfile
[1.212s] [100%] Built target setParam
[1.236s] Invoked command in '/home/odyssey/final-project/crazyflie_mapping_demo/ros2_ws/build/crazyflie' returned '0': CMAKE_PREFIX_PATH=/home/odyssey/final-project/crazyflie_mapping_demo/ros2_ws/install/crazyflie_interfaces:/home/odyssey/final-project/crazyflie_mapping_demo/ros2_ws/install/crazyflie_ros2_multiranger_bringup:/home/odyssey/final-project/crazyflie_mapping_demo/ros2_ws/install/ros_gz_crazyflie_bringup:/home/odyssey/final-project/crazyflie_mapping_demo/ros2_ws/install/ros_gz_crazyflie_gazebo:/home/odyssey/final-project/crazyflie_mapping_demo/ros2_ws/install/crazyflie_sim:/home/odyssey/final-project/crazyflie_mapping_demo/ros2_ws/install/crazyflie_examples:/home/odyssey/final-project/crazyflie_mapping_demo/ros2_ws/install/crazyflie:/home/odyssey/final-project/crazyflie_mapping_demo/ros2_ws/install/ros_gz_crazyflie_control:/home/odyssey/final-project/crazyflie_mapping_demo/ros2_ws/install/crazyflie_ros2_multiranger_wall_following:/home/odyssey/final-project/crazyflie_mapping_demo/ros2_ws/install/crazyflie_ros2_multiranger_simple_mapper:/home/odyssey/final-project/crazyflie_mapping_demo/ros2_ws/install/crazyflie_py:/opt/ros/humble /usr/bin/cmake --build /home/odyssey/final-project/crazyflie_mapping_demo/ros2_ws/build/crazyflie -- -j2 -l2
[1.237s] Invoking command in '/home/odyssey/final-project/crazyflie_mapping_demo/ros2_ws/build/crazyflie': CMAKE_PREFIX_PATH=/home/odyssey/final-project/crazyflie_mapping_demo/ros2_ws/install/crazyflie_interfaces:/home/odyssey/final-project/crazyflie_mapping_demo/ros2_ws/install/crazyflie_ros2_multiranger_bringup:/home/odyssey/final-project/crazyflie_mapping_demo/ros2_ws/install/ros_gz_crazyflie_bringup:/home/odyssey/final-project/crazyflie_mapping_demo/ros2_ws/install/ros_gz_crazyflie_gazebo:/home/odyssey/final-project/crazyflie_mapping_demo/ros2_ws/install/crazyflie_sim:/home/odyssey/final-project/crazyflie_mapping_demo/ros2_ws/install/crazyflie_examples:/home/odyssey/final-project/crazyflie_mapping_demo/ros2_ws/install/crazyflie:/home/odyssey/final-project/crazyflie_mapping_demo/ros2_ws/install/ros_gz_crazyflie_control:/home/odyssey/final-project/crazyflie_mapping_demo/ros2_ws/install/crazyflie_ros2_multiranger_wall_following:/home/odyssey/final-project/crazyflie_mapping_demo/ros2_ws/install/crazyflie_ros2_multiranger_simple_mapper:/home/odyssey/final-project/crazyflie_mapping_demo/ros2_ws/install/crazyflie_py:/opt/ros/humble /usr/bin/cmake --install /home/odyssey/final-project/crazyflie_mapping_demo/ros2_ws/build/crazyflie
[1.265s] -- Install configuration: ""
[1.265s] -- Up-to-date: /home/odyssey/final-project/crazyflie_mapping_demo/ros2_ws/install/crazyflie/lib/crazyflie/comCheck
[1.265s] -- Up-to-date: /home/odyssey/final-project/crazyflie_mapping_demo/ros2_ws/install/crazyflie/lib/crazyflie/scan
[1.265s] -- Up-to-date: /home/odyssey/final-project/crazyflie_mapping_demo/ros2_ws/install/crazyflie/lib/crazyflie/listParams
[1.265s] -- Up-to-date: /home/odyssey/final-project/crazyflie_mapping_demo/ros2_ws/install/crazyflie/lib/crazyflie/listLogVariables
[1.265s] -- Up-to-date: /home/odyssey/final-project/crazyflie_mapping_demo/ros2_ws/install/crazyflie/lib/crazyflie/listMemories
[1.266s] -- Up-to-date: /home/odyssey/final-project/crazyflie_mapping_demo/ros2_ws/install/crazyflie/lib/crazyflie/reboot
[1.266s] -- Up-to-date: /home/odyssey/final-project/crazyflie_mapping_demo/ros2_ws/install/crazyflie/lib/crazyflie/battery
[1.266s] -- Up-to-date: /home/odyssey/final-project/crazyflie_mapping_demo/ros2_ws/install/crazyflie/lib/crazyflie/version
[1.266s] -- Up-to-date: /home/odyssey/final-project/crazyflie_mapping_demo/ros2_ws/install/crazyflie/lib/crazyflie/console
[1.266s] -- Up-to-date: /home/odyssey/final-project/crazyflie_mapping_demo/ros2_ws/install/crazyflie/lib/crazyflie/log
[1.266s] -- Up-to-date: /home/odyssey/final-project/crazyflie_mapping_demo/ros2_ws/install/crazyflie/lib/crazyflie/setParam
[1.266s] -- Up-to-date: /home/odyssey/final-project/crazyflie_mapping_demo/ros2_ws/install/crazyflie/lib/crazyflie/downloadUSDLogfile
[1.266s] -- Up-to-date: /home/odyssey/final-project/crazyflie_mapping_demo/ros2_ws/install/crazyflie/lib/crazyflie/teleop
[1.266s] -- Up-to-date: /home/odyssey/final-project/crazyflie_mapping_demo/ros2_ws/install/crazyflie/lib/crazyflie/crazyflie_server
[1.266s] -- Up-to-date: /home/odyssey/final-project/crazyflie_mapping_demo/ros2_ws/install/crazyflie/lib/crazyflie/crazyflie_server.py
[1.266s] -- Up-to-date: /home/odyssey/final-project/crazyflie_mapping_demo/ros2_ws/install/crazyflie/lib/crazyflie/chooser.py
[1.266s] -- Up-to-date: /home/odyssey/final-project/crazyflie_mapping_demo/ros2_ws/install/crazyflie/lib/crazyflie/vel_mux.py
[1.266s] -- Up-to-date: /home/odyssey/final-project/crazyflie_mapping_demo/ros2_ws/install/crazyflie/lib/crazyflie/cfmult.py
[1.266s] -- Up-to-date: /home/odyssey/final-project/crazyflie_mapping_demo/ros2_ws/install/crazyflie/lib/crazyflie/simple_mapper_multiranger.py
[1.266s] -- Up-to-date: /home/odyssey/final-project/crazyflie_mapping_demo/ros2_ws/install/crazyflie/lib/crazyflie/aideck_streamer.py
[1.266s] -- Up-to-date: /home/odyssey/final-project/crazyflie_mapping_demo/ros2_ws/install/crazyflie/lib/crazyflie/gui.py
[1.266s] -- Up-to-date: /home/odyssey/final-project/crazyflie_mapping_demo/ros2_ws/install/crazyflie/lib/crazyflie/flash.py
[1.266s] -- Up-to-date: /home/odyssey/final-project/crazyflie_mapping_demo/ros2_ws/install/crazyflie/share/crazyflie//launch
[1.266s] -- Up-to-date: /home/odyssey/final-project/crazyflie_mapping_demo/ros2_ws/install/crazyflie/share/crazyflie//launch/launch.py
[1.270s] -- Up-to-date: /home/odyssey/final-project/crazyflie_mapping_demo/ros2_ws/install/crazyflie/share/crazyflie//launch/teleop_launch.py
[1.270s] -- Up-to-date: /home/odyssey/final-project/crazyflie_mapping_demo/ros2_ws/install/crazyflie/share/crazyflie//launch/launch_teleop2.py
[1.270s] -- Up-to-date: /home/odyssey/final-project/crazyflie_mapping_demo/ros2_ws/install/crazyflie/share/crazyflie//config
[1.270s] -- Up-to-date: /home/odyssey/final-project/crazyflie_mapping_demo/ros2_ws/install/crazyflie/share/crazyflie//config/motion_capture.yaml
[1.270s] -- Up-to-date: /home/odyssey/final-project/crazyflie_mapping_demo/ros2_ws/install/crazyflie/share/crazyflie//config/aideck_streamer.yaml
[1.270s] -- Up-to-date: /home/odyssey/final-project/crazyflie_mapping_demo/ros2_ws/install/crazyflie/share/crazyflie//config/config.rviz
[1.270s] -- Up-to-date: /home/odyssey/final-project/crazyflie_mapping_demo/ros2_ws/install/crazyflie/share/crazyflie//config/server.yaml
[1.270s] -- Up-to-date: /home/odyssey/final-project/crazyflie_mapping_demo/ros2_ws/install/crazyflie/share/crazyflie//config/crazyflies.yaml
[1.270s] -- Up-to-date: /home/odyssey/final-project/crazyflie_mapping_demo/ros2_ws/install/crazyflie/share/crazyflie//config/teleop.yaml
[1.270s] -- Up-to-date: /home/odyssey/final-project/crazyflie_mapping_demo/ros2_ws/install/crazyflie/share/crazyflie//urdf
[1.271s] -- Up-to-date: /home/odyssey/final-project/crazyflie_mapping_demo/ros2_ws/install/crazyflie/share/crazyflie//urdf/cf2_assembly_with_props.dae
[1.271s] -- Up-to-date: /home/odyssey/final-project/crazyflie_mapping_demo/ros2_ws/install/crazyflie/share/crazyflie//urdf/cf2_assembly.stl
[1.271s] -- Up-to-date: /home/odyssey/final-project/crazyflie_mapping_demo/ros2_ws/install/crazyflie/share/crazyflie//urdf/crazyflie_description.urdf
[1.272s] -- Up-to-date: /home/odyssey/final-project/crazyflie_mapping_demo/ros2_ws/install/crazyflie/share/ament_index/resource_index/package_run_dependencies/crazyflie
[1.272s] -- Up-to-date: /home/odyssey/final-project/crazyflie_mapping_demo/ros2_ws/install/crazyflie/share/ament_index/resource_index/parent_prefix_path/crazyflie
[1.272s] -- Up-to-date: /home/odyssey/final-project/crazyflie_mapping_demo/ros2_ws/install/crazyflie/share/crazyflie/environment/ament_prefix_path.sh
[1.272s] -- Up-to-date: /home/odyssey/final-project/crazyflie_mapping_demo/ros2_ws/install/crazyflie/share/crazyflie/environment/ament_prefix_path.dsv
[1.272s] -- Up-to-date: /home/odyssey/final-project/crazyflie_mapping_demo/ros2_ws/install/crazyflie/share/crazyflie/environment/path.sh
[1.272s] -- Up-to-date: /home/odyssey/final-project/crazyflie_mapping_demo/ros2_ws/install/crazyflie/share/crazyflie/environment/path.dsv
[1.277s] -- Up-to-date: /home/odyssey/final-project/crazyflie_mapping_demo/ros2_ws/install/crazyflie/share/crazyflie/local_setup.bash
[1.277s] -- Up-to-date: /home/odyssey/final-project/crazyflie_mapping_demo/ros2_ws/install/crazyflie/share/crazyflie/local_setup.sh
[1.277s] -- Up-to-date: /home/odyssey/final-project/crazyflie_mapping_demo/ros2_ws/install/crazyflie/share/crazyflie/local_setup.zsh
[1.277s] -- Up-to-date: /home/odyssey/final-project/crazyflie_mapping_demo/ros2_ws/install/crazyflie/share/crazyflie/local_setup.dsv
[1.277s] -- Installing: /home/odyssey/final-project/crazyflie_mapping_demo/ros2_ws/install/crazyflie/share/crazyflie/package.dsv
[1.277s] -- Up-to-date: /home/odyssey/final-project/crazyflie_mapping_demo/ros2_ws/install/crazyflie/share/ament_index/resource_index/packages/crazyflie
[1.277s] -- Up-to-date: /home/odyssey/final-project/crazyflie_mapping_demo/ros2_ws/install/crazyflie/share/crazyflie/cmake/crazyflieConfig.cmake
[1.277s] -- Up-to-date: /home/odyssey/final-project/crazyflie_mapping_demo/ros2_ws/install/crazyflie/share/crazyflie/cmake/crazyflieConfig-version.cmake
[1.277s] -- Up-to-date: /home/odyssey/final-project/crazyflie_mapping_demo/ros2_ws/install/crazyflie/share/crazyflie/package.xml
[1.277s] Invoked command in '/home/odyssey/final-project/crazyflie_mapping_demo/ros2_ws/build/crazyflie' returned '0': CMAKE_PREFIX_PATH=/home/odyssey/final-project/crazyflie_mapping_demo/ros2_ws/install/crazyflie_interfaces:/home/odyssey/final-project/crazyflie_mapping_demo/ros2_ws/install/crazyflie_ros2_multiranger_bringup:/home/odyssey/final-project/crazyflie_mapping_demo/ros2_ws/install/ros_gz_crazyflie_bringup:/home/odyssey/final-project/crazyflie_mapping_demo/ros2_ws/install/ros_gz_crazyflie_gazebo:/home/odyssey/final-project/crazyflie_mapping_demo/ros2_ws/install/crazyflie_sim:/home/odyssey/final-project/crazyflie_mapping_demo/ros2_ws/install/crazyflie_examples:/home/odyssey/final-project/crazyflie_mapping_demo/ros2_ws/install/crazyflie:/home/odyssey/final-project/crazyflie_mapping_demo/ros2_ws/install/ros_gz_crazyflie_control:/home/odyssey/final-project/crazyflie_mapping_demo/ros2_ws/install/crazyflie_ros2_multiranger_wall_following:/home/odyssey/final-project/crazyflie_mapping_demo/ros2_ws/install/crazyflie_ros2_multiranger_simple_mapper:/home/odyssey/final-project/crazyflie_mapping_demo/ros2_ws/install/crazyflie_py:/opt/ros/humble /usr/bin/cmake --install /home/odyssey/final-project/crazyflie_mapping_demo/ros2_ws/build/crazyflie
