[0.790s] Invoking command in '/home/odyssey/final-project/crazyflie_mapping_demo/ros2_ws/src/cf-multiranger/crazyflie_ros2_multiranger_wall_following': PYTHONPATH=/home/odyssey/final-project/crazyflie_mapping_demo/ros2_ws/build/crazyflie_ros2_multiranger_wall_following/prefix_override:/usr/lib/python3/dist-packages/colcon_core/task/python/colcon_distutils_commands:/home/odyssey/final-project/crazyflie_mapping_demo/ros2_ws/install/crazyflie_ros2_multiranger_wall_following/lib/python3.10/site-packages:${PYTHONPATH} /usr/bin/python3 -W ignore:setup.py install is deprecated -W ignore:easy_install command is deprecated setup.py egg_info --egg-base ../../../build/crazyflie_ros2_multiranger_wall_following build --build-base /home/odyssey/final-project/crazyflie_mapping_demo/ros2_ws/build/crazyflie_ros2_multiranger_wall_following/build install --record /home/odyssey/final-project/crazyflie_mapping_demo/ros2_ws/build/crazyflie_ros2_multiranger_wall_following/install.log --single-version-externally-managed install_data
[1.057s] running egg_info
[1.058s] creating ../../../build/crazyflie_ros2_multiranger_wall_following/crazyflie_ros2_multiranger_wall_following.egg-info
[1.058s] writing ../../../build/crazyflie_ros2_multiranger_wall_following/crazyflie_ros2_multiranger_wall_following.egg-info/PKG-INFO
[1.058s] writing dependency_links to ../../../build/crazyflie_ros2_multiranger_wall_following/crazyflie_ros2_multiranger_wall_following.egg-info/dependency_links.txt
[1.058s] writing entry points to ../../../build/crazyflie_ros2_multiranger_wall_following/crazyflie_ros2_multiranger_wall_following.egg-info/entry_points.txt
[1.059s] writing requirements to ../../../build/crazyflie_ros2_multiranger_wall_following/crazyflie_ros2_multiranger_wall_following.egg-info/requires.txt
[1.059s] writing top-level names to ../../../build/crazyflie_ros2_multiranger_wall_following/crazyflie_ros2_multiranger_wall_following.egg-info/top_level.txt
[1.059s] writing manifest file '../../../build/crazyflie_ros2_multiranger_wall_following/crazyflie_ros2_multiranger_wall_following.egg-info/SOURCES.txt'
[1.062s] reading manifest file '../../../build/crazyflie_ros2_multiranger_wall_following/crazyflie_ros2_multiranger_wall_following.egg-info/SOURCES.txt'
[1.063s] writing manifest file '../../../build/crazyflie_ros2_multiranger_wall_following/crazyflie_ros2_multiranger_wall_following.egg-info/SOURCES.txt'
[1.063s] running build
[1.063s] running build_py
[1.063s] creating /home/odyssey/final-project/crazyflie_mapping_demo/ros2_ws/build/crazyflie_ros2_multiranger_wall_following/build
[1.063s] creating /home/odyssey/final-project/crazyflie_mapping_demo/ros2_ws/build/crazyflie_ros2_multiranger_wall_following/build/lib
[1.063s] creating /home/odyssey/final-project/crazyflie_mapping_demo/ros2_ws/build/crazyflie_ros2_multiranger_wall_following/build/lib/crazyflie_ros2_multiranger_wall_following
[1.063s] copying crazyflie_ros2_multiranger_wall_following/__init__.py -> /home/odyssey/final-project/crazyflie_mapping_demo/ros2_ws/build/crazyflie_ros2_multiranger_wall_following/build/lib/crazyflie_ros2_multiranger_wall_following
[1.064s] copying crazyflie_ros2_multiranger_wall_following/wall_following_multiranger.py -> /home/odyssey/final-project/crazyflie_mapping_demo/ros2_ws/build/crazyflie_ros2_multiranger_wall_following/build/lib/crazyflie_ros2_multiranger_wall_following
[1.076s] creating /home/odyssey/final-project/crazyflie_mapping_demo/ros2_ws/build/crazyflie_ros2_multiranger_wall_following/build/lib/crazyflie_ros2_multiranger_wall_following/wall_following
[1.076s] copying crazyflie_ros2_multiranger_wall_following/wall_following/__init__.py -> /home/odyssey/final-project/crazyflie_mapping_demo/ros2_ws/build/crazyflie_ros2_multiranger_wall_following/build/lib/crazyflie_ros2_multiranger_wall_following/wall_following
[1.076s] copying crazyflie_ros2_multiranger_wall_following/wall_following/wall_following.py -> /home/odyssey/final-project/crazyflie_mapping_demo/ros2_ws/build/crazyflie_ros2_multiranger_wall_following/build/lib/crazyflie_ros2_multiranger_wall_following/wall_following
[1.081s] running install
[1.081s] running install_lib
[1.081s] creating /home/odyssey/final-project/crazyflie_mapping_demo/ros2_ws/install/crazyflie_ros2_multiranger_wall_following/lib/python3.10/site-packages/crazyflie_ros2_multiranger_wall_following
[1.081s] creating /home/odyssey/final-project/crazyflie_mapping_demo/ros2_ws/install/crazyflie_ros2_multiranger_wall_following/lib/python3.10/site-packages/crazyflie_ros2_multiranger_wall_following/wall_following
[1.081s] copying /home/odyssey/final-project/crazyflie_mapping_demo/ros2_ws/build/crazyflie_ros2_multiranger_wall_following/build/lib/crazyflie_ros2_multiranger_wall_following/wall_following/__init__.py -> /home/odyssey/final-project/crazyflie_mapping_demo/ros2_ws/install/crazyflie_ros2_multiranger_wall_following/lib/python3.10/site-packages/crazyflie_ros2_multiranger_wall_following/wall_following
[1.082s] copying /home/odyssey/final-project/crazyflie_mapping_demo/ros2_ws/build/crazyflie_ros2_multiranger_wall_following/build/lib/crazyflie_ros2_multiranger_wall_following/wall_following/wall_following.py -> /home/odyssey/final-project/crazyflie_mapping_demo/ros2_ws/install/crazyflie_ros2_multiranger_wall_following/lib/python3.10/site-packages/crazyflie_ros2_multiranger_wall_following/wall_following
[1.082s] copying /home/odyssey/final-project/crazyflie_mapping_demo/ros2_ws/build/crazyflie_ros2_multiranger_wall_following/build/lib/crazyflie_ros2_multiranger_wall_following/__init__.py -> /home/odyssey/final-project/crazyflie_mapping_demo/ros2_ws/install/crazyflie_ros2_multiranger_wall_following/lib/python3.10/site-packages/crazyflie_ros2_multiranger_wall_following
[1.082s] copying /home/odyssey/final-project/crazyflie_mapping_demo/ros2_ws/build/crazyflie_ros2_multiranger_wall_following/build/lib/crazyflie_ros2_multiranger_wall_following/wall_following_multiranger.py -> /home/odyssey/final-project/crazyflie_mapping_demo/ros2_ws/install/crazyflie_ros2_multiranger_wall_following/lib/python3.10/site-packages/crazyflie_ros2_multiranger_wall_following
[1.083s] byte-compiling /home/odyssey/final-project/crazyflie_mapping_demo/ros2_ws/install/crazyflie_ros2_multiranger_wall_following/lib/python3.10/site-packages/crazyflie_ros2_multiranger_wall_following/wall_following/__init__.py to __init__.cpython-310.pyc
[1.083s] byte-compiling /home/odyssey/final-project/crazyflie_mapping_demo/ros2_ws/install/crazyflie_ros2_multiranger_wall_following/lib/python3.10/site-packages/crazyflie_ros2_multiranger_wall_following/wall_following/wall_following.py to wall_following.cpython-310.pyc
[1.087s] byte-compiling /home/odyssey/final-project/crazyflie_mapping_demo/ros2_ws/install/crazyflie_ros2_multiranger_wall_following/lib/python3.10/site-packages/crazyflie_ros2_multiranger_wall_following/__init__.py to __init__.cpython-310.pyc
[1.088s] byte-compiling /home/odyssey/final-project/crazyflie_mapping_demo/ros2_ws/install/crazyflie_ros2_multiranger_wall_following/lib/python3.10/site-packages/crazyflie_ros2_multiranger_wall_following/wall_following_multiranger.py to wall_following_multiranger.cpython-310.pyc
[1.088s]   File "/home/odyssey/final-project/crazyflie_mapping_demo/ros2_ws/install/crazyflie_ros2_multiranger_wall_following/lib/python3.10/site-packages/crazyflie_ros2_multiranger_wall_following/wall_following_multiranger.py", line 88
[1.088s]     self.twist_publisher.publish(msg
[1.088s]                                 ^
[1.088s] SyntaxError: '(' was never closed
[1.088s] 
[1.088s] running install_data
[1.088s] creating /home/odyssey/final-project/crazyflie_mapping_demo/ros2_ws/install/crazyflie_ros2_multiranger_wall_following/share/ament_index
[1.088s] creating /home/odyssey/final-project/crazyflie_mapping_demo/ros2_ws/install/crazyflie_ros2_multiranger_wall_following/share/ament_index/resource_index
[1.089s] creating /home/odyssey/final-project/crazyflie_mapping_demo/ros2_ws/install/crazyflie_ros2_multiranger_wall_following/share/ament_index/resource_index/packages
[1.091s] copying resource/crazyflie_ros2_multiranger_wall_following -> /home/odyssey/final-project/crazyflie_mapping_demo/ros2_ws/install/crazyflie_ros2_multiranger_wall_following/share/ament_index/resource_index/packages
[1.091s] copying package.xml -> /home/odyssey/final-project/crazyflie_mapping_demo/ros2_ws/install/crazyflie_ros2_multiranger_wall_following/share/crazyflie_ros2_multiranger_wall_following
[1.091s] running install_egg_info
[1.092s] Copying ../../../build/crazyflie_ros2_multiranger_wall_following/crazyflie_ros2_multiranger_wall_following.egg-info to /home/odyssey/final-project/crazyflie_mapping_demo/ros2_ws/install/crazyflie_ros2_multiranger_wall_following/lib/python3.10/site-packages/crazyflie_ros2_multiranger_wall_following-0.0.0-py3.10.egg-info
[1.094s] running install_scripts
[1.142s] Installing wall_following_multiranger script to /home/odyssey/final-project/crazyflie_mapping_demo/ros2_ws/install/crazyflie_ros2_multiranger_wall_following/lib/crazyflie_ros2_multiranger_wall_following
[1.143s] writing list of installed files to '/home/odyssey/final-project/crazyflie_mapping_demo/ros2_ws/build/crazyflie_ros2_multiranger_wall_following/install.log'
[1.178s] Invoked command in '/home/odyssey/final-project/crazyflie_mapping_demo/ros2_ws/src/cf-multiranger/crazyflie_ros2_multiranger_wall_following' returned '0': PYTHONPATH=/home/odyssey/final-project/crazyflie_mapping_demo/ros2_ws/build/crazyflie_ros2_multiranger_wall_following/prefix_override:/usr/lib/python3/dist-packages/colcon_core/task/python/colcon_distutils_commands:/home/odyssey/final-project/crazyflie_mapping_demo/ros2_ws/install/crazyflie_ros2_multiranger_wall_following/lib/python3.10/site-packages:${PYTHONPATH} /usr/bin/python3 -W ignore:setup.py install is deprecated -W ignore:easy_install command is deprecated setup.py egg_info --egg-base ../../../build/crazyflie_ros2_multiranger_wall_following build --build-base /home/odyssey/final-project/crazyflie_mapping_demo/ros2_ws/build/crazyflie_ros2_multiranger_wall_following/build install --record /home/odyssey/final-project/crazyflie_mapping_demo/ros2_ws/build/crazyflie_ros2_multiranger_wall_following/install.log --single-version-externally-managed install_data
