[0.641s] Invoking command in '/home/odyssey/final-project/crazyflie_mapping_demo/ros2_ws/src/crazyswarm2/crazyflie_py': CMAKE_PREFIX_PATH=/home/odyssey/final-project/crazyflie_mapping_demo/ros2_ws/install/crazyflie_interfaces:/home/odyssey/final-project/crazyflie_mapping_demo/ros2_ws/install/crazyflie_ros2_multiranger_bringup:/home/odyssey/final-project/crazyflie_mapping_demo/ros2_ws/install/ros_gz_crazyflie_bringup:/home/odyssey/final-project/crazyflie_mapping_demo/ros2_ws/install/ros_gz_crazyflie_gazebo:/home/odyssey/final-project/crazyflie_mapping_demo/ros2_ws/install/crazyflie_sim:/home/odyssey/final-project/crazyflie_mapping_demo/ros2_ws/install/crazyflie_examples:/home/odyssey/final-project/crazyflie_mapping_demo/ros2_ws/install/crazyflie PYTHONPATH=/home/odyssey/final-project/crazyflie_mapping_demo/ros2_ws/build/crazyflie_py/prefix_override:/usr/lib/python3/dist-packages/colcon_core/task/python/colcon_distutils_commands:/home/odyssey/final-project/crazyflie_mapping_demo/ros2_ws/install/crazyflie_py/lib/python3.10/site-packages:${PYTHONPATH} /usr/bin/python3 -W ignore:setup.py install is deprecated -W ignore:easy_install command is deprecated setup.py egg_info --egg-base ../../../build/crazyflie_py build --build-base /home/odyssey/final-project/crazyflie_mapping_demo/ros2_ws/build/crazyflie_py/build install --record /home/odyssey/final-project/crazyflie_mapping_demo/ros2_ws/build/crazyflie_py/install.log --single-version-externally-managed install_data
[0.818s] running egg_info
[0.819s] creating ../../../build/crazyflie_py/crazyflie_py.egg-info
[0.820s] writing ../../../build/crazyflie_py/crazyflie_py.egg-info/PKG-INFO
[0.820s] writing dependency_links to ../../../build/crazyflie_py/crazyflie_py.egg-info/dependency_links.txt
[0.820s] writing entry points to ../../../build/crazyflie_py/crazyflie_py.egg-info/entry_points.txt
[0.820s] writing requirements to ../../../build/crazyflie_py/crazyflie_py.egg-info/requires.txt
[0.823s] writing top-level names to ../../../build/crazyflie_py/crazyflie_py.egg-info/top_level.txt
[0.824s] writing manifest file '../../../build/crazyflie_py/crazyflie_py.egg-info/SOURCES.txt'
[0.824s] reading manifest file '../../../build/crazyflie_py/crazyflie_py.egg-info/SOURCES.txt'
[0.824s] writing manifest file '../../../build/crazyflie_py/crazyflie_py.egg-info/SOURCES.txt'
[0.825s] running build
[0.825s] running build_py
[0.825s] creating /home/odyssey/final-project/crazyflie_mapping_demo/ros2_ws/build/crazyflie_py/build
[0.826s] creating /home/odyssey/final-project/crazyflie_mapping_demo/ros2_ws/build/crazyflie_py/build/lib
[0.826s] creating /home/odyssey/final-project/crazyflie_mapping_demo/ros2_ws/build/crazyflie_py/build/lib/crazyflie_py
[0.827s] copying crazyflie_py/util.py -> /home/odyssey/final-project/crazyflie_mapping_demo/ros2_ws/build/crazyflie_py/build/lib/crazyflie_py
[0.827s] copying crazyflie_py/crazyflie.py -> /home/odyssey/final-project/crazyflie_mapping_demo/ros2_ws/build/crazyflie_py/build/lib/crazyflie_py
[0.827s] copying crazyflie_py/linuxjsdev.py -> /home/odyssey/final-project/crazyflie_mapping_demo/ros2_ws/build/crazyflie_py/build/lib/crazyflie_py
[0.827s] copying crazyflie_py/__init__.py -> /home/odyssey/final-project/crazyflie_mapping_demo/ros2_ws/build/crazyflie_py/build/lib/crazyflie_py
[0.831s] copying crazyflie_py/keyboard.py -> /home/odyssey/final-project/crazyflie_mapping_demo/ros2_ws/build/crazyflie_py/build/lib/crazyflie_py
[0.831s] copying crazyflie_py/uav_trajectory.py -> /home/odyssey/final-project/crazyflie_mapping_demo/ros2_ws/build/crazyflie_py/build/lib/crazyflie_py
[0.831s] copying crazyflie_py/joystick.py -> /home/odyssey/final-project/crazyflie_mapping_demo/ros2_ws/build/crazyflie_py/build/lib/crazyflie_py
[0.831s] copying crazyflie_py/crazyswarm_py.py -> /home/odyssey/final-project/crazyflie_mapping_demo/ros2_ws/build/crazyflie_py/build/lib/crazyflie_py
[0.831s] copying crazyflie_py/genericJoystick.py -> /home/odyssey/final-project/crazyflie_mapping_demo/ros2_ws/build/crazyflie_py/build/lib/crazyflie_py
[0.831s] running install
[0.831s] running install_lib
[0.831s] creating /home/odyssey/final-project/crazyflie_mapping_demo/ros2_ws/install/crazyflie_py/lib/python3.10/site-packages/crazyflie_py
[0.831s] copying /home/odyssey/final-project/crazyflie_mapping_demo/ros2_ws/build/crazyflie_py/build/lib/crazyflie_py/util.py -> /home/odyssey/final-project/crazyflie_mapping_demo/ros2_ws/install/crazyflie_py/lib/python3.10/site-packages/crazyflie_py
[0.831s] copying /home/odyssey/final-project/crazyflie_mapping_demo/ros2_ws/build/crazyflie_py/build/lib/crazyflie_py/crazyflie.py -> /home/odyssey/final-project/crazyflie_mapping_demo/ros2_ws/install/crazyflie_py/lib/python3.10/site-packages/crazyflie_py
[0.831s] copying /home/odyssey/final-project/crazyflie_mapping_demo/ros2_ws/build/crazyflie_py/build/lib/crazyflie_py/linuxjsdev.py -> /home/odyssey/final-project/crazyflie_mapping_demo/ros2_ws/install/crazyflie_py/lib/python3.10/site-packages/crazyflie_py
[0.831s] copying /home/odyssey/final-project/crazyflie_mapping_demo/ros2_ws/build/crazyflie_py/build/lib/crazyflie_py/__init__.py -> /home/odyssey/final-project/crazyflie_mapping_demo/ros2_ws/install/crazyflie_py/lib/python3.10/site-packages/crazyflie_py
[0.831s] copying /home/odyssey/final-project/crazyflie_mapping_demo/ros2_ws/build/crazyflie_py/build/lib/crazyflie_py/keyboard.py -> /home/odyssey/final-project/crazyflie_mapping_demo/ros2_ws/install/crazyflie_py/lib/python3.10/site-packages/crazyflie_py
[0.831s] copying /home/odyssey/final-project/crazyflie_mapping_demo/ros2_ws/build/crazyflie_py/build/lib/crazyflie_py/uav_trajectory.py -> /home/odyssey/final-project/crazyflie_mapping_demo/ros2_ws/install/crazyflie_py/lib/python3.10/site-packages/crazyflie_py
[0.831s] copying /home/odyssey/final-project/crazyflie_mapping_demo/ros2_ws/build/crazyflie_py/build/lib/crazyflie_py/joystick.py -> /home/odyssey/final-project/crazyflie_mapping_demo/ros2_ws/install/crazyflie_py/lib/python3.10/site-packages/crazyflie_py
[0.831s] copying /home/odyssey/final-project/crazyflie_mapping_demo/ros2_ws/build/crazyflie_py/build/lib/crazyflie_py/crazyswarm_py.py -> /home/odyssey/final-project/crazyflie_mapping_demo/ros2_ws/install/crazyflie_py/lib/python3.10/site-packages/crazyflie_py
[0.831s] copying /home/odyssey/final-project/crazyflie_mapping_demo/ros2_ws/build/crazyflie_py/build/lib/crazyflie_py/genericJoystick.py -> /home/odyssey/final-project/crazyflie_mapping_demo/ros2_ws/install/crazyflie_py/lib/python3.10/site-packages/crazyflie_py
[0.836s] byte-compiling /home/odyssey/final-project/crazyflie_mapping_demo/ros2_ws/install/crazyflie_py/lib/python3.10/site-packages/crazyflie_py/util.py to util.cpython-310.pyc
[0.837s] byte-compiling /home/odyssey/final-project/crazyflie_mapping_demo/ros2_ws/install/crazyflie_py/lib/python3.10/site-packages/crazyflie_py/crazyflie.py to crazyflie.cpython-310.pyc
[0.838s] byte-compiling /home/odyssey/final-project/crazyflie_mapping_demo/ros2_ws/install/crazyflie_py/lib/python3.10/site-packages/crazyflie_py/linuxjsdev.py to linuxjsdev.cpython-310.pyc
[0.839s] byte-compiling /home/odyssey/final-project/crazyflie_mapping_demo/ros2_ws/install/crazyflie_py/lib/python3.10/site-packages/crazyflie_py/__init__.py to __init__.cpython-310.pyc
[0.840s] byte-compiling /home/odyssey/final-project/crazyflie_mapping_demo/ros2_ws/install/crazyflie_py/lib/python3.10/site-packages/crazyflie_py/keyboard.py to keyboard.cpython-310.pyc
[0.840s] byte-compiling /home/odyssey/final-project/crazyflie_mapping_demo/ros2_ws/install/crazyflie_py/lib/python3.10/site-packages/crazyflie_py/uav_trajectory.py to uav_trajectory.cpython-310.pyc
[0.841s] byte-compiling /home/odyssey/final-project/crazyflie_mapping_demo/ros2_ws/install/crazyflie_py/lib/python3.10/site-packages/crazyflie_py/joystick.py to joystick.cpython-310.pyc
[0.842s] byte-compiling /home/odyssey/final-project/crazyflie_mapping_demo/ros2_ws/install/crazyflie_py/lib/python3.10/site-packages/crazyflie_py/crazyswarm_py.py to crazyswarm_py.cpython-310.pyc
[0.842s] byte-compiling /home/odyssey/final-project/crazyflie_mapping_demo/ros2_ws/install/crazyflie_py/lib/python3.10/site-packages/crazyflie_py/genericJoystick.py to genericJoystick.cpython-310.pyc
[0.843s] running install_data
[0.843s] creating /home/odyssey/final-project/crazyflie_mapping_demo/ros2_ws/install/crazyflie_py/share/ament_index
[0.844s] creating /home/odyssey/final-project/crazyflie_mapping_demo/ros2_ws/install/crazyflie_py/share/ament_index/resource_index
[0.844s] creating /home/odyssey/final-project/crazyflie_mapping_demo/ros2_ws/install/crazyflie_py/share/ament_index/resource_index/packages
[0.844s] copying resource/crazyflie_py -> /home/odyssey/final-project/crazyflie_mapping_demo/ros2_ws/install/crazyflie_py/share/ament_index/resource_index/packages
[0.844s] copying package.xml -> /home/odyssey/final-project/crazyflie_mapping_demo/ros2_ws/install/crazyflie_py/share/crazyflie_py
[0.846s] running install_egg_info
[0.847s] Copying ../../../build/crazyflie_py/crazyflie_py.egg-info to /home/odyssey/final-project/crazyflie_mapping_demo/ros2_ws/install/crazyflie_py/lib/python3.10/site-packages/crazyflie_py-1.0.3-py3.10.egg-info
[0.848s] running install_scripts
[0.864s] writing list of installed files to '/home/odyssey/final-project/crazyflie_mapping_demo/ros2_ws/build/crazyflie_py/install.log'
[0.883s] Invoked command in '/home/odyssey/final-project/crazyflie_mapping_demo/ros2_ws/src/crazyswarm2/crazyflie_py' returned '0': CMAKE_PREFIX_PATH=/home/odyssey/final-project/crazyflie_mapping_demo/ros2_ws/install/crazyflie_interfaces:/home/odyssey/final-project/crazyflie_mapping_demo/ros2_ws/install/crazyflie_ros2_multiranger_bringup:/home/odyssey/final-project/crazyflie_mapping_demo/ros2_ws/install/ros_gz_crazyflie_bringup:/home/odyssey/final-project/crazyflie_mapping_demo/ros2_ws/install/ros_gz_crazyflie_gazebo:/home/odyssey/final-project/crazyflie_mapping_demo/ros2_ws/install/crazyflie_sim:/home/odyssey/final-project/crazyflie_mapping_demo/ros2_ws/install/crazyflie_examples:/home/odyssey/final-project/crazyflie_mapping_demo/ros2_ws/install/crazyflie PYTHONPATH=/home/odyssey/final-project/crazyflie_mapping_demo/ros2_ws/build/crazyflie_py/prefix_override:/usr/lib/python3/dist-packages/colcon_core/task/python/colcon_distutils_commands:/home/odyssey/final-project/crazyflie_mapping_demo/ros2_ws/install/crazyflie_py/lib/python3.10/site-packages:${PYTHONPATH} /usr/bin/python3 -W ignore:setup.py install is deprecated -W ignore:easy_install command is deprecated setup.py egg_info --egg-base ../../../build/crazyflie_py build --build-base /home/odyssey/final-project/crazyflie_mapping_demo/ros2_ws/build/crazyflie_py/build install --record /home/odyssey/final-project/crazyflie_mapping_demo/ros2_ws/build/crazyflie_py/install.log --single-version-externally-managed install_data
