[0.009s] Invoking command in '/home/odyssey/final-project/crazyflie_mapping_demo/ros2_ws/build/crazyflie_examples': AMENT_PREFIX_PATH=/home/odyssey/final-project/crazyflie_mapping_demo/ros2_ws/install/crazyflie_py:/home/odyssey/final-project/crazyflie_mapping_demo/ros2_ws/install/crazyflie_ros2_multiranger_bringup:/home/odyssey/final-project/crazyflie_mapping_demo/ros2_ws/install/ros_gz_crazyflie_bringup:/home/odyssey/final-project/crazyflie_mapping_demo/ros2_ws/install/ros_gz_crazyflie_gazebo:/home/odyssey/final-project/crazyflie_mapping_demo/ros2_ws/install/ros_gz_crazyflie_control:/home/odyssey/final-project/crazyflie_mapping_demo/ros2_ws/install/crazyflie_sim:/home/odyssey/final-project/crazyflie_mapping_demo/ros2_ws/install/crazyflie_ros2_multiranger_wall_following:/home/odyssey/final-project/crazyflie_mapping_demo/ros2_ws/install/crazyflie_ros2_multiranger_simple_mapper:/home/odyssey/final-project/crazyflie_mapping_demo/ros2_ws/install/crazyflie_examples:/home/odyssey/final-project/crazyflie_mapping_demo/ros2_ws/install/crazyflie:/home/odyssey/final-project/crazyflie_mapping_demo/ros2_ws/install/crazyflie_interfaces:/opt/ros/humble CMAKE_PREFIX_PATH=/home/odyssey/final-project/crazyflie_mapping_demo/ros2_ws/install/crazyflie_interfaces:/home/odyssey/final-project/crazyflie_mapping_demo/ros2_ws/install/crazyflie_ros2_multiranger_bringup:/home/odyssey/final-project/crazyflie_mapping_demo/ros2_ws/install/ros_gz_crazyflie_bringup:/home/odyssey/final-project/crazyflie_mapping_demo/ros2_ws/install/ros_gz_crazyflie_gazebo:/home/odyssey/final-project/crazyflie_mapping_demo/ros2_ws/install/crazyflie_sim:/home/odyssey/final-project/crazyflie_mapping_demo/ros2_ws/install/crazyflie_examples:/home/odyssey/final-project/crazyflie_mapping_demo/ros2_ws/install/crazyflie:/home/odyssey/final-project/crazyflie_mapping_demo/ros2_ws/install/ros_gz_crazyflie_control:/home/odyssey/final-project/crazyflie_mapping_demo/ros2_ws/install/crazyflie_ros2_multiranger_wall_following:/home/odyssey/final-project/crazyflie_mapping_demo/ros2_ws/install/crazyflie_ros2_multiranger_simple_mapper:/home/odyssey/final-project/crazyflie_mapping_demo/ros2_ws/install/crazyflie_py:/opt/ros/humble PYTHONPATH=/home/odyssey/final-project/crazyflie_mapping_demo/ros2_ws/install/crazyflie_py/lib/python3.10/site-packages:/home/odyssey/final-project/crazyflie_mapping_demo/ros2_ws/install/ros_gz_crazyflie_control/lib/python3.10/site-packages:/home/odyssey/final-project/crazyflie_mapping_demo/ros2_ws/install/crazyflie_sim/local/lib/python3.10/dist-packages:/home/odyssey/final-project/crazyflie_mapping_demo/ros2_ws/install/crazyflie_ros2_multiranger_wall_following/lib/python3.10/site-packages:/home/odyssey/final-project/crazyflie_mapping_demo/ros2_ws/install/crazyflie_ros2_multiranger_simple_mapper/lib/python3.10/site-packages:/home/odyssey/final-project/crazyflie_mapping_demo/ros2_ws/install/crazyflie_examples/local/lib/python3.10/dist-packages:/home/odyssey/final-project/crazyflie_mapping_demo/ros2_ws/install/crazyflie_interfaces/local/lib/python3.10/dist-packages:/opt/ros/humble/lib/python3.10/site-packages:/opt/ros/humble/local/lib/python3.10/dist-packages /usr/bin/cmake /home/odyssey/final-project/crazyflie_mapping_demo/ros2_ws/src/crazyswarm2/crazyflie_examples -DBUILD_TESTING=ON -DCMAKE_INSTALL_PREFIX=/home/odyssey/final-project/crazyflie_mapping_demo/ros2_ws/install/crazyflie_examples
[0.053s] -- The C compiler identification is GNU 11.4.0
[0.097s] -- The CXX compiler identification is GNU 11.4.0
[0.102s] -- Detecting C compiler ABI info
[0.231s] -- Detecting C compiler ABI info - done
[0.239s] -- Check for working C compiler: /usr/bin/cc - skipped
[0.240s] -- Detecting C compile features
[0.240s] -- Detecting C compile features - done
[0.247s] -- Detecting CXX compiler ABI info
[0.398s] -- Detecting CXX compiler ABI info - done
[0.409s] -- Check for working CXX compiler: /usr/bin/c++ - skipped
[0.413s] -- Detecting CXX compile features
[0.413s] -- Detecting CXX compile features - done
[0.421s] -- Found ament_cmake: 1.3.13 (/opt/ros/humble/share/ament_cmake/cmake)
[0.674s] -- Found Python3: /usr/bin/python3 (found version "3.10.12") found components: Interpreter 
[0.946s] -- Found ament_cmake_pytest: 1.3.13 (/opt/ros/humble/share/ament_cmake_pytest/cmake)
[1.805s] -- Configuring done
[1.815s] -- Generating done
[1.822s] -- Build files have been written to: /home/odyssey/final-project/crazyflie_mapping_demo/ros2_ws/build/crazyflie_examples
[1.834s] Invoked command in '/home/odyssey/final-project/crazyflie_mapping_demo/ros2_ws/build/crazyflie_examples' returned '0': AMENT_PREFIX_PATH=/home/odyssey/final-project/crazyflie_mapping_demo/ros2_ws/install/crazyflie_py:/home/odyssey/final-project/crazyflie_mapping_demo/ros2_ws/install/crazyflie_ros2_multiranger_bringup:/home/odyssey/final-project/crazyflie_mapping_demo/ros2_ws/install/ros_gz_crazyflie_bringup:/home/odyssey/final-project/crazyflie_mapping_demo/ros2_ws/install/ros_gz_crazyflie_gazebo:/home/odyssey/final-project/crazyflie_mapping_demo/ros2_ws/install/ros_gz_crazyflie_control:/home/odyssey/final-project/crazyflie_mapping_demo/ros2_ws/install/crazyflie_sim:/home/odyssey/final-project/crazyflie_mapping_demo/ros2_ws/install/crazyflie_ros2_multiranger_wall_following:/home/odyssey/final-project/crazyflie_mapping_demo/ros2_ws/install/crazyflie_ros2_multiranger_simple_mapper:/home/odyssey/final-project/crazyflie_mapping_demo/ros2_ws/install/crazyflie_examples:/home/odyssey/final-project/crazyflie_mapping_demo/ros2_ws/install/crazyflie:/home/odyssey/final-project/crazyflie_mapping_demo/ros2_ws/install/crazyflie_interfaces:/opt/ros/humble CMAKE_PREFIX_PATH=/home/odyssey/final-project/crazyflie_mapping_demo/ros2_ws/install/crazyflie_interfaces:/home/odyssey/final-project/crazyflie_mapping_demo/ros2_ws/install/crazyflie_ros2_multiranger_bringup:/home/odyssey/final-project/crazyflie_mapping_demo/ros2_ws/install/ros_gz_crazyflie_bringup:/home/odyssey/final-project/crazyflie_mapping_demo/ros2_ws/install/ros_gz_crazyflie_gazebo:/home/odyssey/final-project/crazyflie_mapping_demo/ros2_ws/install/crazyflie_sim:/home/odyssey/final-project/crazyflie_mapping_demo/ros2_ws/install/crazyflie_examples:/home/odyssey/final-project/crazyflie_mapping_demo/ros2_ws/install/crazyflie:/home/odyssey/final-project/crazyflie_mapping_demo/ros2_ws/install/ros_gz_crazyflie_control:/home/odyssey/final-project/crazyflie_mapping_demo/ros2_ws/install/crazyflie_ros2_multiranger_wall_following:/home/odyssey/final-project/crazyflie_mapping_demo/ros2_ws/install/crazyflie_ros2_multiranger_simple_mapper:/home/odyssey/final-project/crazyflie_mapping_demo/ros2_ws/install/crazyflie_py:/opt/ros/humble PYTHONPATH=/home/odyssey/final-project/crazyflie_mapping_demo/ros2_ws/install/crazyflie_py/lib/python3.10/site-packages:/home/odyssey/final-project/crazyflie_mapping_demo/ros2_ws/install/ros_gz_crazyflie_control/lib/python3.10/site-packages:/home/odyssey/final-project/crazyflie_mapping_demo/ros2_ws/install/crazyflie_sim/local/lib/python3.10/dist-packages:/home/odyssey/final-project/crazyflie_mapping_demo/ros2_ws/install/crazyflie_ros2_multiranger_wall_following/lib/python3.10/site-packages:/home/odyssey/final-project/crazyflie_mapping_demo/ros2_ws/install/crazyflie_ros2_multiranger_simple_mapper/lib/python3.10/site-packages:/home/odyssey/final-project/crazyflie_mapping_demo/ros2_ws/install/crazyflie_examples/local/lib/python3.10/dist-packages:/home/odyssey/final-project/crazyflie_mapping_demo/ros2_ws/install/crazyflie_interfaces/local/lib/python3.10/dist-packages:/opt/ros/humble/lib/python3.10/site-packages:/opt/ros/humble/local/lib/python3.10/dist-packages /usr/bin/cmake /home/odyssey/final-project/crazyflie_mapping_demo/ros2_ws/src/crazyswarm2/crazyflie_examples -DBUILD_TESTING=ON -DCMAKE_INSTALL_PREFIX=/home/odyssey/final-project/crazyflie_mapping_demo/ros2_ws/install/crazyflie_examples
[1.834s] Invoking command in '/home/odyssey/final-project/crazyflie_mapping_demo/ros2_ws/build/crazyflie_examples': AMENT_PREFIX_PATH=/home/odyssey/final-project/crazyflie_mapping_demo/ros2_ws/install/crazyflie_py:/home/odyssey/final-project/crazyflie_mapping_demo/ros2_ws/install/crazyflie_ros2_multiranger_bringup:/home/odyssey/final-project/crazyflie_mapping_demo/ros2_ws/install/ros_gz_crazyflie_bringup:/home/odyssey/final-project/crazyflie_mapping_demo/ros2_ws/install/ros_gz_crazyflie_gazebo:/home/odyssey/final-project/crazyflie_mapping_demo/ros2_ws/install/ros_gz_crazyflie_control:/home/odyssey/final-project/crazyflie_mapping_demo/ros2_ws/install/crazyflie_sim:/home/odyssey/final-project/crazyflie_mapping_demo/ros2_ws/install/crazyflie_ros2_multiranger_wall_following:/home/odyssey/final-project/crazyflie_mapping_demo/ros2_ws/install/crazyflie_ros2_multiranger_simple_mapper:/home/odyssey/final-project/crazyflie_mapping_demo/ros2_ws/install/crazyflie_examples:/home/odyssey/final-project/crazyflie_mapping_demo/ros2_ws/install/crazyflie:/home/odyssey/final-project/crazyflie_mapping_demo/ros2_ws/install/crazyflie_interfaces:/opt/ros/humble CMAKE_PREFIX_PATH=/home/odyssey/final-project/crazyflie_mapping_demo/ros2_ws/install/crazyflie_interfaces:/home/odyssey/final-project/crazyflie_mapping_demo/ros2_ws/install/crazyflie_ros2_multiranger_bringup:/home/odyssey/final-project/crazyflie_mapping_demo/ros2_ws/install/ros_gz_crazyflie_bringup:/home/odyssey/final-project/crazyflie_mapping_demo/ros2_ws/install/ros_gz_crazyflie_gazebo:/home/odyssey/final-project/crazyflie_mapping_demo/ros2_ws/install/crazyflie_sim:/home/odyssey/final-project/crazyflie_mapping_demo/ros2_ws/install/crazyflie_examples:/home/odyssey/final-project/crazyflie_mapping_demo/ros2_ws/install/crazyflie:/home/odyssey/final-project/crazyflie_mapping_demo/ros2_ws/install/ros_gz_crazyflie_control:/home/odyssey/final-project/crazyflie_mapping_demo/ros2_ws/install/crazyflie_ros2_multiranger_wall_following:/home/odyssey/final-project/crazyflie_mapping_demo/ros2_ws/install/crazyflie_ros2_multiranger_simple_mapper:/home/odyssey/final-project/crazyflie_mapping_demo/ros2_ws/install/crazyflie_py:/opt/ros/humble PYTHONPATH=/home/odyssey/final-project/crazyflie_mapping_demo/ros2_ws/install/crazyflie_py/lib/python3.10/site-packages:/home/odyssey/final-project/crazyflie_mapping_demo/ros2_ws/install/ros_gz_crazyflie_control/lib/python3.10/site-packages:/home/odyssey/final-project/crazyflie_mapping_demo/ros2_ws/install/crazyflie_sim/local/lib/python3.10/dist-packages:/home/odyssey/final-project/crazyflie_mapping_demo/ros2_ws/install/crazyflie_ros2_multiranger_wall_following/lib/python3.10/site-packages:/home/odyssey/final-project/crazyflie_mapping_demo/ros2_ws/install/crazyflie_ros2_multiranger_simple_mapper/lib/python3.10/site-packages:/home/odyssey/final-project/crazyflie_mapping_demo/ros2_ws/install/crazyflie_examples/local/lib/python3.10/dist-packages:/home/odyssey/final-project/crazyflie_mapping_demo/ros2_ws/install/crazyflie_interfaces/local/lib/python3.10/dist-packages:/opt/ros/humble/lib/python3.10/site-packages:/opt/ros/humble/local/lib/python3.10/dist-packages /usr/bin/cmake --build /home/odyssey/final-project/crazyflie_mapping_demo/ros2_ws/build/crazyflie_examples -- -j2 -l2
[1.941s] Built target ament_cmake_python_copy_crazyflie_examples
[1.941s] Built target ament_cmake_python_copy_crazyflie_examples_setup
[2.338s] running install_scripts
[2.342s] /usr/lib/python3/dist-packages/setuptools/command/install.py:34: SetuptoolsDeprecationWarning: setup.py install is deprecated. Use build and pip and other standards-based tools.
[2.343s]   warnings.warn(
[2.362s] running egg_info
[2.362s] creating crazyflie_examples.egg-info
[2.366s] writing crazyflie_examples.egg-info/PKG-INFO
[2.366s] writing dependency_links to crazyflie_examples.egg-info/dependency_links.txt
[2.366s] writing entry points to crazyflie_examples.egg-info/entry_points.txt
[2.366s] writing top-level names to crazyflie_examples.egg-info/top_level.txt
[2.366s] writing manifest file 'crazyflie_examples.egg-info/SOURCES.txt'
[2.380s] reading manifest file 'crazyflie_examples.egg-info/SOURCES.txt'
[2.380s] writing manifest file 'crazyflie_examples.egg-info/SOURCES.txt'
[2.418s] running egg_info
[2.422s] writing crazyflie_examples.egg-info/PKG-INFO
[2.424s] writing dependency_links to crazyflie_examples.egg-info/dependency_links.txt
[2.428s] writing entry points to crazyflie_examples.egg-info/entry_points.txt
[2.428s] writing top-level names to crazyflie_examples.egg-info/top_level.txt
[2.433s] reading manifest file 'crazyflie_examples.egg-info/SOURCES.txt'
[2.439s] writing manifest file 'crazyflie_examples.egg-info/SOURCES.txt'
[2.444s] Installing arming script to scripts
[2.444s] Installing cmd_full_state script to scripts
[2.445s] Installing figure8 script to scripts
[2.445s] Installing goto_unicast script to scripts
[2.445s] Installing group_mask script to scripts
[2.447s] Installing hello_world script to scripts
[2.448s] Installing infinite_flight script to scripts
[2.455s] Installing multi_trajectory script to scripts
[2.455s] Installing nice_hover script to scripts
[2.455s] Installing set_param script to scripts
[2.455s] Installing swap script to scripts
[2.501s] Built target ament_cmake_python_build_crazyflie_examples_egg
[2.571s] Built target ament_cmake_python_build_crazyflie_examples_scripts
[2.597s] Invoked command in '/home/odyssey/final-project/crazyflie_mapping_demo/ros2_ws/build/crazyflie_examples' returned '0': AMENT_PREFIX_PATH=/home/odyssey/final-project/crazyflie_mapping_demo/ros2_ws/install/crazyflie_py:/home/odyssey/final-project/crazyflie_mapping_demo/ros2_ws/install/crazyflie_ros2_multiranger_bringup:/home/odyssey/final-project/crazyflie_mapping_demo/ros2_ws/install/ros_gz_crazyflie_bringup:/home/odyssey/final-project/crazyflie_mapping_demo/ros2_ws/install/ros_gz_crazyflie_gazebo:/home/odyssey/final-project/crazyflie_mapping_demo/ros2_ws/install/ros_gz_crazyflie_control:/home/odyssey/final-project/crazyflie_mapping_demo/ros2_ws/install/crazyflie_sim:/home/odyssey/final-project/crazyflie_mapping_demo/ros2_ws/install/crazyflie_ros2_multiranger_wall_following:/home/odyssey/final-project/crazyflie_mapping_demo/ros2_ws/install/crazyflie_ros2_multiranger_simple_mapper:/home/odyssey/final-project/crazyflie_mapping_demo/ros2_ws/install/crazyflie_examples:/home/odyssey/final-project/crazyflie_mapping_demo/ros2_ws/install/crazyflie:/home/odyssey/final-project/crazyflie_mapping_demo/ros2_ws/install/crazyflie_interfaces:/opt/ros/humble CMAKE_PREFIX_PATH=/home/odyssey/final-project/crazyflie_mapping_demo/ros2_ws/install/crazyflie_interfaces:/home/odyssey/final-project/crazyflie_mapping_demo/ros2_ws/install/crazyflie_ros2_multiranger_bringup:/home/odyssey/final-project/crazyflie_mapping_demo/ros2_ws/install/ros_gz_crazyflie_bringup:/home/odyssey/final-project/crazyflie_mapping_demo/ros2_ws/install/ros_gz_crazyflie_gazebo:/home/odyssey/final-project/crazyflie_mapping_demo/ros2_ws/install/crazyflie_sim:/home/odyssey/final-project/crazyflie_mapping_demo/ros2_ws/install/crazyflie_examples:/home/odyssey/final-project/crazyflie_mapping_demo/ros2_ws/install/crazyflie:/home/odyssey/final-project/crazyflie_mapping_demo/ros2_ws/install/ros_gz_crazyflie_control:/home/odyssey/final-project/crazyflie_mapping_demo/ros2_ws/install/crazyflie_ros2_multiranger_wall_following:/home/odyssey/final-project/crazyflie_mapping_demo/ros2_ws/install/crazyflie_ros2_multiranger_simple_mapper:/home/odyssey/final-project/crazyflie_mapping_demo/ros2_ws/install/crazyflie_py:/opt/ros/humble PYTHONPATH=/home/odyssey/final-project/crazyflie_mapping_demo/ros2_ws/install/crazyflie_py/lib/python3.10/site-packages:/home/odyssey/final-project/crazyflie_mapping_demo/ros2_ws/install/ros_gz_crazyflie_control/lib/python3.10/site-packages:/home/odyssey/final-project/crazyflie_mapping_demo/ros2_ws/install/crazyflie_sim/local/lib/python3.10/dist-packages:/home/odyssey/final-project/crazyflie_mapping_demo/ros2_ws/install/crazyflie_ros2_multiranger_wall_following/lib/python3.10/site-packages:/home/odyssey/final-project/crazyflie_mapping_demo/ros2_ws/install/crazyflie_ros2_multiranger_simple_mapper/lib/python3.10/site-packages:/home/odyssey/final-project/crazyflie_mapping_demo/ros2_ws/install/crazyflie_examples/local/lib/python3.10/dist-packages:/home/odyssey/final-project/crazyflie_mapping_demo/ros2_ws/install/crazyflie_interfaces/local/lib/python3.10/dist-packages:/opt/ros/humble/lib/python3.10/site-packages:/opt/ros/humble/local/lib/python3.10/dist-packages /usr/bin/cmake --build /home/odyssey/final-project/crazyflie_mapping_demo/ros2_ws/build/crazyflie_examples -- -j2 -l2
[2.598s] Invoking command in '/home/odyssey/final-project/crazyflie_mapping_demo/ros2_ws/build/crazyflie_examples': AMENT_PREFIX_PATH=/home/odyssey/final-project/crazyflie_mapping_demo/ros2_ws/install/crazyflie_py:/home/odyssey/final-project/crazyflie_mapping_demo/ros2_ws/install/crazyflie_ros2_multiranger_bringup:/home/odyssey/final-project/crazyflie_mapping_demo/ros2_ws/install/ros_gz_crazyflie_bringup:/home/odyssey/final-project/crazyflie_mapping_demo/ros2_ws/install/ros_gz_crazyflie_gazebo:/home/odyssey/final-project/crazyflie_mapping_demo/ros2_ws/install/ros_gz_crazyflie_control:/home/odyssey/final-project/crazyflie_mapping_demo/ros2_ws/install/crazyflie_sim:/home/odyssey/final-project/crazyflie_mapping_demo/ros2_ws/install/crazyflie_ros2_multiranger_wall_following:/home/odyssey/final-project/crazyflie_mapping_demo/ros2_ws/install/crazyflie_ros2_multiranger_simple_mapper:/home/odyssey/final-project/crazyflie_mapping_demo/ros2_ws/install/crazyflie_examples:/home/odyssey/final-project/crazyflie_mapping_demo/ros2_ws/install/crazyflie:/home/odyssey/final-project/crazyflie_mapping_demo/ros2_ws/install/crazyflie_interfaces:/opt/ros/humble CMAKE_PREFIX_PATH=/home/odyssey/final-project/crazyflie_mapping_demo/ros2_ws/install/crazyflie_interfaces:/home/odyssey/final-project/crazyflie_mapping_demo/ros2_ws/install/crazyflie_ros2_multiranger_bringup:/home/odyssey/final-project/crazyflie_mapping_demo/ros2_ws/install/ros_gz_crazyflie_bringup:/home/odyssey/final-project/crazyflie_mapping_demo/ros2_ws/install/ros_gz_crazyflie_gazebo:/home/odyssey/final-project/crazyflie_mapping_demo/ros2_ws/install/crazyflie_sim:/home/odyssey/final-project/crazyflie_mapping_demo/ros2_ws/install/crazyflie_examples:/home/odyssey/final-project/crazyflie_mapping_demo/ros2_ws/install/crazyflie:/home/odyssey/final-project/crazyflie_mapping_demo/ros2_ws/install/ros_gz_crazyflie_control:/home/odyssey/final-project/crazyflie_mapping_demo/ros2_ws/install/crazyflie_ros2_multiranger_wall_following:/home/odyssey/final-project/crazyflie_mapping_demo/ros2_ws/install/crazyflie_ros2_multiranger_simple_mapper:/home/odyssey/final-project/crazyflie_mapping_demo/ros2_ws/install/crazyflie_py:/opt/ros/humble PYTHONPATH=/home/odyssey/final-project/crazyflie_mapping_demo/ros2_ws/install/crazyflie_py/lib/python3.10/site-packages:/home/odyssey/final-project/crazyflie_mapping_demo/ros2_ws/install/ros_gz_crazyflie_control/lib/python3.10/site-packages:/home/odyssey/final-project/crazyflie_mapping_demo/ros2_ws/install/crazyflie_sim/local/lib/python3.10/dist-packages:/home/odyssey/final-project/crazyflie_mapping_demo/ros2_ws/install/crazyflie_ros2_multiranger_wall_following/lib/python3.10/site-packages:/home/odyssey/final-project/crazyflie_mapping_demo/ros2_ws/install/crazyflie_ros2_multiranger_simple_mapper/lib/python3.10/site-packages:/home/odyssey/final-project/crazyflie_mapping_demo/ros2_ws/install/crazyflie_examples/local/lib/python3.10/dist-packages:/home/odyssey/final-project/crazyflie_mapping_demo/ros2_ws/install/crazyflie_interfaces/local/lib/python3.10/dist-packages:/opt/ros/humble/lib/python3.10/site-packages:/opt/ros/humble/local/lib/python3.10/dist-packages /usr/bin/cmake --install /home/odyssey/final-project/crazyflie_mapping_demo/ros2_ws/build/crazyflie_examples
[2.615s] -- Install configuration: ""
[2.615s] -- Installing: /home/odyssey/final-project/crazyflie_mapping_demo/ros2_ws/install/crazyflie_examples/share/crazyflie_examples/environment/pythonpath.sh
[2.615s] -- Installing: /home/odyssey/final-project/crazyflie_mapping_demo/ros2_ws/install/crazyflie_examples/share/crazyflie_examples/environment/pythonpath.dsv
[2.616s] -- Installing: /home/odyssey/final-project/crazyflie_mapping_demo/ros2_ws/install/crazyflie_examples/local/lib/python3.10/dist-packages/crazyflie_examples-1.0.3-py3.10.egg-info
[2.617s] -- Installing: /home/odyssey/final-project/crazyflie_mapping_demo/ros2_ws/install/crazyflie_examples/local/lib/python3.10/dist-packages/crazyflie_examples-1.0.3-py3.10.egg-info/top_level.txt
[2.617s] -- Installing: /home/odyssey/final-project/crazyflie_mapping_demo/ros2_ws/install/crazyflie_examples/local/lib/python3.10/dist-packages/crazyflie_examples-1.0.3-py3.10.egg-info/SOURCES.txt
[2.617s] -- Installing: /home/odyssey/final-project/crazyflie_mapping_demo/ros2_ws/install/crazyflie_examples/local/lib/python3.10/dist-packages/crazyflie_examples-1.0.3-py3.10.egg-info/entry_points.txt
[2.617s] -- Installing: /home/odyssey/final-project/crazyflie_mapping_demo/ros2_ws/install/crazyflie_examples/local/lib/python3.10/dist-packages/crazyflie_examples-1.0.3-py3.10.egg-info/PKG-INFO
[2.617s] -- Installing: /home/odyssey/final-project/crazyflie_mapping_demo/ros2_ws/install/crazyflie_examples/local/lib/python3.10/dist-packages/crazyflie_examples-1.0.3-py3.10.egg-info/dependency_links.txt
[2.617s] -- Installing: /home/odyssey/final-project/crazyflie_mapping_demo/ros2_ws/install/crazyflie_examples/lib/crazyflie_examples/
[2.617s] -- Installing: /home/odyssey/final-project/crazyflie_mapping_demo/ros2_ws/install/crazyflie_examples/lib/crazyflie_examples//goto_unicast
[2.620s] -- Installing: /home/odyssey/final-project/crazyflie_mapping_demo/ros2_ws/install/crazyflie_examples/lib/crazyflie_examples//multi_trajectory
[2.620s] -- Installing: /home/odyssey/final-project/crazyflie_mapping_demo/ros2_ws/install/crazyflie_examples/lib/crazyflie_examples//set_param
[2.620s] -- Installing: /home/odyssey/final-project/crazyflie_mapping_demo/ros2_ws/install/crazyflie_examples/lib/crazyflie_examples//figure8
[2.620s] -- Installing: /home/odyssey/final-project/crazyflie_mapping_demo/ros2_ws/install/crazyflie_examples/lib/crazyflie_examples//group_mask
[2.620s] -- Installing: /home/odyssey/final-project/crazyflie_mapping_demo/ros2_ws/install/crazyflie_examples/lib/crazyflie_examples//infinite_flight
[2.620s] -- Installing: /home/odyssey/final-project/crazyflie_mapping_demo/ros2_ws/install/crazyflie_examples/lib/crazyflie_examples//swap
[2.620s] -- Installing: /home/odyssey/final-project/crazyflie_mapping_demo/ros2_ws/install/crazyflie_examples/lib/crazyflie_examples//arming
[2.620s] -- Installing: /home/odyssey/final-project/crazyflie_mapping_demo/ros2_ws/install/crazyflie_examples/lib/crazyflie_examples//cmd_full_state
[2.620s] -- Installing: /home/odyssey/final-project/crazyflie_mapping_demo/ros2_ws/install/crazyflie_examples/lib/crazyflie_examples//nice_hover
[2.621s] -- Installing: /home/odyssey/final-project/crazyflie_mapping_demo/ros2_ws/install/crazyflie_examples/lib/crazyflie_examples//hello_world
[2.622s] -- Installing: /home/odyssey/final-project/crazyflie_mapping_demo/ros2_ws/install/crazyflie_examples/local/lib/python3.10/dist-packages/crazyflie_examples
[2.622s] -- Installing: /home/odyssey/final-project/crazyflie_mapping_demo/ros2_ws/install/crazyflie_examples/local/lib/python3.10/dist-packages/crazyflie_examples/figure8.py
[2.622s] -- Installing: /home/odyssey/final-project/crazyflie_mapping_demo/ros2_ws/install/crazyflie_examples/local/lib/python3.10/dist-packages/crazyflie_examples/nice_hover.py
[2.622s] -- Installing: /home/odyssey/final-project/crazyflie_mapping_demo/ros2_ws/install/crazyflie_examples/local/lib/python3.10/dist-packages/crazyflie_examples/goto_unicast.py
[2.622s] -- Installing: /home/odyssey/final-project/crazyflie_mapping_demo/ros2_ws/install/crazyflie_examples/local/lib/python3.10/dist-packages/crazyflie_examples/hello_world.py
[2.623s] -- Installing: /home/odyssey/final-project/crazyflie_mapping_demo/ros2_ws/install/crazyflie_examples/local/lib/python3.10/dist-packages/crazyflie_examples/arming.py
[2.623s] -- Installing: /home/odyssey/final-project/crazyflie_mapping_demo/ros2_ws/install/crazyflie_examples/local/lib/python3.10/dist-packages/crazyflie_examples/data
[2.623s] -- Installing: /home/odyssey/final-project/crazyflie_mapping_demo/ros2_ws/install/crazyflie_examples/local/lib/python3.10/dist-packages/crazyflie_examples/data/multi_trajectory
[2.623s] -- Installing: /home/odyssey/final-project/crazyflie_mapping_demo/ros2_ws/install/crazyflie_examples/local/lib/python3.10/dist-packages/crazyflie_examples/data/multi_trajectory/traj1.csv
[2.623s] -- Installing: /home/odyssey/final-project/crazyflie_mapping_demo/ros2_ws/install/crazyflie_examples/local/lib/python3.10/dist-packages/crazyflie_examples/data/multi_trajectory/traj0.csv
[2.624s] -- Installing: /home/odyssey/final-project/crazyflie_mapping_demo/ros2_ws/install/crazyflie_examples/local/lib/python3.10/dist-packages/crazyflie_examples/data/figure8.csv
[2.624s] -- Installing: /home/odyssey/final-project/crazyflie_mapping_demo/ros2_ws/install/crazyflie_examples/local/lib/python3.10/dist-packages/crazyflie_examples/group_mask.py
[2.627s] -- Installing: /home/odyssey/final-project/crazyflie_mapping_demo/ros2_ws/install/crazyflie_examples/local/lib/python3.10/dist-packages/crazyflie_examples/__init__.py
[2.628s] -- Installing: /home/odyssey/final-project/crazyflie_mapping_demo/ros2_ws/install/crazyflie_examples/local/lib/python3.10/dist-packages/crazyflie_examples/cmd_full_state.py
[2.628s] -- Installing: /home/odyssey/final-project/crazyflie_mapping_demo/ros2_ws/install/crazyflie_examples/local/lib/python3.10/dist-packages/crazyflie_examples/set_param.py
[2.628s] -- Installing: /home/odyssey/final-project/crazyflie_mapping_demo/ros2_ws/install/crazyflie_examples/local/lib/python3.10/dist-packages/crazyflie_examples/swap.py
[2.628s] -- Installing: /home/odyssey/final-project/crazyflie_mapping_demo/ros2_ws/install/crazyflie_examples/local/lib/python3.10/dist-packages/crazyflie_examples/infinite_flight.py
[2.628s] -- Installing: /home/odyssey/final-project/crazyflie_mapping_demo/ros2_ws/install/crazyflie_examples/local/lib/python3.10/dist-packages/crazyflie_examples/multi_trajectory.py
[2.693s] Listing '/home/odyssey/final-project/crazyflie_mapping_demo/ros2_ws/install/crazyflie_examples/local/lib/python3.10/dist-packages/crazyflie_examples'...
[2.694s] Compiling '/home/odyssey/final-project/crazyflie_mapping_demo/ros2_ws/install/crazyflie_examples/local/lib/python3.10/dist-packages/crazyflie_examples/__init__.py'...
[2.694s] Compiling '/home/odyssey/final-project/crazyflie_mapping_demo/ros2_ws/install/crazyflie_examples/local/lib/python3.10/dist-packages/crazyflie_examples/arming.py'...
[2.694s] Compiling '/home/odyssey/final-project/crazyflie_mapping_demo/ros2_ws/install/crazyflie_examples/local/lib/python3.10/dist-packages/crazyflie_examples/cmd_full_state.py'...
[2.694s] Listing '/home/odyssey/final-project/crazyflie_mapping_demo/ros2_ws/install/crazyflie_examples/local/lib/python3.10/dist-packages/crazyflie_examples/data'...
[2.694s] Listing '/home/odyssey/final-project/crazyflie_mapping_demo/ros2_ws/install/crazyflie_examples/local/lib/python3.10/dist-packages/crazyflie_examples/data/multi_trajectory'...
[2.694s] Compiling '/home/odyssey/final-project/crazyflie_mapping_demo/ros2_ws/install/crazyflie_examples/local/lib/python3.10/dist-packages/crazyflie_examples/figure8.py'...
[2.694s] Compiling '/home/odyssey/final-project/crazyflie_mapping_demo/ros2_ws/install/crazyflie_examples/local/lib/python3.10/dist-packages/crazyflie_examples/goto_unicast.py'...
[2.694s] Compiling '/home/odyssey/final-project/crazyflie_mapping_demo/ros2_ws/install/crazyflie_examples/local/lib/python3.10/dist-packages/crazyflie_examples/group_mask.py'...
[2.694s] Compiling '/home/odyssey/final-project/crazyflie_mapping_demo/ros2_ws/install/crazyflie_examples/local/lib/python3.10/dist-packages/crazyflie_examples/hello_world.py'...
[2.694s] Compiling '/home/odyssey/final-project/crazyflie_mapping_demo/ros2_ws/install/crazyflie_examples/local/lib/python3.10/dist-packages/crazyflie_examples/infinite_flight.py'...
[2.694s] Compiling '/home/odyssey/final-project/crazyflie_mapping_demo/ros2_ws/install/crazyflie_examples/local/lib/python3.10/dist-packages/crazyflie_examples/multi_trajectory.py'...
[2.694s] Compiling '/home/odyssey/final-project/crazyflie_mapping_demo/ros2_ws/install/crazyflie_examples/local/lib/python3.10/dist-packages/crazyflie_examples/nice_hover.py'...
[2.694s] Compiling '/home/odyssey/final-project/crazyflie_mapping_demo/ros2_ws/install/crazyflie_examples/local/lib/python3.10/dist-packages/crazyflie_examples/set_param.py'...
[2.694s] Compiling '/home/odyssey/final-project/crazyflie_mapping_demo/ros2_ws/install/crazyflie_examples/local/lib/python3.10/dist-packages/crazyflie_examples/swap.py'...
[2.702s] -- Installing: /home/odyssey/final-project/crazyflie_mapping_demo/ros2_ws/install/crazyflie_examples/share/crazyflie_examples//config
[2.702s] -- Installing: /home/odyssey/final-project/crazyflie_mapping_demo/ros2_ws/install/crazyflie_examples/share/crazyflie_examples//config/nav2_view.rviz
[2.703s] -- Installing: /home/odyssey/final-project/crazyflie_mapping_demo/ros2_ws/install/crazyflie_examples/share/crazyflie_examples//config/slam_params.yaml
[2.703s] -- Installing: /home/odyssey/final-project/crazyflie_mapping_demo/ros2_ws/install/crazyflie_examples/share/crazyflie_examples//config/nav2_params.yaml
[2.703s] -- Installing: /home/odyssey/final-project/crazyflie_mapping_demo/ros2_ws/install/crazyflie_examples/share/crazyflie_examples//data
[2.704s] -- Installing: /home/odyssey/final-project/crazyflie_mapping_demo/ros2_ws/install/crazyflie_examples/share/crazyflie_examples//data/map.posegraph
[2.707s] -- Installing: /home/odyssey/final-project/crazyflie_mapping_demo/ros2_ws/install/crazyflie_examples/share/crazyflie_examples//data/map.data
[2.708s] -- Installing: /home/odyssey/final-project/crazyflie_mapping_demo/ros2_ws/install/crazyflie_examples/share/crazyflie_examples//data/map.pgm
[2.708s] -- Installing: /home/odyssey/final-project/crazyflie_mapping_demo/ros2_ws/install/crazyflie_examples/share/crazyflie_examples//data/map.yaml
[2.708s] -- Installing: /home/odyssey/final-project/crazyflie_mapping_demo/ros2_ws/install/crazyflie_examples/share/crazyflie_examples//launch
[2.709s] -- Installing: /home/odyssey/final-project/crazyflie_mapping_demo/ros2_ws/install/crazyflie_examples/share/crazyflie_examples//launch/multiranger_nav2_launch.py
[2.709s] -- Installing: /home/odyssey/final-project/crazyflie_mapping_demo/ros2_ws/install/crazyflie_examples/share/crazyflie_examples//launch/multiranger_simple_mapper_launch.py
[2.709s] -- Installing: /home/odyssey/final-project/crazyflie_mapping_demo/ros2_ws/install/crazyflie_examples/share/crazyflie_examples//launch/launch.py
[2.709s] -- Installing: /home/odyssey/final-project/crazyflie_mapping_demo/ros2_ws/install/crazyflie_examples/share/crazyflie_examples//launch/multiranger_mapping_launch.py
[2.709s] -- Installing: /home/odyssey/final-project/crazyflie_mapping_demo/ros2_ws/install/crazyflie_examples/share/crazyflie_examples//launch/keyboard_velmux_launch.py
[2.709s] -- Installing: /home/odyssey/final-project/crazyflie_mapping_demo/ros2_ws/install/crazyflie_examples/share/ament_index/resource_index/package_run_dependencies/crazyflie_examples
[2.710s] -- Installing: /home/odyssey/final-project/crazyflie_mapping_demo/ros2_ws/install/crazyflie_examples/share/ament_index/resource_index/parent_prefix_path/crazyflie_examples
[2.710s] -- Installing: /home/odyssey/final-project/crazyflie_mapping_demo/ros2_ws/install/crazyflie_examples/share/crazyflie_examples/environment/ament_prefix_path.sh
[2.711s] -- Installing: /home/odyssey/final-project/crazyflie_mapping_demo/ros2_ws/install/crazyflie_examples/share/crazyflie_examples/environment/ament_prefix_path.dsv
[2.711s] -- Installing: /home/odyssey/final-project/crazyflie_mapping_demo/ros2_ws/install/crazyflie_examples/share/crazyflie_examples/environment/path.sh
[2.711s] -- Installing: /home/odyssey/final-project/crazyflie_mapping_demo/ros2_ws/install/crazyflie_examples/share/crazyflie_examples/environment/path.dsv
[2.711s] -- Installing: /home/odyssey/final-project/crazyflie_mapping_demo/ros2_ws/install/crazyflie_examples/share/crazyflie_examples/local_setup.bash
[2.711s] -- Installing: /home/odyssey/final-project/crazyflie_mapping_demo/ros2_ws/install/crazyflie_examples/share/crazyflie_examples/local_setup.sh
[2.714s] -- Installing: /home/odyssey/final-project/crazyflie_mapping_demo/ros2_ws/install/crazyflie_examples/share/crazyflie_examples/local_setup.zsh
[2.715s] -- Installing: /home/odyssey/final-project/crazyflie_mapping_demo/ros2_ws/install/crazyflie_examples/share/crazyflie_examples/local_setup.dsv
[2.715s] -- Installing: /home/odyssey/final-project/crazyflie_mapping_demo/ros2_ws/install/crazyflie_examples/share/crazyflie_examples/package.dsv
[2.715s] -- Installing: /home/odyssey/final-project/crazyflie_mapping_demo/ros2_ws/install/crazyflie_examples/share/ament_index/resource_index/packages/crazyflie_examples
[2.715s] -- Installing: /home/odyssey/final-project/crazyflie_mapping_demo/ros2_ws/install/crazyflie_examples/share/crazyflie_examples/cmake/crazyflie_examplesConfig.cmake
[2.715s] -- Installing: /home/odyssey/final-project/crazyflie_mapping_demo/ros2_ws/install/crazyflie_examples/share/crazyflie_examples/cmake/crazyflie_examplesConfig-version.cmake
[2.715s] -- Installing: /home/odyssey/final-project/crazyflie_mapping_demo/ros2_ws/install/crazyflie_examples/share/crazyflie_examples/package.xml
[2.715s] Invoked command in '/home/odyssey/final-project/crazyflie_mapping_demo/ros2_ws/build/crazyflie_examples' returned '0': AMENT_PREFIX_PATH=/home/odyssey/final-project/crazyflie_mapping_demo/ros2_ws/install/crazyflie_py:/home/odyssey/final-project/crazyflie_mapping_demo/ros2_ws/install/crazyflie_ros2_multiranger_bringup:/home/odyssey/final-project/crazyflie_mapping_demo/ros2_ws/install/ros_gz_crazyflie_bringup:/home/odyssey/final-project/crazyflie_mapping_demo/ros2_ws/install/ros_gz_crazyflie_gazebo:/home/odyssey/final-project/crazyflie_mapping_demo/ros2_ws/install/ros_gz_crazyflie_control:/home/odyssey/final-project/crazyflie_mapping_demo/ros2_ws/install/crazyflie_sim:/home/odyssey/final-project/crazyflie_mapping_demo/ros2_ws/install/crazyflie_ros2_multiranger_wall_following:/home/odyssey/final-project/crazyflie_mapping_demo/ros2_ws/install/crazyflie_ros2_multiranger_simple_mapper:/home/odyssey/final-project/crazyflie_mapping_demo/ros2_ws/install/crazyflie_examples:/home/odyssey/final-project/crazyflie_mapping_demo/ros2_ws/install/crazyflie:/home/odyssey/final-project/crazyflie_mapping_demo/ros2_ws/install/crazyflie_interfaces:/opt/ros/humble CMAKE_PREFIX_PATH=/home/odyssey/final-project/crazyflie_mapping_demo/ros2_ws/install/crazyflie_interfaces:/home/odyssey/final-project/crazyflie_mapping_demo/ros2_ws/install/crazyflie_ros2_multiranger_bringup:/home/odyssey/final-project/crazyflie_mapping_demo/ros2_ws/install/ros_gz_crazyflie_bringup:/home/odyssey/final-project/crazyflie_mapping_demo/ros2_ws/install/ros_gz_crazyflie_gazebo:/home/odyssey/final-project/crazyflie_mapping_demo/ros2_ws/install/crazyflie_sim:/home/odyssey/final-project/crazyflie_mapping_demo/ros2_ws/install/crazyflie_examples:/home/odyssey/final-project/crazyflie_mapping_demo/ros2_ws/install/crazyflie:/home/odyssey/final-project/crazyflie_mapping_demo/ros2_ws/install/ros_gz_crazyflie_control:/home/odyssey/final-project/crazyflie_mapping_demo/ros2_ws/install/crazyflie_ros2_multiranger_wall_following:/home/odyssey/final-project/crazyflie_mapping_demo/ros2_ws/install/crazyflie_ros2_multiranger_simple_mapper:/home/odyssey/final-project/crazyflie_mapping_demo/ros2_ws/install/crazyflie_py:/opt/ros/humble PYTHONPATH=/home/odyssey/final-project/crazyflie_mapping_demo/ros2_ws/install/crazyflie_py/lib/python3.10/site-packages:/home/odyssey/final-project/crazyflie_mapping_demo/ros2_ws/install/ros_gz_crazyflie_control/lib/python3.10/site-packages:/home/odyssey/final-project/crazyflie_mapping_demo/ros2_ws/install/crazyflie_sim/local/lib/python3.10/dist-packages:/home/odyssey/final-project/crazyflie_mapping_demo/ros2_ws/install/crazyflie_ros2_multiranger_wall_following/lib/python3.10/site-packages:/home/odyssey/final-project/crazyflie_mapping_demo/ros2_ws/install/crazyflie_ros2_multiranger_simple_mapper/lib/python3.10/site-packages:/home/odyssey/final-project/crazyflie_mapping_demo/ros2_ws/install/crazyflie_examples/local/lib/python3.10/dist-packages:/home/odyssey/final-project/crazyflie_mapping_demo/ros2_ws/install/crazyflie_interfaces/local/lib/python3.10/dist-packages:/opt/ros/humble/lib/python3.10/site-packages:/opt/ros/humble/local/lib/python3.10/dist-packages /usr/bin/cmake --install /home/odyssey/final-project/crazyflie_mapping_demo/ros2_ws/build/crazyflie_examples
