[0.027s] Invoking command in '/home/odyssey/Desktop/final-project/crazyflie_mapping_demo/ros2_ws/build/crazyflie_ros2_multiranger_bringup': AMENT_PREFIX_PATH=/home/odyssey/Desktop/final-project/crazyflie_mapping_demo/ros2_ws/install/ros_gz_crazyflie_bringup:/home/odyssey/Desktop/final-project/crazyflie_mapping_demo/ros2_ws/install/ros_gz_crazyflie_gazebo:${AMENT_PREFIX_PATH} CMAKE_PREFIX_PATH=/home/odyssey/Desktop/final-project/crazyflie_mapping_demo/ros2_ws/install/ros_gz_crazyflie_bringup:/home/odyssey/Desktop/final-project/crazyflie_mapping_demo/ros2_ws/install/ros_gz_crazyflie_gazebo:/opt/ros/humble /usr/bin/cmake /home/odyssey/Desktop/final-project/crazyflie_mapping_demo/ros2_ws/src/crazyflie_ros2_multiranger/crazyflie_ros2_multiranger_bringup -DBUILD_TESTING=ON -DCMAKE_INSTALL_PREFIX=/home/odyssey/Desktop/final-project/crazyflie_mapping_demo/ros2_ws/install/crazyflie_ros2_multiranger_bringup
[0.124s] -- The C compiler identification is GNU 11.4.0
[0.233s] -- The CXX compiler identification is GNU 11.4.0
[0.244s] -- Detecting C compiler ABI info
[0.365s] -- Detecting C compiler ABI info - done
[0.384s] -- Check for working C compiler: /usr/bin/cc - skipped
[0.384s] -- Detecting C compile features
[0.384s] -- Detecting C compile features - done
[0.391s] -- Detecting CXX compiler ABI info
[0.493s] -- Detecting CXX compiler ABI info - done
[0.512s] -- Check for working CXX compiler: /usr/bin/c++ - skipped
[0.513s] -- Detecting CXX compile features
[0.513s] -- Detecting CXX compile features - done
[0.513s] -- Found ament_cmake: 1.3.12 (/opt/ros/humble/share/ament_cmake/cmake)
[0.767s] -- Found Python3: /usr/bin/python3 (found version "3.10.12") found components: Interpreter 
[0.900s] -- Found ros_gz_crazyflie_bringup: 0.0.0 (/home/odyssey/Desktop/final-project/crazyflie_mapping_demo/ros2_ws/install/ros_gz_crazyflie_bringup/share/ros_gz_crazyflie_bringup/cmake)
[0.903s] -- Found ament_lint_auto: 0.12.14 (/opt/ros/humble/share/ament_lint_auto/cmake)
[0.993s] -- Configuring done
[0.997s] -- Generating done
[1.000s] -- Build files have been written to: /home/odyssey/Desktop/final-project/crazyflie_mapping_demo/ros2_ws/build/crazyflie_ros2_multiranger_bringup
[1.008s] Invoked command in '/home/odyssey/Desktop/final-project/crazyflie_mapping_demo/ros2_ws/build/crazyflie_ros2_multiranger_bringup' returned '0': AMENT_PREFIX_PATH=/home/odyssey/Desktop/final-project/crazyflie_mapping_demo/ros2_ws/install/ros_gz_crazyflie_bringup:/home/odyssey/Desktop/final-project/crazyflie_mapping_demo/ros2_ws/install/ros_gz_crazyflie_gazebo:${AMENT_PREFIX_PATH} CMAKE_PREFIX_PATH=/home/odyssey/Desktop/final-project/crazyflie_mapping_demo/ros2_ws/install/ros_gz_crazyflie_bringup:/home/odyssey/Desktop/final-project/crazyflie_mapping_demo/ros2_ws/install/ros_gz_crazyflie_gazebo:/opt/ros/humble /usr/bin/cmake /home/odyssey/Desktop/final-project/crazyflie_mapping_demo/ros2_ws/src/crazyflie_ros2_multiranger/crazyflie_ros2_multiranger_bringup -DBUILD_TESTING=ON -DCMAKE_INSTALL_PREFIX=/home/odyssey/Desktop/final-project/crazyflie_mapping_demo/ros2_ws/install/crazyflie_ros2_multiranger_bringup
[1.010s] Invoking command in '/home/odyssey/Desktop/final-project/crazyflie_mapping_demo/ros2_ws/build/crazyflie_ros2_multiranger_bringup': AMENT_PREFIX_PATH=/home/odyssey/Desktop/final-project/crazyflie_mapping_demo/ros2_ws/install/ros_gz_crazyflie_bringup:/home/odyssey/Desktop/final-project/crazyflie_mapping_demo/ros2_ws/install/ros_gz_crazyflie_gazebo:${AMENT_PREFIX_PATH} CMAKE_PREFIX_PATH=/home/odyssey/Desktop/final-project/crazyflie_mapping_demo/ros2_ws/install/ros_gz_crazyflie_bringup:/home/odyssey/Desktop/final-project/crazyflie_mapping_demo/ros2_ws/install/ros_gz_crazyflie_gazebo:/opt/ros/humble /usr/bin/cmake --build /home/odyssey/Desktop/final-project/crazyflie_mapping_demo/ros2_ws/build/crazyflie_ros2_multiranger_bringup -- -j2 -l2
[1.073s] Invoked command in '/home/odyssey/Desktop/final-project/crazyflie_mapping_demo/ros2_ws/build/crazyflie_ros2_multiranger_bringup' returned '0': AMENT_PREFIX_PATH=/home/odyssey/Desktop/final-project/crazyflie_mapping_demo/ros2_ws/install/ros_gz_crazyflie_bringup:/home/odyssey/Desktop/final-project/crazyflie_mapping_demo/ros2_ws/install/ros_gz_crazyflie_gazebo:${AMENT_PREFIX_PATH} CMAKE_PREFIX_PATH=/home/odyssey/Desktop/final-project/crazyflie_mapping_demo/ros2_ws/install/ros_gz_crazyflie_bringup:/home/odyssey/Desktop/final-project/crazyflie_mapping_demo/ros2_ws/install/ros_gz_crazyflie_gazebo:/opt/ros/humble /usr/bin/cmake --build /home/odyssey/Desktop/final-project/crazyflie_mapping_demo/ros2_ws/build/crazyflie_ros2_multiranger_bringup -- -j2 -l2
[1.078s] Invoking command in '/home/odyssey/Desktop/final-project/crazyflie_mapping_demo/ros2_ws/build/crazyflie_ros2_multiranger_bringup': AMENT_PREFIX_PATH=/home/odyssey/Desktop/final-project/crazyflie_mapping_demo/ros2_ws/install/ros_gz_crazyflie_bringup:/home/odyssey/Desktop/final-project/crazyflie_mapping_demo/ros2_ws/install/ros_gz_crazyflie_gazebo:${AMENT_PREFIX_PATH} CMAKE_PREFIX_PATH=/home/odyssey/Desktop/final-project/crazyflie_mapping_demo/ros2_ws/install/ros_gz_crazyflie_bringup:/home/odyssey/Desktop/final-project/crazyflie_mapping_demo/ros2_ws/install/ros_gz_crazyflie_gazebo:/opt/ros/humble /usr/bin/cmake --install /home/odyssey/Desktop/final-project/crazyflie_mapping_demo/ros2_ws/build/crazyflie_ros2_multiranger_bringup
[1.097s] -- Install configuration: ""
[1.097s] -- Installing: /home/odyssey/Desktop/final-project/crazyflie_mapping_demo/ros2_ws/install/crazyflie_ros2_multiranger_bringup/share/crazyflie_ros2_multiranger_bringup//launch
[1.098s] -- Installing: /home/odyssey/Desktop/final-project/crazyflie_mapping_demo/ros2_ws/install/crazyflie_ros2_multiranger_bringup/share/crazyflie_ros2_multiranger_bringup//launch/wall_follower_mapper_real.launch.py
[1.098s] -- Installing: /home/odyssey/Desktop/final-project/crazyflie_mapping_demo/ros2_ws/install/crazyflie_ros2_multiranger_bringup/share/crazyflie_ros2_multiranger_bringup//launch/simple_mapper_real.launch.py
[1.101s] -- Installing: /home/odyssey/Desktop/final-project/crazyflie_mapping_demo/ros2_ws/install/crazyflie_ros2_multiranger_bringup/share/crazyflie_ros2_multiranger_bringup//launch/simple_mapper_simulation.launch.py
[1.101s] -- Installing: /home/odyssey/Desktop/final-project/crazyflie_mapping_demo/ros2_ws/install/crazyflie_ros2_multiranger_bringup/share/crazyflie_ros2_multiranger_bringup//launch/wall_follower_mapper_simulation.launch.py
[1.101s] -- Installing: /home/odyssey/Desktop/final-project/crazyflie_mapping_demo/ros2_ws/install/crazyflie_ros2_multiranger_bringup/share/crazyflie_ros2_multiranger_bringup//config
[1.101s] -- Installing: /home/odyssey/Desktop/final-project/crazyflie_mapping_demo/ros2_ws/install/crazyflie_ros2_multiranger_bringup/share/crazyflie_ros2_multiranger_bringup//config/real_mapping.rviz
[1.101s] -- Installing: /home/odyssey/Desktop/final-project/crazyflie_mapping_demo/ros2_ws/install/crazyflie_ros2_multiranger_bringup/share/crazyflie_ros2_multiranger_bringup//config/crazyflie_real_crazyswarm2.yaml
[1.102s] -- Installing: /home/odyssey/Desktop/final-project/crazyflie_mapping_demo/ros2_ws/install/crazyflie_ros2_multiranger_bringup/share/crazyflie_ros2_multiranger_bringup//config/sim_mapping.rviz
[1.102s] -- Installing: /home/odyssey/Desktop/final-project/crazyflie_mapping_demo/ros2_ws/install/crazyflie_ros2_multiranger_bringup/share/ament_index/resource_index/package_run_dependencies/crazyflie_ros2_multiranger_bringup
[1.102s] -- Installing: /home/odyssey/Desktop/final-project/crazyflie_mapping_demo/ros2_ws/install/crazyflie_ros2_multiranger_bringup/share/ament_index/resource_index/parent_prefix_path/crazyflie_ros2_multiranger_bringup
[1.102s] -- Installing: /home/odyssey/Desktop/final-project/crazyflie_mapping_demo/ros2_ws/install/crazyflie_ros2_multiranger_bringup/share/crazyflie_ros2_multiranger_bringup/environment/ament_prefix_path.sh
[1.102s] -- Installing: /home/odyssey/Desktop/final-project/crazyflie_mapping_demo/ros2_ws/install/crazyflie_ros2_multiranger_bringup/share/crazyflie_ros2_multiranger_bringup/environment/ament_prefix_path.dsv
[1.102s] -- Installing: /home/odyssey/Desktop/final-project/crazyflie_mapping_demo/ros2_ws/install/crazyflie_ros2_multiranger_bringup/share/crazyflie_ros2_multiranger_bringup/environment/path.sh
[1.102s] -- Installing: /home/odyssey/Desktop/final-project/crazyflie_mapping_demo/ros2_ws/install/crazyflie_ros2_multiranger_bringup/share/crazyflie_ros2_multiranger_bringup/environment/path.dsv
[1.102s] -- Installing: /home/odyssey/Desktop/final-project/crazyflie_mapping_demo/ros2_ws/install/crazyflie_ros2_multiranger_bringup/share/crazyflie_ros2_multiranger_bringup/local_setup.bash
[1.102s] -- Installing: /home/odyssey/Desktop/final-project/crazyflie_mapping_demo/ros2_ws/install/crazyflie_ros2_multiranger_bringup/share/crazyflie_ros2_multiranger_bringup/local_setup.sh
[1.102s] -- Installing: /home/odyssey/Desktop/final-project/crazyflie_mapping_demo/ros2_ws/install/crazyflie_ros2_multiranger_bringup/share/crazyflie_ros2_multiranger_bringup/local_setup.zsh
[1.102s] -- Installing: /home/odyssey/Desktop/final-project/crazyflie_mapping_demo/ros2_ws/install/crazyflie_ros2_multiranger_bringup/share/crazyflie_ros2_multiranger_bringup/local_setup.dsv
[1.104s] -- Installing: /home/odyssey/Desktop/final-project/crazyflie_mapping_demo/ros2_ws/install/crazyflie_ros2_multiranger_bringup/share/crazyflie_ros2_multiranger_bringup/package.dsv
[1.105s] -- Installing: /home/odyssey/Desktop/final-project/crazyflie_mapping_demo/ros2_ws/install/crazyflie_ros2_multiranger_bringup/share/ament_index/resource_index/packages/crazyflie_ros2_multiranger_bringup
[1.105s] -- Installing: /home/odyssey/Desktop/final-project/crazyflie_mapping_demo/ros2_ws/install/crazyflie_ros2_multiranger_bringup/share/crazyflie_ros2_multiranger_bringup/cmake/crazyflie_ros2_multiranger_bringupConfig.cmake
[1.105s] -- Installing: /home/odyssey/Desktop/final-project/crazyflie_mapping_demo/ros2_ws/install/crazyflie_ros2_multiranger_bringup/share/crazyflie_ros2_multiranger_bringup/cmake/crazyflie_ros2_multiranger_bringupConfig-version.cmake
[1.105s] -- Installing: /home/odyssey/Desktop/final-project/crazyflie_mapping_demo/ros2_ws/install/crazyflie_ros2_multiranger_bringup/share/crazyflie_ros2_multiranger_bringup/package.xml
[1.107s] Invoked command in '/home/odyssey/Desktop/final-project/crazyflie_mapping_demo/ros2_ws/build/crazyflie_ros2_multiranger_bringup' returned '0': AMENT_PREFIX_PATH=/home/odyssey/Desktop/final-project/crazyflie_mapping_demo/ros2_ws/install/ros_gz_crazyflie_bringup:/home/odyssey/Desktop/final-project/crazyflie_mapping_demo/ros2_ws/install/ros_gz_crazyflie_gazebo:${AMENT_PREFIX_PATH} CMAKE_PREFIX_PATH=/home/odyssey/Desktop/final-project/crazyflie_mapping_demo/ros2_ws/install/ros_gz_crazyflie_bringup:/home/odyssey/Desktop/final-project/crazyflie_mapping_demo/ros2_ws/install/ros_gz_crazyflie_gazebo:/opt/ros/humble /usr/bin/cmake --install /home/odyssey/Desktop/final-project/crazyflie_mapping_demo/ros2_ws/build/crazyflie_ros2_multiranger_bringup
