[0.470s] Invoking command in '/home/odyssey/final-project/crazyflie_mapping_demo/ros2_ws/src/crazyswarm2/crazyflie_py': AMENT_PREFIX_PATH=/home/odyssey/final-project/crazyflie_mapping_demo/ros2_ws/install/crazyflie_interfaces:${AMENT_PREFIX_PATH} CMAKE_PREFIX_PATH=/home/odyssey/final-project/crazyflie_mapping_demo/ros2_ws/install/crazyflie_interfaces LD_LIBRARY_PATH=/home/odyssey/final-project/crazyflie_mapping_demo/ros2_ws/install/crazyflie_interfaces/lib:${LD_LIBRARY_PATH} PYTHONPATH=/home/odyssey/final-project/crazyflie_mapping_demo/ros2_ws/build/crazyflie_py/prefix_override:/usr/lib/python3/dist-packages/colcon_core/task/python/colcon_distutils_commands:/home/odyssey/final-project/crazyflie_mapping_demo/ros2_ws/install/crazyflie_py/lib/python3.10/site-packages:/home/odyssey/final-project/crazyflie_mapping_demo/ros2_ws/install/crazyflie_interfaces/local/lib/python3.10/dist-packages:${PYTHONPATH} /usr/bin/python3 -W ignore:setup.py install is deprecated -W ignore:easy_install command is deprecated setup.py egg_info --egg-base ../../../build/crazyflie_py build --build-base /home/odyssey/final-project/crazyflie_mapping_demo/ros2_ws/build/crazyflie_py/build install --record /home/odyssey/final-project/crazyflie_mapping_demo/ros2_ws/build/crazyflie_py/install.log --single-version-externally-managed install_data
[0.797s] running egg_info
[0.797s] creating ../../../build/crazyflie_py/crazyflie_py.egg-info
[0.797s] writing ../../../build/crazyflie_py/crazyflie_py.egg-info/PKG-INFO
[0.797s] writing dependency_links to ../../../build/crazyflie_py/crazyflie_py.egg-info/dependency_links.txt
[0.797s] writing entry points to ../../../build/crazyflie_py/crazyflie_py.egg-info/entry_points.txt
[0.797s] writing requirements to ../../../build/crazyflie_py/crazyflie_py.egg-info/requires.txt
[0.797s] writing top-level names to ../../../build/crazyflie_py/crazyflie_py.egg-info/top_level.txt
[0.797s] writing manifest file '../../../build/crazyflie_py/crazyflie_py.egg-info/SOURCES.txt'
[0.800s] reading manifest file '../../../build/crazyflie_py/crazyflie_py.egg-info/SOURCES.txt'
[0.800s] writing manifest file '../../../build/crazyflie_py/crazyflie_py.egg-info/SOURCES.txt'
[0.805s] running build
[0.805s] running build_py
[0.805s] creating /home/odyssey/final-project/crazyflie_mapping_demo/ros2_ws/build/crazyflie_py/build
[0.806s] creating /home/odyssey/final-project/crazyflie_mapping_demo/ros2_ws/build/crazyflie_py/build/lib
[0.806s] creating /home/odyssey/final-project/crazyflie_mapping_demo/ros2_ws/build/crazyflie_py/build/lib/crazyflie_py
[0.806s] copying crazyflie_py/util.py -> /home/odyssey/final-project/crazyflie_mapping_demo/ros2_ws/build/crazyflie_py/build/lib/crazyflie_py
[0.807s] copying crazyflie_py/crazyflie.py -> /home/odyssey/final-project/crazyflie_mapping_demo/ros2_ws/build/crazyflie_py/build/lib/crazyflie_py
[0.807s] copying crazyflie_py/linuxjsdev.py -> /home/odyssey/final-project/crazyflie_mapping_demo/ros2_ws/build/crazyflie_py/build/lib/crazyflie_py
[0.807s] copying crazyflie_py/__init__.py -> /home/odyssey/final-project/crazyflie_mapping_demo/ros2_ws/build/crazyflie_py/build/lib/crazyflie_py
[0.807s] copying crazyflie_py/keyboard.py -> /home/odyssey/final-project/crazyflie_mapping_demo/ros2_ws/build/crazyflie_py/build/lib/crazyflie_py
[0.808s] copying crazyflie_py/uav_trajectory.py -> /home/odyssey/final-project/crazyflie_mapping_demo/ros2_ws/build/crazyflie_py/build/lib/crazyflie_py
[0.808s] copying crazyflie_py/joystick.py -> /home/odyssey/final-project/crazyflie_mapping_demo/ros2_ws/build/crazyflie_py/build/lib/crazyflie_py
[0.810s] copying crazyflie_py/crazyswarm_py.py -> /home/odyssey/final-project/crazyflie_mapping_demo/ros2_ws/build/crazyflie_py/build/lib/crazyflie_py
[0.810s] copying crazyflie_py/genericJoystick.py -> /home/odyssey/final-project/crazyflie_mapping_demo/ros2_ws/build/crazyflie_py/build/lib/crazyflie_py
[0.810s] running install
[0.810s] running install_lib
[0.814s] creating /home/odyssey/final-project/crazyflie_mapping_demo/ros2_ws/install/crazyflie_py/lib/python3.10/site-packages/crazyflie_py
[0.814s] copying /home/odyssey/final-project/crazyflie_mapping_demo/ros2_ws/build/crazyflie_py/build/lib/crazyflie_py/util.py -> /home/odyssey/final-project/crazyflie_mapping_demo/ros2_ws/install/crazyflie_py/lib/python3.10/site-packages/crazyflie_py
[0.814s] copying /home/odyssey/final-project/crazyflie_mapping_demo/ros2_ws/build/crazyflie_py/build/lib/crazyflie_py/crazyflie.py -> /home/odyssey/final-project/crazyflie_mapping_demo/ros2_ws/install/crazyflie_py/lib/python3.10/site-packages/crazyflie_py
[0.814s] copying /home/odyssey/final-project/crazyflie_mapping_demo/ros2_ws/build/crazyflie_py/build/lib/crazyflie_py/linuxjsdev.py -> /home/odyssey/final-project/crazyflie_mapping_demo/ros2_ws/install/crazyflie_py/lib/python3.10/site-packages/crazyflie_py
[0.814s] copying /home/odyssey/final-project/crazyflie_mapping_demo/ros2_ws/build/crazyflie_py/build/lib/crazyflie_py/__init__.py -> /home/odyssey/final-project/crazyflie_mapping_demo/ros2_ws/install/crazyflie_py/lib/python3.10/site-packages/crazyflie_py
[0.814s] copying /home/odyssey/final-project/crazyflie_mapping_demo/ros2_ws/build/crazyflie_py/build/lib/crazyflie_py/keyboard.py -> /home/odyssey/final-project/crazyflie_mapping_demo/ros2_ws/install/crazyflie_py/lib/python3.10/site-packages/crazyflie_py
[0.815s] copying /home/odyssey/final-project/crazyflie_mapping_demo/ros2_ws/build/crazyflie_py/build/lib/crazyflie_py/uav_trajectory.py -> /home/odyssey/final-project/crazyflie_mapping_demo/ros2_ws/install/crazyflie_py/lib/python3.10/site-packages/crazyflie_py
[0.815s] copying /home/odyssey/final-project/crazyflie_mapping_demo/ros2_ws/build/crazyflie_py/build/lib/crazyflie_py/joystick.py -> /home/odyssey/final-project/crazyflie_mapping_demo/ros2_ws/install/crazyflie_py/lib/python3.10/site-packages/crazyflie_py
[0.815s] copying /home/odyssey/final-project/crazyflie_mapping_demo/ros2_ws/build/crazyflie_py/build/lib/crazyflie_py/crazyswarm_py.py -> /home/odyssey/final-project/crazyflie_mapping_demo/ros2_ws/install/crazyflie_py/lib/python3.10/site-packages/crazyflie_py
[0.815s] copying /home/odyssey/final-project/crazyflie_mapping_demo/ros2_ws/build/crazyflie_py/build/lib/crazyflie_py/genericJoystick.py -> /home/odyssey/final-project/crazyflie_mapping_demo/ros2_ws/install/crazyflie_py/lib/python3.10/site-packages/crazyflie_py
[0.815s] byte-compiling /home/odyssey/final-project/crazyflie_mapping_demo/ros2_ws/install/crazyflie_py/lib/python3.10/site-packages/crazyflie_py/util.py to util.cpython-310.pyc
[0.815s] byte-compiling /home/odyssey/final-project/crazyflie_mapping_demo/ros2_ws/install/crazyflie_py/lib/python3.10/site-packages/crazyflie_py/crazyflie.py to crazyflie.cpython-310.pyc
[0.820s] byte-compiling /home/odyssey/final-project/crazyflie_mapping_demo/ros2_ws/install/crazyflie_py/lib/python3.10/site-packages/crazyflie_py/linuxjsdev.py to linuxjsdev.cpython-310.pyc
[0.820s] byte-compiling /home/odyssey/final-project/crazyflie_mapping_demo/ros2_ws/install/crazyflie_py/lib/python3.10/site-packages/crazyflie_py/__init__.py to __init__.cpython-310.pyc
[0.820s] byte-compiling /home/odyssey/final-project/crazyflie_mapping_demo/ros2_ws/install/crazyflie_py/lib/python3.10/site-packages/crazyflie_py/keyboard.py to keyboard.cpython-310.pyc
[0.821s] byte-compiling /home/odyssey/final-project/crazyflie_mapping_demo/ros2_ws/install/crazyflie_py/lib/python3.10/site-packages/crazyflie_py/uav_trajectory.py to uav_trajectory.cpython-310.pyc
[0.826s] byte-compiling /home/odyssey/final-project/crazyflie_mapping_demo/ros2_ws/install/crazyflie_py/lib/python3.10/site-packages/crazyflie_py/joystick.py to joystick.cpython-310.pyc
[0.826s] byte-compiling /home/odyssey/final-project/crazyflie_mapping_demo/ros2_ws/install/crazyflie_py/lib/python3.10/site-packages/crazyflie_py/crazyswarm_py.py to crazyswarm_py.cpython-310.pyc
[0.826s] byte-compiling /home/odyssey/final-project/crazyflie_mapping_demo/ros2_ws/install/crazyflie_py/lib/python3.10/site-packages/crazyflie_py/genericJoystick.py to genericJoystick.cpython-310.pyc
[0.826s] running install_data
[0.826s] creating /home/odyssey/final-project/crazyflie_mapping_demo/ros2_ws/install/crazyflie_py/share/ament_index
[0.826s] creating /home/odyssey/final-project/crazyflie_mapping_demo/ros2_ws/install/crazyflie_py/share/ament_index/resource_index
[0.826s] creating /home/odyssey/final-project/crazyflie_mapping_demo/ros2_ws/install/crazyflie_py/share/ament_index/resource_index/packages
[0.826s] copying resource/crazyflie_py -> /home/odyssey/final-project/crazyflie_mapping_demo/ros2_ws/install/crazyflie_py/share/ament_index/resource_index/packages
[0.826s] copying package.xml -> /home/odyssey/final-project/crazyflie_mapping_demo/ros2_ws/install/crazyflie_py/share/crazyflie_py
[0.826s] running install_egg_info
[0.830s] Copying ../../../build/crazyflie_py/crazyflie_py.egg-info to /home/odyssey/final-project/crazyflie_mapping_demo/ros2_ws/install/crazyflie_py/lib/python3.10/site-packages/crazyflie_py-1.0.3-py3.10.egg-info
[0.831s] running install_scripts
[0.847s] writing list of installed files to '/home/odyssey/final-project/crazyflie_mapping_demo/ros2_ws/build/crazyflie_py/install.log'
[0.870s] Invoked command in '/home/odyssey/final-project/crazyflie_mapping_demo/ros2_ws/src/crazyswarm2/crazyflie_py' returned '0': AMENT_PREFIX_PATH=/home/odyssey/final-project/crazyflie_mapping_demo/ros2_ws/install/crazyflie_interfaces:${AMENT_PREFIX_PATH} CMAKE_PREFIX_PATH=/home/odyssey/final-project/crazyflie_mapping_demo/ros2_ws/install/crazyflie_interfaces LD_LIBRARY_PATH=/home/odyssey/final-project/crazyflie_mapping_demo/ros2_ws/install/crazyflie_interfaces/lib:${LD_LIBRARY_PATH} PYTHONPATH=/home/odyssey/final-project/crazyflie_mapping_demo/ros2_ws/build/crazyflie_py/prefix_override:/usr/lib/python3/dist-packages/colcon_core/task/python/colcon_distutils_commands:/home/odyssey/final-project/crazyflie_mapping_demo/ros2_ws/install/crazyflie_py/lib/python3.10/site-packages:/home/odyssey/final-project/crazyflie_mapping_demo/ros2_ws/install/crazyflie_interfaces/local/lib/python3.10/dist-packages:${PYTHONPATH} /usr/bin/python3 -W ignore:setup.py install is deprecated -W ignore:easy_install command is deprecated setup.py egg_info --egg-base ../../../build/crazyflie_py build --build-base /home/odyssey/final-project/crazyflie_mapping_demo/ros2_ws/build/crazyflie_py/build install --record /home/odyssey/final-project/crazyflie_mapping_demo/ros2_ws/build/crazyflie_py/install.log --single-version-externally-managed install_data
