[0.022s] Invoking command in '/home/odyssey/Desktop/final-project/crazyflie_mapping_demo/ros2_ws/build/ros_gz_crazyflie_gazebo': CMAKE_PREFIX_PATH=/opt/ros/humble /usr/bin/cmake /home/odyssey/Desktop/final-project/crazyflie_mapping_demo/ros2_ws/src/ros_gz_crazyflie/ros_gz_crazyflie_gazebo -DBUILD_TESTING=ON -DCMAKE_INSTALL_PREFIX=/home/odyssey/Desktop/final-project/crazyflie_mapping_demo/ros2_ws/install/ros_gz_crazyflie_gazebo
[0.264s] -- The C compiler identification is GNU 11.4.0
[0.405s] -- The CXX compiler identification is GNU 11.4.0
[0.422s] -- Detecting C compiler ABI info
[0.519s] -- Detecting C compiler ABI info - done
[0.526s] -- Check for working C compiler: /usr/bin/cc - skipped
[0.529s] -- Detecting C compile features
[0.530s] -- Detecting C compile features - done
[0.537s] -- Detecting CXX compiler ABI info
[0.634s] -- Detecting CXX compiler ABI info - done
[0.640s] -- Check for working CXX compiler: /usr/bin/c++ - skipped
[0.643s] -- Detecting CXX compile features
[0.643s] -- Detecting CXX compile features - done
[0.646s] -- Found ament_cmake: 1.3.12 (/opt/ros/humble/share/ament_cmake/cmake)
[0.836s] -- Found Python3: /usr/bin/python3 (found version "3.10.12") found components: Interpreter 
[0.977s] -- Found ament_lint_auto: 0.12.14 (/opt/ros/humble/share/ament_lint_auto/cmake)
[1.063s] -- Configuring done
[1.066s] -- Generating done
[1.069s] -- Build files have been written to: /home/odyssey/Desktop/final-project/crazyflie_mapping_demo/ros2_ws/build/ros_gz_crazyflie_gazebo
[1.073s] Invoked command in '/home/odyssey/Desktop/final-project/crazyflie_mapping_demo/ros2_ws/build/ros_gz_crazyflie_gazebo' returned '0': CMAKE_PREFIX_PATH=/opt/ros/humble /usr/bin/cmake /home/odyssey/Desktop/final-project/crazyflie_mapping_demo/ros2_ws/src/ros_gz_crazyflie/ros_gz_crazyflie_gazebo -DBUILD_TESTING=ON -DCMAKE_INSTALL_PREFIX=/home/odyssey/Desktop/final-project/crazyflie_mapping_demo/ros2_ws/install/ros_gz_crazyflie_gazebo
[1.078s] Invoking command in '/home/odyssey/Desktop/final-project/crazyflie_mapping_demo/ros2_ws/build/ros_gz_crazyflie_gazebo': CMAKE_PREFIX_PATH=/opt/ros/humble /usr/bin/cmake --build /home/odyssey/Desktop/final-project/crazyflie_mapping_demo/ros2_ws/build/ros_gz_crazyflie_gazebo -- -j2 -l2
[1.128s] Invoked command in '/home/odyssey/Desktop/final-project/crazyflie_mapping_demo/ros2_ws/build/ros_gz_crazyflie_gazebo' returned '0': CMAKE_PREFIX_PATH=/opt/ros/humble /usr/bin/cmake --build /home/odyssey/Desktop/final-project/crazyflie_mapping_demo/ros2_ws/build/ros_gz_crazyflie_gazebo -- -j2 -l2
[1.144s] Invoking command in '/home/odyssey/Desktop/final-project/crazyflie_mapping_demo/ros2_ws/build/ros_gz_crazyflie_gazebo': CMAKE_PREFIX_PATH=/opt/ros/humble /usr/bin/cmake --install /home/odyssey/Desktop/final-project/crazyflie_mapping_demo/ros2_ws/build/ros_gz_crazyflie_gazebo
[1.151s] -- Install configuration: ""
[1.153s] -- Installing: /home/odyssey/Desktop/final-project/crazyflie_mapping_demo/ros2_ws/install/ros_gz_crazyflie_gazebo/share/ros_gz_crazyflie_gazebo/worlds
[1.153s] -- Installing: /home/odyssey/Desktop/final-project/crazyflie_mapping_demo/ros2_ws/install/ros_gz_crazyflie_gazebo/share/ros_gz_crazyflie_gazebo/worlds/crazyflie_world.sdf
[1.153s] -- Installing: /home/odyssey/Desktop/final-project/crazyflie_mapping_demo/ros2_ws/install/ros_gz_crazyflie_gazebo/share/ament_index/resource_index/package_run_dependencies/ros_gz_crazyflie_gazebo
[1.153s] -- Installing: /home/odyssey/Desktop/final-project/crazyflie_mapping_demo/ros2_ws/install/ros_gz_crazyflie_gazebo/share/ament_index/resource_index/parent_prefix_path/ros_gz_crazyflie_gazebo
[1.153s] -- Installing: /home/odyssey/Desktop/final-project/crazyflie_mapping_demo/ros2_ws/install/ros_gz_crazyflie_gazebo/share/ros_gz_crazyflie_gazebo/environment/ament_prefix_path.sh
[1.153s] -- Installing: /home/odyssey/Desktop/final-project/crazyflie_mapping_demo/ros2_ws/install/ros_gz_crazyflie_gazebo/share/ros_gz_crazyflie_gazebo/environment/ament_prefix_path.dsv
[1.153s] -- Installing: /home/odyssey/Desktop/final-project/crazyflie_mapping_demo/ros2_ws/install/ros_gz_crazyflie_gazebo/share/ros_gz_crazyflie_gazebo/environment/path.sh
[1.153s] -- Installing: /home/odyssey/Desktop/final-project/crazyflie_mapping_demo/ros2_ws/install/ros_gz_crazyflie_gazebo/share/ros_gz_crazyflie_gazebo/environment/path.dsv
[1.153s] -- Installing: /home/odyssey/Desktop/final-project/crazyflie_mapping_demo/ros2_ws/install/ros_gz_crazyflie_gazebo/share/ros_gz_crazyflie_gazebo/local_setup.bash
[1.153s] -- Installing: /home/odyssey/Desktop/final-project/crazyflie_mapping_demo/ros2_ws/install/ros_gz_crazyflie_gazebo/share/ros_gz_crazyflie_gazebo/local_setup.sh
[1.153s] -- Installing: /home/odyssey/Desktop/final-project/crazyflie_mapping_demo/ros2_ws/install/ros_gz_crazyflie_gazebo/share/ros_gz_crazyflie_gazebo/local_setup.zsh
[1.154s] -- Installing: /home/odyssey/Desktop/final-project/crazyflie_mapping_demo/ros2_ws/install/ros_gz_crazyflie_gazebo/share/ros_gz_crazyflie_gazebo/local_setup.dsv
[1.154s] -- Installing: /home/odyssey/Desktop/final-project/crazyflie_mapping_demo/ros2_ws/install/ros_gz_crazyflie_gazebo/share/ros_gz_crazyflie_gazebo/package.dsv
[1.154s] -- Installing: /home/odyssey/Desktop/final-project/crazyflie_mapping_demo/ros2_ws/install/ros_gz_crazyflie_gazebo/share/ament_index/resource_index/packages/ros_gz_crazyflie_gazebo
[1.154s] -- Installing: /home/odyssey/Desktop/final-project/crazyflie_mapping_demo/ros2_ws/install/ros_gz_crazyflie_gazebo/share/ros_gz_crazyflie_gazebo/cmake/ros_gz_crazyflie_gazeboConfig.cmake
[1.154s] -- Installing: /home/odyssey/Desktop/final-project/crazyflie_mapping_demo/ros2_ws/install/ros_gz_crazyflie_gazebo/share/ros_gz_crazyflie_gazebo/cmake/ros_gz_crazyflie_gazeboConfig-version.cmake
[1.154s] -- Installing: /home/odyssey/Desktop/final-project/crazyflie_mapping_demo/ros2_ws/install/ros_gz_crazyflie_gazebo/share/ros_gz_crazyflie_gazebo/package.xml
[1.155s] Invoked command in '/home/odyssey/Desktop/final-project/crazyflie_mapping_demo/ros2_ws/build/ros_gz_crazyflie_gazebo' returned '0': CMAKE_PREFIX_PATH=/opt/ros/humble /usr/bin/cmake --install /home/odyssey/Desktop/final-project/crazyflie_mapping_demo/ros2_ws/build/ros_gz_crazyflie_gazebo
