[0.480s] Invoking command in '/home/odyssey/final-project/crazyflie_mapping_demo/ros2_ws/src/crazyflie_ros2_multiranger/crazyflie_ros2_multiranger_wall_following': PYTHONPATH=/home/odyssey/final-project/crazyflie_mapping_demo/ros2_ws/build/crazyflie_ros2_multiranger_wall_following/prefix_override:/usr/lib/python3/dist-packages/colcon_core/task/python/colcon_distutils_commands:/home/odyssey/final-project/crazyflie_mapping_demo/ros2_ws/install/crazyflie_ros2_multiranger_wall_following/lib/python3.10/site-packages:${PYTHONPATH} /usr/bin/python3 -W ignore:setup.py install is deprecated -W ignore:easy_install command is deprecated setup.py egg_info --egg-base ../../../build/crazyflie_ros2_multiranger_wall_following build --build-base /home/odyssey/final-project/crazyflie_mapping_demo/ros2_ws/build/crazyflie_ros2_multiranger_wall_following/build install --record /home/odyssey/final-project/crazyflie_mapping_demo/ros2_ws/build/crazyflie_ros2_multiranger_wall_following/install.log --single-version-externally-managed install_data
[0.685s] running egg_info
[0.686s] writing ../../../build/crazyflie_ros2_multiranger_wall_following/crazyflie_ros2_multiranger_wall_following.egg-info/PKG-INFO
[0.689s] writing dependency_links to ../../../build/crazyflie_ros2_multiranger_wall_following/crazyflie_ros2_multiranger_wall_following.egg-info/dependency_links.txt
[0.689s] writing entry points to ../../../build/crazyflie_ros2_multiranger_wall_following/crazyflie_ros2_multiranger_wall_following.egg-info/entry_points.txt
[0.689s] writing requirements to ../../../build/crazyflie_ros2_multiranger_wall_following/crazyflie_ros2_multiranger_wall_following.egg-info/requires.txt
[0.689s] writing top-level names to ../../../build/crazyflie_ros2_multiranger_wall_following/crazyflie_ros2_multiranger_wall_following.egg-info/top_level.txt
[0.689s] reading manifest file '../../../build/crazyflie_ros2_multiranger_wall_following/crazyflie_ros2_multiranger_wall_following.egg-info/SOURCES.txt'
[0.689s] writing manifest file '../../../build/crazyflie_ros2_multiranger_wall_following/crazyflie_ros2_multiranger_wall_following.egg-info/SOURCES.txt'
[0.690s] running build
[0.690s] running build_py
[0.691s] running install
[0.691s] running install_lib
[0.693s] running install_data
[0.694s] running install_egg_info
[0.698s] removing '/home/odyssey/final-project/crazyflie_mapping_demo/ros2_ws/install/crazyflie_ros2_multiranger_wall_following/lib/python3.10/site-packages/crazyflie_ros2_multiranger_wall_following-0.0.0-py3.10.egg-info' (and everything under it)
[0.698s] Copying ../../../build/crazyflie_ros2_multiranger_wall_following/crazyflie_ros2_multiranger_wall_following.egg-info to /home/odyssey/final-project/crazyflie_mapping_demo/ros2_ws/install/crazyflie_ros2_multiranger_wall_following/lib/python3.10/site-packages/crazyflie_ros2_multiranger_wall_following-0.0.0-py3.10.egg-info
[0.698s] running install_scripts
[0.716s] Installing wall_following_multiranger script to /home/odyssey/final-project/crazyflie_mapping_demo/ros2_ws/install/crazyflie_ros2_multiranger_wall_following/lib/crazyflie_ros2_multiranger_wall_following
[0.718s] writing list of installed files to '/home/odyssey/final-project/crazyflie_mapping_demo/ros2_ws/build/crazyflie_ros2_multiranger_wall_following/install.log'
[0.757s] Invoked command in '/home/odyssey/final-project/crazyflie_mapping_demo/ros2_ws/src/crazyflie_ros2_multiranger/crazyflie_ros2_multiranger_wall_following' returned '0': PYTHONPATH=/home/odyssey/final-project/crazyflie_mapping_demo/ros2_ws/build/crazyflie_ros2_multiranger_wall_following/prefix_override:/usr/lib/python3/dist-packages/colcon_core/task/python/colcon_distutils_commands:/home/odyssey/final-project/crazyflie_mapping_demo/ros2_ws/install/crazyflie_ros2_multiranger_wall_following/lib/python3.10/site-packages:${PYTHONPATH} /usr/bin/python3 -W ignore:setup.py install is deprecated -W ignore:easy_install command is deprecated setup.py egg_info --egg-base ../../../build/crazyflie_ros2_multiranger_wall_following build --build-base /home/odyssey/final-project/crazyflie_mapping_demo/ros2_ws/build/crazyflie_ros2_multiranger_wall_following/build install --record /home/odyssey/final-project/crazyflie_mapping_demo/ros2_ws/build/crazyflie_ros2_multiranger_wall_following/install.log --single-version-externally-managed install_data
