[1.402s] Invoking command in '/home/odyssey/final-project/crazyflie_mapping_demo/ros2_ws/src/cf-gz/ros_gz_crazyflie_control': PYTHONPATH=/home/odyssey/final-project/crazyflie_mapping_demo/ros2_ws/build/ros_gz_crazyflie_control/prefix_override:/usr/lib/python3/dist-packages/colcon_core/task/python/colcon_distutils_commands:/home/odyssey/final-project/crazyflie_mapping_demo/ros2_ws/install/ros_gz_crazyflie_control/lib/python3.10/site-packages:${PYTHONPATH} /usr/bin/python3 -W ignore:setup.py install is deprecated -W ignore:easy_install command is deprecated setup.py egg_info --egg-base ../../../build/ros_gz_crazyflie_control build --build-base /home/odyssey/final-project/crazyflie_mapping_demo/ros2_ws/build/ros_gz_crazyflie_control/build install --record /home/odyssey/final-project/crazyflie_mapping_demo/ros2_ws/build/ros_gz_crazyflie_control/install.log --single-version-externally-managed install_data
[1.988s] running egg_info
[1.989s] writing ../../../build/ros_gz_crazyflie_control/ros_gz_crazyflie_control.egg-info/PKG-INFO
[1.990s] writing dependency_links to ../../../build/ros_gz_crazyflie_control/ros_gz_crazyflie_control.egg-info/dependency_links.txt
[1.990s] writing entry points to ../../../build/ros_gz_crazyflie_control/ros_gz_crazyflie_control.egg-info/entry_points.txt
[1.990s] writing requirements to ../../../build/ros_gz_crazyflie_control/ros_gz_crazyflie_control.egg-info/requires.txt
[1.990s] writing top-level names to ../../../build/ros_gz_crazyflie_control/ros_gz_crazyflie_control.egg-info/top_level.txt
[1.998s] reading manifest file '../../../build/ros_gz_crazyflie_control/ros_gz_crazyflie_control.egg-info/SOURCES.txt'
[2.001s] writing manifest file '../../../build/ros_gz_crazyflie_control/ros_gz_crazyflie_control.egg-info/SOURCES.txt'
[2.001s] running build
[2.001s] running build_py
[2.001s] running install
[2.001s] running install_lib
[2.006s] running install_data
[2.006s] running install_egg_info
[2.008s] removing '/home/odyssey/final-project/crazyflie_mapping_demo/ros2_ws/install/ros_gz_crazyflie_control/lib/python3.10/site-packages/ros_gz_crazyflie_control-0.0.0-py3.10.egg-info' (and everything under it)
[2.012s] Copying ../../../build/ros_gz_crazyflie_control/ros_gz_crazyflie_control.egg-info to /home/odyssey/final-project/crazyflie_mapping_demo/ros2_ws/install/ros_gz_crazyflie_control/lib/python3.10/site-packages/ros_gz_crazyflie_control-0.0.0-py3.10.egg-info
[2.016s] running install_scripts
[2.061s] Installing control_services script to /home/odyssey/final-project/crazyflie_mapping_demo/ros2_ws/install/ros_gz_crazyflie_control/lib/ros_gz_crazyflie_control
[2.061s] writing list of installed files to '/home/odyssey/final-project/crazyflie_mapping_demo/ros2_ws/build/ros_gz_crazyflie_control/install.log'
[2.102s] Invoked command in '/home/odyssey/final-project/crazyflie_mapping_demo/ros2_ws/src/cf-gz/ros_gz_crazyflie_control' returned '0': PYTHONPATH=/home/odyssey/final-project/crazyflie_mapping_demo/ros2_ws/build/ros_gz_crazyflie_control/prefix_override:/usr/lib/python3/dist-packages/colcon_core/task/python/colcon_distutils_commands:/home/odyssey/final-project/crazyflie_mapping_demo/ros2_ws/install/ros_gz_crazyflie_control/lib/python3.10/site-packages:${PYTHONPATH} /usr/bin/python3 -W ignore:setup.py install is deprecated -W ignore:easy_install command is deprecated setup.py egg_info --egg-base ../../../build/ros_gz_crazyflie_control build --build-base /home/odyssey/final-project/crazyflie_mapping_demo/ros2_ws/build/ros_gz_crazyflie_control/build install --record /home/odyssey/final-project/crazyflie_mapping_demo/ros2_ws/build/ros_gz_crazyflie_control/install.log --single-version-externally-managed install_data
